[2021-09-27 15:00:03,842] {taskinstance.py:903} INFO - Dependencies all met for <TaskInstance: my_dag.say_hello 2021-09-27T14:50:00+00:00 [queued]>
[2021-09-27 15:00:03,937] {taskinstance.py:903} INFO - Dependencies all met for <TaskInstance: my_dag.say_hello 2021-09-27T14:50:00+00:00 [queued]>
[2021-09-27 15:00:03,939] {taskinstance.py:1095} INFO - 
--------------------------------------------------------------------------------
[2021-09-27 15:00:03,941] {taskinstance.py:1096} INFO - Starting attempt 1 of 1
[2021-09-27 15:00:03,942] {taskinstance.py:1097} INFO - 
--------------------------------------------------------------------------------
[2021-09-27 15:00:04,117] {taskinstance.py:1115} INFO - Executing <Task(PythonOperator): say_hello> on 2021-09-27T14:50:00+00:00
[2021-09-27 15:00:04,168] {standard_task_runner.py:52} INFO - Started process 16407 to run task
[2021-09-27 15:00:04,274] {standard_task_runner.py:76} INFO - Running: ['***', 'tasks', 'run', 'my_dag', 'say_hello', '2021-09-27T14:50:00+00:00', '--job-id', '87', '--pool', 'default_pool', '--raw', '--subdir', 'DAGS_FOLDER/my_dag.py', '--cfg-path', '/tmp/tmpbrbfjjqs', '--error-file', '/tmp/tmpwhgkppq9']
[2021-09-27 15:00:04,427] {standard_task_runner.py:77} INFO - Job 87: Subtask say_hello
[2021-09-27 15:00:05,608] {logging_mixin.py:109} INFO - Running <TaskInstance: my_dag.say_hello 2021-09-27T14:50:00+00:00 [running]> on host 196580edc338
[2021-09-27 15:00:07,077] {taskinstance.py:1254} INFO - Exporting the following env vars:
AIRFLOW_CTX_DAG_OWNER=Attasil Chitwirote
AIRFLOW_CTX_DAG_ID=my_dag
AIRFLOW_CTX_TASK_ID=say_hello
AIRFLOW_CTX_EXECUTION_DATE=2021-09-27T14:50:00+00:00
AIRFLOW_CTX_DAG_RUN_ID=scheduled__2021-09-27T14:50:00+00:00
[2021-09-27 15:00:07,080] {my_dag.py:9} INFO - Hello SAKSIAM.
[2021-09-27 15:00:07,084] {python.py:151} INFO - Done. Returned value was: None
[2021-09-27 15:00:07,173] {taskinstance.py:1219} INFO - Marking task as SUCCESS. dag_id=my_dag, task_id=say_hello, execution_date=20210927T145000, start_date=20210927T150003, end_date=20210927T150007
[2021-09-27 15:00:07,318] {local_task_job.py:151} INFO - Task exited with return code 0
[2021-09-27 15:00:07,671] {local_task_job.py:261} INFO - 0 downstream tasks scheduled from follow-on schedule check
