[2021-09-27 14:08:55,368] {taskinstance.py:903} INFO - Dependencies all met for <TaskInstance: example_bash_operator.runme_0 2021-09-25T00:00:00+00:00 [queued]>
[2021-09-27 14:08:55,394] {taskinstance.py:903} INFO - Dependencies all met for <TaskInstance: example_bash_operator.runme_0 2021-09-25T00:00:00+00:00 [queued]>
[2021-09-27 14:08:55,395] {taskinstance.py:1095} INFO - 
--------------------------------------------------------------------------------
[2021-09-27 14:08:55,396] {taskinstance.py:1096} INFO - Starting attempt 1 of 1
[2021-09-27 14:08:55,397] {taskinstance.py:1097} INFO - 
--------------------------------------------------------------------------------
[2021-09-27 14:08:55,415] {taskinstance.py:1115} INFO - Executing <Task(BashOperator): runme_0> on 2021-09-25T00:00:00+00:00
[2021-09-27 14:08:55,422] {standard_task_runner.py:52} INFO - Started process 1562 to run task
[2021-09-27 14:08:55,441] {standard_task_runner.py:76} INFO - Running: ['***', 'tasks', 'run', 'example_bash_operator', 'runme_0', '2021-09-25T00:00:00+00:00', '--job-id', '25', '--pool', 'default_pool', '--raw', '--subdir', '/home/***/.local/lib/python3.6/site-packages/***/example_dags/example_bash_operator.py', '--cfg-path', '/tmp/tmp9ee4i6la', '--error-file', '/tmp/tmpgbfbpeaz']
[2021-09-27 14:08:55,445] {standard_task_runner.py:77} INFO - Job 25: Subtask runme_0
[2021-09-27 14:08:55,654] {logging_mixin.py:109} INFO - Running <TaskInstance: example_bash_operator.runme_0 2021-09-25T00:00:00+00:00 [running]> on host fa8cc667bc0b
[2021-09-27 14:08:55,803] {taskinstance.py:1254} INFO - Exporting the following env vars:
AIRFLOW_CTX_DAG_OWNER=***
AIRFLOW_CTX_DAG_ID=example_bash_operator
AIRFLOW_CTX_TASK_ID=runme_0
AIRFLOW_CTX_EXECUTION_DATE=2021-09-25T00:00:00+00:00
AIRFLOW_CTX_DAG_RUN_ID=scheduled__2021-09-25T00:00:00+00:00
[2021-09-27 14:08:55,806] {subprocess.py:52} INFO - Tmp dir root location: 
 /tmp
[2021-09-27 14:08:55,810] {subprocess.py:63} INFO - Running command: ['bash', '-c', 'echo "example_bash_operator__runme_0__20210925" && sleep 1']
[2021-09-27 14:08:55,822] {subprocess.py:74} INFO - Output:
[2021-09-27 14:08:55,828] {subprocess.py:78} INFO - example_bash_operator__runme_0__20210925
[2021-09-27 14:08:56,830] {subprocess.py:82} INFO - Command exited with return code 0
[2021-09-27 14:08:56,899] {taskinstance.py:1219} INFO - Marking task as SUCCESS. dag_id=example_bash_operator, task_id=runme_0, execution_date=20210925T000000, start_date=20210927T140855, end_date=20210927T140856
[2021-09-27 14:08:56,949] {local_task_job.py:151} INFO - Task exited with return code 0
[2021-09-27 14:08:56,997] {local_task_job.py:261} INFO - 0 downstream tasks scheduled from follow-on schedule check
