[2021-09-27 14:08:31,878] {taskinstance.py:903} INFO - Dependencies all met for <TaskInstance: example_complex.lookup_entry_result 2021-09-27T14:06:38.240034+00:00 [queued]>
[2021-09-27 14:08:31,906] {taskinstance.py:903} INFO - Dependencies all met for <TaskInstance: example_complex.lookup_entry_result 2021-09-27T14:06:38.240034+00:00 [queued]>
[2021-09-27 14:08:31,909] {taskinstance.py:1095} INFO - 
--------------------------------------------------------------------------------
[2021-09-27 14:08:31,910] {taskinstance.py:1096} INFO - Starting attempt 1 of 1
[2021-09-27 14:08:31,911] {taskinstance.py:1097} INFO - 
--------------------------------------------------------------------------------
[2021-09-27 14:08:31,935] {taskinstance.py:1115} INFO - Executing <Task(BashOperator): lookup_entry_result> on 2021-09-27T14:06:38.240034+00:00
[2021-09-27 14:08:31,940] {standard_task_runner.py:52} INFO - Started process 1495 to run task
[2021-09-27 14:08:31,962] {standard_task_runner.py:76} INFO - Running: ['***', 'tasks', 'run', 'example_complex', 'lookup_entry_result', '2021-09-27T14:06:38.240034+00:00', '--job-id', '21', '--pool', 'default_pool', '--raw', '--subdir', '/home/***/.local/lib/python3.6/site-packages/***/example_dags/example_complex.py', '--cfg-path', '/tmp/tmp07wxa1x0', '--error-file', '/tmp/tmpm3w1vq89']
[2021-09-27 14:08:31,979] {standard_task_runner.py:77} INFO - Job 21: Subtask lookup_entry_result
[2021-09-27 14:08:32,085] {logging_mixin.py:109} INFO - Running <TaskInstance: example_complex.lookup_entry_result 2021-09-27T14:06:38.240034+00:00 [running]> on host fa8cc667bc0b
[2021-09-27 14:08:32,186] {taskinstance.py:1254} INFO - Exporting the following env vars:
AIRFLOW_CTX_DAG_OWNER=***
AIRFLOW_CTX_DAG_ID=example_complex
AIRFLOW_CTX_TASK_ID=lookup_entry_result
AIRFLOW_CTX_EXECUTION_DATE=2021-09-27T14:06:38.240034+00:00
AIRFLOW_CTX_DAG_RUN_ID=manual__2021-09-27T14:06:38.240034+00:00
[2021-09-27 14:08:32,192] {subprocess.py:52} INFO - Tmp dir root location: 
 /tmp
[2021-09-27 14:08:32,195] {subprocess.py:63} INFO - Running command: ['bash', '-c', 'echo lookup_entry_result']
[2021-09-27 14:08:32,232] {subprocess.py:74} INFO - Output:
[2021-09-27 14:08:32,237] {subprocess.py:78} INFO - lookup_entry_result
[2021-09-27 14:08:32,238] {subprocess.py:82} INFO - Command exited with return code 0
[2021-09-27 14:08:32,336] {taskinstance.py:1219} INFO - Marking task as SUCCESS. dag_id=example_complex, task_id=lookup_entry_result, execution_date=20210927T140638, start_date=20210927T140831, end_date=20210927T140832
[2021-09-27 14:08:32,488] {local_task_job.py:151} INFO - Task exited with return code 0
[2021-09-27 14:08:32,591] {local_task_job.py:261} INFO - 0 downstream tasks scheduled from follow-on schedule check
