[2021-09-27 16:00:03,608] {taskinstance.py:903} INFO - Dependencies all met for <TaskInstance: my_dag.say_hello 2021-09-27T15:50:00+00:00 [queued]>
[2021-09-27 16:00:03,641] {taskinstance.py:903} INFO - Dependencies all met for <TaskInstance: my_dag.say_hello 2021-09-27T15:50:00+00:00 [queued]>
[2021-09-27 16:00:03,644] {taskinstance.py:1095} INFO - 
--------------------------------------------------------------------------------
[2021-09-27 16:00:03,647] {taskinstance.py:1096} INFO - Starting attempt 1 of 1
[2021-09-27 16:00:03,658] {taskinstance.py:1097} INFO - 
--------------------------------------------------------------------------------
[2021-09-27 16:00:03,753] {taskinstance.py:1115} INFO - Executing <Task(PythonOperator): say_hello> on 2021-09-27T15:50:00+00:00
[2021-09-27 16:00:03,827] {standard_task_runner.py:52} INFO - Started process 38989 to run task
[2021-09-27 16:00:03,889] {standard_task_runner.py:76} INFO - Running: ['***', 'tasks', 'run', 'my_dag', 'say_hello', '2021-09-27T15:50:00+00:00', '--job-id', '115', '--pool', 'default_pool', '--raw', '--subdir', 'DAGS_FOLDER/my_dag.py', '--cfg-path', '/tmp/tmpxhjdptiv', '--error-file', '/tmp/tmppta17w19']
[2021-09-27 16:00:04,102] {standard_task_runner.py:77} INFO - Job 115: Subtask say_hello
[2021-09-27 16:00:05,006] {logging_mixin.py:109} INFO - Running <TaskInstance: my_dag.say_hello 2021-09-27T15:50:00+00:00 [running]> on host 196580edc338
[2021-09-27 16:00:05,839] {taskinstance.py:1254} INFO - Exporting the following env vars:
AIRFLOW_CTX_DAG_OWNER=Attasil Chitwirote
AIRFLOW_CTX_DAG_ID=my_dag
AIRFLOW_CTX_TASK_ID=say_hello
AIRFLOW_CTX_EXECUTION_DATE=2021-09-27T15:50:00+00:00
AIRFLOW_CTX_DAG_RUN_ID=scheduled__2021-09-27T15:50:00+00:00
[2021-09-27 16:00:05,848] {my_dag.py:9} INFO - Hello SAKSIAM.
[2021-09-27 16:00:05,893] {python.py:151} INFO - Done. Returned value was: None
[2021-09-27 16:00:05,981] {taskinstance.py:1219} INFO - Marking task as SUCCESS. dag_id=my_dag, task_id=say_hello, execution_date=20210927T155000, start_date=20210927T160003, end_date=20210927T160005
[2021-09-27 16:00:06,089] {local_task_job.py:151} INFO - Task exited with return code 0
[2021-09-27 16:00:06,247] {local_task_job.py:261} INFO - 0 downstream tasks scheduled from follow-on schedule check
