[2021-09-27 14:14:43,274] {taskinstance.py:903} INFO - Dependencies all met for <TaskInstance: example_complex.delete_entry 2021-09-27T14:06:38.240034+00:00 [queued]>
[2021-09-27 14:14:43,315] {taskinstance.py:903} INFO - Dependencies all met for <TaskInstance: example_complex.delete_entry 2021-09-27T14:06:38.240034+00:00 [queued]>
[2021-09-27 14:14:43,317] {taskinstance.py:1095} INFO - 
--------------------------------------------------------------------------------
[2021-09-27 14:14:43,319] {taskinstance.py:1096} INFO - Starting attempt 1 of 1
[2021-09-27 14:14:43,320] {taskinstance.py:1097} INFO - 
--------------------------------------------------------------------------------
[2021-09-27 14:14:43,342] {taskinstance.py:1115} INFO - Executing <Task(BashOperator): delete_entry> on 2021-09-27T14:06:38.240034+00:00
[2021-09-27 14:14:43,356] {standard_task_runner.py:52} INFO - Started process 352 to run task
[2021-09-27 14:14:43,371] {standard_task_runner.py:76} INFO - Running: ['***', 'tasks', 'run', 'example_complex', 'delete_entry', '2021-09-27T14:06:38.240034+00:00', '--job-id', '78', '--pool', 'default_pool', '--raw', '--subdir', '/home/***/.local/lib/python3.6/site-packages/***/example_dags/example_complex.py', '--cfg-path', '/tmp/tmp8uodl3p4', '--error-file', '/tmp/tmpzsj3aslm']
[2021-09-27 14:14:43,388] {standard_task_runner.py:77} INFO - Job 78: Subtask delete_entry
[2021-09-27 14:14:43,464] {logging_mixin.py:109} INFO - Running <TaskInstance: example_complex.delete_entry 2021-09-27T14:06:38.240034+00:00 [running]> on host 196580edc338
[2021-09-27 14:14:43,601] {taskinstance.py:1254} INFO - Exporting the following env vars:
AIRFLOW_CTX_DAG_OWNER=***
AIRFLOW_CTX_DAG_ID=example_complex
AIRFLOW_CTX_TASK_ID=delete_entry
AIRFLOW_CTX_EXECUTION_DATE=2021-09-27T14:06:38.240034+00:00
AIRFLOW_CTX_DAG_RUN_ID=manual__2021-09-27T14:06:38.240034+00:00
[2021-09-27 14:14:43,603] {subprocess.py:52} INFO - Tmp dir root location: 
 /tmp
[2021-09-27 14:14:43,605] {subprocess.py:63} INFO - Running command: ['bash', '-c', 'echo delete_entry']
[2021-09-27 14:14:43,623] {subprocess.py:74} INFO - Output:
[2021-09-27 14:14:43,629] {subprocess.py:78} INFO - delete_entry
[2021-09-27 14:14:43,631] {subprocess.py:82} INFO - Command exited with return code 0
[2021-09-27 14:14:43,705] {taskinstance.py:1219} INFO - Marking task as SUCCESS. dag_id=example_complex, task_id=delete_entry, execution_date=20210927T140638, start_date=20210927T141443, end_date=20210927T141443
[2021-09-27 14:14:43,794] {local_task_job.py:151} INFO - Task exited with return code 0
[2021-09-27 14:14:43,854] {local_task_job.py:261} INFO - 0 downstream tasks scheduled from follow-on schedule check
