[2021-09-27 14:14:40,329] {taskinstance.py:903} INFO - Dependencies all met for <TaskInstance: example_complex.delete_entry_group 2021-09-27T14:06:38.240034+00:00 [queued]>
[2021-09-27 14:14:40,470] {taskinstance.py:903} INFO - Dependencies all met for <TaskInstance: example_complex.delete_entry_group 2021-09-27T14:06:38.240034+00:00 [queued]>
[2021-09-27 14:14:40,473] {taskinstance.py:1095} INFO - 
--------------------------------------------------------------------------------
[2021-09-27 14:14:40,475] {taskinstance.py:1096} INFO - Starting attempt 1 of 1
[2021-09-27 14:14:40,477] {taskinstance.py:1097} INFO - 
--------------------------------------------------------------------------------
[2021-09-27 14:14:40,568] {taskinstance.py:1115} INFO - Executing <Task(BashOperator): delete_entry_group> on 2021-09-27T14:06:38.240034+00:00
[2021-09-27 14:14:40,586] {standard_task_runner.py:52} INFO - Started process 319 to run task
[2021-09-27 14:14:40,620] {standard_task_runner.py:76} INFO - Running: ['***', 'tasks', 'run', 'example_complex', 'delete_entry_group', '2021-09-27T14:06:38.240034+00:00', '--job-id', '77', '--pool', 'default_pool', '--raw', '--subdir', '/home/***/.local/lib/python3.6/site-packages/***/example_dags/example_complex.py', '--cfg-path', '/tmp/tmp1v4y1rfi', '--error-file', '/tmp/tmpw2c2o6ug']
[2021-09-27 14:14:40,638] {standard_task_runner.py:77} INFO - Job 77: Subtask delete_entry_group
[2021-09-27 14:14:40,864] {logging_mixin.py:109} INFO - Running <TaskInstance: example_complex.delete_entry_group 2021-09-27T14:06:38.240034+00:00 [running]> on host 196580edc338
[2021-09-27 14:14:41,035] {taskinstance.py:1254} INFO - Exporting the following env vars:
AIRFLOW_CTX_DAG_OWNER=***
AIRFLOW_CTX_DAG_ID=example_complex
AIRFLOW_CTX_TASK_ID=delete_entry_group
AIRFLOW_CTX_EXECUTION_DATE=2021-09-27T14:06:38.240034+00:00
AIRFLOW_CTX_DAG_RUN_ID=manual__2021-09-27T14:06:38.240034+00:00
[2021-09-27 14:14:41,040] {subprocess.py:52} INFO - Tmp dir root location: 
 /tmp
[2021-09-27 14:14:41,045] {subprocess.py:63} INFO - Running command: ['bash', '-c', 'echo delete_entry_group']
[2021-09-27 14:14:41,118] {subprocess.py:74} INFO - Output:
[2021-09-27 14:14:41,133] {subprocess.py:78} INFO - delete_entry_group
[2021-09-27 14:14:41,139] {subprocess.py:82} INFO - Command exited with return code 0
[2021-09-27 14:14:41,256] {taskinstance.py:1219} INFO - Marking task as SUCCESS. dag_id=example_complex, task_id=delete_entry_group, execution_date=20210927T140638, start_date=20210927T141440, end_date=20210927T141441
[2021-09-27 14:14:41,355] {local_task_job.py:151} INFO - Task exited with return code 0
[2021-09-27 14:14:41,474] {local_task_job.py:261} INFO - 1 downstream tasks scheduled from follow-on schedule check
