[2021-09-27 14:42:50,798] {taskinstance.py:903} INFO - Dependencies all met for <TaskInstance: my_dag.say_hello 2021-09-27T14:42:40.057197+00:00 [queued]>
[2021-09-27 14:42:50,863] {taskinstance.py:903} INFO - Dependencies all met for <TaskInstance: my_dag.say_hello 2021-09-27T14:42:40.057197+00:00 [queued]>
[2021-09-27 14:42:50,876] {taskinstance.py:1095} INFO - 
--------------------------------------------------------------------------------
[2021-09-27 14:42:50,885] {taskinstance.py:1096} INFO - Starting attempt 1 of 1
[2021-09-27 14:42:50,887] {taskinstance.py:1097} INFO - 
--------------------------------------------------------------------------------
[2021-09-27 14:42:50,967] {taskinstance.py:1115} INFO - Executing <Task(PythonOperator): say_hello> on 2021-09-27T14:42:40.057197+00:00
[2021-09-27 14:42:50,988] {standard_task_runner.py:52} INFO - Started process 10179 to run task
[2021-09-27 14:42:51,003] {standard_task_runner.py:76} INFO - Running: ['***', 'tasks', 'run', 'my_dag', 'say_hello', '2021-09-27T14:42:40.057197+00:00', '--job-id', '82', '--pool', 'default_pool', '--raw', '--subdir', 'DAGS_FOLDER/my_dag.py', '--cfg-path', '/tmp/tmp3f92yks1', '--error-file', '/tmp/tmpi0lhdb26']
[2021-09-27 14:42:51,024] {standard_task_runner.py:77} INFO - Job 82: Subtask say_hello
[2021-09-27 14:42:51,269] {logging_mixin.py:109} INFO - Running <TaskInstance: my_dag.say_hello 2021-09-27T14:42:40.057197+00:00 [running]> on host 196580edc338
[2021-09-27 14:42:51,748] {taskinstance.py:1254} INFO - Exporting the following env vars:
AIRFLOW_CTX_DAG_OWNER=Attasil Chitwirote
AIRFLOW_CTX_DAG_ID=my_dag
AIRFLOW_CTX_TASK_ID=say_hello
AIRFLOW_CTX_EXECUTION_DATE=2021-09-27T14:42:40.057197+00:00
AIRFLOW_CTX_DAG_RUN_ID=manual__2021-09-27T14:42:40.057197+00:00
[2021-09-27 14:42:51,751] {my_dag.py:9} INFO - Hello SAKSIAM.
[2021-09-27 14:42:51,755] {python.py:151} INFO - Done. Returned value was: None
[2021-09-27 14:42:51,792] {taskinstance.py:1219} INFO - Marking task as SUCCESS. dag_id=my_dag, task_id=say_hello, execution_date=20210927T144240, start_date=20210927T144250, end_date=20210927T144251
[2021-09-27 14:42:51,839] {local_task_job.py:151} INFO - Task exited with return code 0
[2021-09-27 14:42:51,902] {local_task_job.py:261} INFO - 1 downstream tasks scheduled from follow-on schedule check
