[2021-09-27 14:14:33,670] {taskinstance.py:903} INFO - Dependencies all met for <TaskInstance: example_complex.delete_tag_template_field 2021-09-27T14:06:38.240034+00:00 [queued]>
[2021-09-27 14:14:33,850] {taskinstance.py:903} INFO - Dependencies all met for <TaskInstance: example_complex.delete_tag_template_field 2021-09-27T14:06:38.240034+00:00 [queued]>
[2021-09-27 14:14:33,853] {taskinstance.py:1095} INFO - 
--------------------------------------------------------------------------------
[2021-09-27 14:14:33,857] {taskinstance.py:1096} INFO - Starting attempt 1 of 1
[2021-09-27 14:14:33,859] {taskinstance.py:1097} INFO - 
--------------------------------------------------------------------------------
[2021-09-27 14:14:34,004] {taskinstance.py:1115} INFO - Executing <Task(BashOperator): delete_tag_template_field> on 2021-09-27T14:06:38.240034+00:00
[2021-09-27 14:14:34,109] {standard_task_runner.py:52} INFO - Started process 207 to run task
[2021-09-27 14:14:34,126] {standard_task_runner.py:76} INFO - Running: ['***', 'tasks', 'run', 'example_complex', 'delete_tag_template_field', '2021-09-27T14:06:38.240034+00:00', '--job-id', '75', '--pool', 'default_pool', '--raw', '--subdir', '/home/***/.local/lib/python3.6/site-packages/***/example_dags/example_complex.py', '--cfg-path', '/tmp/tmp99c4rfx0', '--error-file', '/tmp/tmprkwz0n5s']
[2021-09-27 14:14:34,152] {standard_task_runner.py:77} INFO - Job 75: Subtask delete_tag_template_field
[2021-09-27 14:14:34,503] {logging_mixin.py:109} INFO - Running <TaskInstance: example_complex.delete_tag_template_field 2021-09-27T14:06:38.240034+00:00 [running]> on host 196580edc338
[2021-09-27 14:14:34,887] {taskinstance.py:1254} INFO - Exporting the following env vars:
AIRFLOW_CTX_DAG_OWNER=***
AIRFLOW_CTX_DAG_ID=example_complex
AIRFLOW_CTX_TASK_ID=delete_tag_template_field
AIRFLOW_CTX_EXECUTION_DATE=2021-09-27T14:06:38.240034+00:00
AIRFLOW_CTX_DAG_RUN_ID=manual__2021-09-27T14:06:38.240034+00:00
[2021-09-27 14:14:34,963] {subprocess.py:52} INFO - Tmp dir root location: 
 /tmp
[2021-09-27 14:14:34,973] {subprocess.py:63} INFO - Running command: ['bash', '-c', 'echo delete_tag_template_field']
[2021-09-27 14:14:34,987] {subprocess.py:74} INFO - Output:
[2021-09-27 14:14:34,997] {subprocess.py:78} INFO - delete_tag_template_field
[2021-09-27 14:14:34,999] {subprocess.py:82} INFO - Command exited with return code 0
[2021-09-27 14:14:35,197] {taskinstance.py:1219} INFO - Marking task as SUCCESS. dag_id=example_complex, task_id=delete_tag_template_field, execution_date=20210927T140638, start_date=20210927T141433, end_date=20210927T141435
[2021-09-27 14:14:35,399] {local_task_job.py:151} INFO - Task exited with return code 0
[2021-09-27 14:14:35,498] {local_task_job.py:261} INFO - 1 downstream tasks scheduled from follow-on schedule check
