[2021-09-27 14:09:27,344] {taskinstance.py:903} INFO - Dependencies all met for <TaskInstance: example_complex.get_tag_template_result 2021-09-27T14:06:38.240034+00:00 [queued]>
[2021-09-27 14:09:27,381] {taskinstance.py:903} INFO - Dependencies all met for <TaskInstance: example_complex.get_tag_template_result 2021-09-27T14:06:38.240034+00:00 [queued]>
[2021-09-27 14:09:27,384] {taskinstance.py:1095} INFO - 
--------------------------------------------------------------------------------
[2021-09-27 14:09:27,385] {taskinstance.py:1096} INFO - Starting attempt 1 of 1
[2021-09-27 14:09:27,386] {taskinstance.py:1097} INFO - 
--------------------------------------------------------------------------------
[2021-09-27 14:09:27,408] {taskinstance.py:1115} INFO - Executing <Task(BashOperator): get_tag_template_result> on 2021-09-27T14:06:38.240034+00:00
[2021-09-27 14:09:27,413] {standard_task_runner.py:52} INFO - Started process 1652 to run task
[2021-09-27 14:09:27,436] {standard_task_runner.py:76} INFO - Running: ['***', 'tasks', 'run', 'example_complex', 'get_tag_template_result', '2021-09-27T14:06:38.240034+00:00', '--job-id', '31', '--pool', 'default_pool', '--raw', '--subdir', '/home/***/.local/lib/python3.6/site-packages/***/example_dags/example_complex.py', '--cfg-path', '/tmp/tmpibk18_e6', '--error-file', '/tmp/tmplrscjax0']
[2021-09-27 14:09:27,444] {standard_task_runner.py:77} INFO - Job 31: Subtask get_tag_template_result
[2021-09-27 14:09:27,556] {logging_mixin.py:109} INFO - Running <TaskInstance: example_complex.get_tag_template_result 2021-09-27T14:06:38.240034+00:00 [running]> on host fa8cc667bc0b
[2021-09-27 14:09:27,697] {taskinstance.py:1254} INFO - Exporting the following env vars:
AIRFLOW_CTX_DAG_OWNER=***
AIRFLOW_CTX_DAG_ID=example_complex
AIRFLOW_CTX_TASK_ID=get_tag_template_result
AIRFLOW_CTX_EXECUTION_DATE=2021-09-27T14:06:38.240034+00:00
AIRFLOW_CTX_DAG_RUN_ID=manual__2021-09-27T14:06:38.240034+00:00
[2021-09-27 14:09:27,700] {subprocess.py:52} INFO - Tmp dir root location: 
 /tmp
[2021-09-27 14:09:27,703] {subprocess.py:63} INFO - Running command: ['bash', '-c', 'echo get_tag_template_result']
[2021-09-27 14:09:27,718] {subprocess.py:74} INFO - Output:
[2021-09-27 14:09:27,723] {subprocess.py:78} INFO - get_tag_template_result
[2021-09-27 14:09:27,726] {subprocess.py:82} INFO - Command exited with return code 0
[2021-09-27 14:09:27,818] {taskinstance.py:1219} INFO - Marking task as SUCCESS. dag_id=example_complex, task_id=get_tag_template_result, execution_date=20210927T140638, start_date=20210927T140927, end_date=20210927T140927
[2021-09-27 14:09:27,935] {local_task_job.py:151} INFO - Task exited with return code 0
[2021-09-27 14:09:28,051] {local_task_job.py:261} INFO - 0 downstream tasks scheduled from follow-on schedule check
