[2021-09-27 14:10:53,031] {taskinstance.py:903} INFO - Dependencies all met for <TaskInstance: example_bash_operator.this_will_skip 2021-09-27T14:08:48.582969+00:00 [queued]>
[2021-09-27 14:10:53,050] {taskinstance.py:903} INFO - Dependencies all met for <TaskInstance: example_bash_operator.this_will_skip 2021-09-27T14:08:48.582969+00:00 [queued]>
[2021-09-27 14:10:53,051] {taskinstance.py:1095} INFO - 
--------------------------------------------------------------------------------
[2021-09-27 14:10:53,052] {taskinstance.py:1096} INFO - Starting attempt 1 of 1
[2021-09-27 14:10:53,055] {taskinstance.py:1097} INFO - 
--------------------------------------------------------------------------------
[2021-09-27 14:10:53,074] {taskinstance.py:1115} INFO - Executing <Task(BashOperator): this_will_skip> on 2021-09-27T14:08:48.582969+00:00
[2021-09-27 14:10:53,078] {standard_task_runner.py:52} INFO - Started process 1881 to run task
[2021-09-27 14:10:53,082] {standard_task_runner.py:76} INFO - Running: ['***', 'tasks', 'run', 'example_bash_operator', 'this_will_skip', '2021-09-27T14:08:48.582969+00:00', '--job-id', '46', '--pool', 'default_pool', '--raw', '--subdir', '/home/***/.local/lib/python3.6/site-packages/***/example_dags/example_bash_operator.py', '--cfg-path', '/tmp/tmpnkqgf293', '--error-file', '/tmp/tmp6_srifsb']
[2021-09-27 14:10:53,087] {standard_task_runner.py:77} INFO - Job 46: Subtask this_will_skip
[2021-09-27 14:10:53,151] {logging_mixin.py:109} INFO - Running <TaskInstance: example_bash_operator.this_will_skip 2021-09-27T14:08:48.582969+00:00 [running]> on host fa8cc667bc0b
[2021-09-27 14:10:53,216] {taskinstance.py:1254} INFO - Exporting the following env vars:
AIRFLOW_CTX_DAG_OWNER=***
AIRFLOW_CTX_DAG_ID=example_bash_operator
AIRFLOW_CTX_TASK_ID=this_will_skip
AIRFLOW_CTX_EXECUTION_DATE=2021-09-27T14:08:48.582969+00:00
AIRFLOW_CTX_DAG_RUN_ID=manual__2021-09-27T14:08:48.582969+00:00
[2021-09-27 14:10:53,218] {subprocess.py:52} INFO - Tmp dir root location: 
 /tmp
[2021-09-27 14:10:53,221] {subprocess.py:63} INFO - Running command: ['bash', '-c', 'echo "hello world"; exit 99;']
[2021-09-27 14:10:53,235] {subprocess.py:74} INFO - Output:
[2021-09-27 14:10:53,236] {subprocess.py:78} INFO - hello world
[2021-09-27 14:10:53,238] {subprocess.py:82} INFO - Command exited with return code 99
[2021-09-27 14:10:53,244] {taskinstance.py:1175} INFO - Bash command returned exit code 99. Skipping.
[2021-09-27 14:10:53,261] {taskinstance.py:1185} INFO - Marking task as SKIPPED. dag_id=example_bash_operator, task_id=this_will_skip, execution_date=20210927T140848, start_date=20210927T141053, end_date=
[2021-09-27 14:10:53,263] {taskinstance.py:1219} INFO - Marking task as SUCCESS. dag_id=example_bash_operator, task_id=this_will_skip, execution_date=20210927T140848, start_date=20210927T141053, end_date=20210927T141053
[2021-09-27 14:10:53,300] {local_task_job.py:151} INFO - Task exited with return code 0
[2021-09-27 14:10:53,338] {local_task_job.py:261} INFO - 0 downstream tasks scheduled from follow-on schedule check
