[2021-09-27 14:10:21,850] {taskinstance.py:903} INFO - Dependencies all met for <TaskInstance: example_bash_operator.runme_2 2021-09-27T14:08:48.582969+00:00 [queued]>
[2021-09-27 14:10:21,873] {taskinstance.py:903} INFO - Dependencies all met for <TaskInstance: example_bash_operator.runme_2 2021-09-27T14:08:48.582969+00:00 [queued]>
[2021-09-27 14:10:21,875] {taskinstance.py:1095} INFO - 
--------------------------------------------------------------------------------
[2021-09-27 14:10:21,876] {taskinstance.py:1096} INFO - Starting attempt 1 of 1
[2021-09-27 14:10:21,877] {taskinstance.py:1097} INFO - 
--------------------------------------------------------------------------------
[2021-09-27 14:10:21,898] {taskinstance.py:1115} INFO - Executing <Task(BashOperator): runme_2> on 2021-09-27T14:08:48.582969+00:00
[2021-09-27 14:10:21,903] {standard_task_runner.py:52} INFO - Started process 1795 to run task
[2021-09-27 14:10:21,913] {standard_task_runner.py:76} INFO - Running: ['***', 'tasks', 'run', 'example_bash_operator', 'runme_2', '2021-09-27T14:08:48.582969+00:00', '--job-id', '40', '--pool', 'default_pool', '--raw', '--subdir', '/home/***/.local/lib/python3.6/site-packages/***/example_dags/example_bash_operator.py', '--cfg-path', '/tmp/tmpqgurcm7k', '--error-file', '/tmp/tmpvdb0lzwa']
[2021-09-27 14:10:21,919] {standard_task_runner.py:77} INFO - Job 40: Subtask runme_2
[2021-09-27 14:10:21,996] {logging_mixin.py:109} INFO - Running <TaskInstance: example_bash_operator.runme_2 2021-09-27T14:08:48.582969+00:00 [running]> on host fa8cc667bc0b
[2021-09-27 14:10:22,090] {taskinstance.py:1254} INFO - Exporting the following env vars:
AIRFLOW_CTX_DAG_OWNER=***
AIRFLOW_CTX_DAG_ID=example_bash_operator
AIRFLOW_CTX_TASK_ID=runme_2
AIRFLOW_CTX_EXECUTION_DATE=2021-09-27T14:08:48.582969+00:00
AIRFLOW_CTX_DAG_RUN_ID=manual__2021-09-27T14:08:48.582969+00:00
[2021-09-27 14:10:22,092] {subprocess.py:52} INFO - Tmp dir root location: 
 /tmp
[2021-09-27 14:10:22,094] {subprocess.py:63} INFO - Running command: ['bash', '-c', 'echo "example_bash_operator__runme_2__20210927" && sleep 1']
[2021-09-27 14:10:22,108] {subprocess.py:74} INFO - Output:
[2021-09-27 14:10:22,116] {subprocess.py:78} INFO - example_bash_operator__runme_2__20210927
[2021-09-27 14:10:23,119] {subprocess.py:82} INFO - Command exited with return code 0
[2021-09-27 14:10:23,166] {taskinstance.py:1219} INFO - Marking task as SUCCESS. dag_id=example_bash_operator, task_id=runme_2, execution_date=20210927T140848, start_date=20210927T141021, end_date=20210927T141023
[2021-09-27 14:10:23,209] {local_task_job.py:151} INFO - Task exited with return code 0
[2021-09-27 14:10:23,271] {local_task_job.py:261} INFO - 0 downstream tasks scheduled from follow-on schedule check
