[2021-09-27 14:07:22,532] {taskinstance.py:903} INFO - Dependencies all met for <TaskInstance: example_complex.get_entry 2021-09-27T14:06:38.240034+00:00 [queued]>
[2021-09-27 14:07:22,559] {taskinstance.py:903} INFO - Dependencies all met for <TaskInstance: example_complex.get_entry 2021-09-27T14:06:38.240034+00:00 [queued]>
[2021-09-27 14:07:22,560] {taskinstance.py:1095} INFO - 
--------------------------------------------------------------------------------
[2021-09-27 14:07:22,561] {taskinstance.py:1096} INFO - Starting attempt 1 of 1
[2021-09-27 14:07:22,564] {taskinstance.py:1097} INFO - 
--------------------------------------------------------------------------------
[2021-09-27 14:07:22,593] {taskinstance.py:1115} INFO - Executing <Task(BashOperator): get_entry> on 2021-09-27T14:06:38.240034+00:00
[2021-09-27 14:07:22,604] {standard_task_runner.py:52} INFO - Started process 1308 to run task
[2021-09-27 14:07:22,625] {standard_task_runner.py:76} INFO - Running: ['***', 'tasks', 'run', 'example_complex', 'get_entry', '2021-09-27T14:06:38.240034+00:00', '--job-id', '9', '--pool', 'default_pool', '--raw', '--subdir', '/home/***/.local/lib/python3.6/site-packages/***/example_dags/example_complex.py', '--cfg-path', '/tmp/tmpf87kh7ty', '--error-file', '/tmp/tmpqa3us6me']
[2021-09-27 14:07:22,629] {standard_task_runner.py:77} INFO - Job 9: Subtask get_entry
[2021-09-27 14:07:22,748] {logging_mixin.py:109} INFO - Running <TaskInstance: example_complex.get_entry 2021-09-27T14:06:38.240034+00:00 [running]> on host fa8cc667bc0b
[2021-09-27 14:07:22,837] {taskinstance.py:1254} INFO - Exporting the following env vars:
AIRFLOW_CTX_DAG_OWNER=***
AIRFLOW_CTX_DAG_ID=example_complex
AIRFLOW_CTX_TASK_ID=get_entry
AIRFLOW_CTX_EXECUTION_DATE=2021-09-27T14:06:38.240034+00:00
AIRFLOW_CTX_DAG_RUN_ID=manual__2021-09-27T14:06:38.240034+00:00
[2021-09-27 14:07:22,842] {subprocess.py:52} INFO - Tmp dir root location: 
 /tmp
[2021-09-27 14:07:22,844] {subprocess.py:63} INFO - Running command: ['bash', '-c', 'echo get_entry']
[2021-09-27 14:07:22,857] {subprocess.py:74} INFO - Output:
[2021-09-27 14:07:22,860] {subprocess.py:78} INFO - get_entry
[2021-09-27 14:07:22,862] {subprocess.py:82} INFO - Command exited with return code 0
[2021-09-27 14:07:22,910] {taskinstance.py:1219} INFO - Marking task as SUCCESS. dag_id=example_complex, task_id=get_entry, execution_date=20210927T140638, start_date=20210927T140722, end_date=20210927T140722
[2021-09-27 14:07:22,970] {local_task_job.py:151} INFO - Task exited with return code 0
[2021-09-27 14:07:23,050] {local_task_job.py:261} INFO - 1 downstream tasks scheduled from follow-on schedule check
