[2021-09-27 15:39:38,792] {processor.py:162} INFO - Started process (PID=31064) to work on /opt/airflow/dags/day1_challenge2.py
[2021-09-27 15:39:38,795] {processor.py:613} INFO - Processing file /opt/airflow/dags/day1_challenge2.py for tasks to queue
[2021-09-27 15:39:38,798] {logging_mixin.py:109} INFO - [2021-09-27 15:39:38,797] {dagbag.py:496} INFO - Filling up the DagBag from /opt/airflow/dags/day1_challenge2.py
[2021-09-27 15:39:38,823] {logging_mixin.py:109} INFO - [2021-09-27 15:39:38,817] {dagbag.py:329} ERROR - Failed to import: /opt/airflow/dags/day1_challenge2.py
Traceback (most recent call last):
  File "/home/airflow/.local/lib/python3.6/site-packages/airflow/models/dagbag.py", line 326, in _load_modules_from_file
    loader.exec_module(new_module)
  File "<frozen importlib._bootstrap_external>", line 674, in exec_module
  File "<frozen importlib._bootstrap_external>", line 781, in get_code
  File "<frozen importlib._bootstrap_external>", line 741, in source_to_code
  File "<frozen importlib._bootstrap>", line 219, in _call_with_frames_removed
  File "/opt/airflow/dags/day1_challenge2.py", line 12
    ) as dag:
            ^
SyntaxError: unexpected EOF while parsing
[2021-09-27 15:39:38,830] {processor.py:625} WARNING - No viable dags retrieved from /opt/airflow/dags/day1_challenge2.py
[2021-09-27 15:39:38,885] {processor.py:170} INFO - Processing /opt/airflow/dags/day1_challenge2.py took 0.103 seconds
[2021-09-27 15:40:09,476] {processor.py:162} INFO - Started process (PID=31260) to work on /opt/airflow/dags/day1_challenge2.py
[2021-09-27 15:40:09,489] {processor.py:613} INFO - Processing file /opt/airflow/dags/day1_challenge2.py for tasks to queue
[2021-09-27 15:40:09,493] {logging_mixin.py:109} INFO - [2021-09-27 15:40:09,492] {dagbag.py:496} INFO - Filling up the DagBag from /opt/airflow/dags/day1_challenge2.py
[2021-09-27 15:40:09,517] {logging_mixin.py:109} INFO - [2021-09-27 15:40:09,516] {dagbag.py:329} ERROR - Failed to import: /opt/airflow/dags/day1_challenge2.py
Traceback (most recent call last):
  File "/home/airflow/.local/lib/python3.6/site-packages/airflow/models/dagbag.py", line 326, in _load_modules_from_file
    loader.exec_module(new_module)
  File "<frozen importlib._bootstrap_external>", line 674, in exec_module
  File "<frozen importlib._bootstrap_external>", line 781, in get_code
  File "<frozen importlib._bootstrap_external>", line 741, in source_to_code
  File "<frozen importlib._bootstrap>", line 219, in _call_with_frames_removed
  File "/opt/airflow/dags/day1_challenge2.py", line 12
    ) as dag:
            ^
SyntaxError: unexpected EOF while parsing
[2021-09-27 15:40:09,529] {processor.py:625} WARNING - No viable dags retrieved from /opt/airflow/dags/day1_challenge2.py
[2021-09-27 15:40:09,686] {processor.py:170} INFO - Processing /opt/airflow/dags/day1_challenge2.py took 0.217 seconds
[2021-09-27 15:40:40,321] {processor.py:162} INFO - Started process (PID=31460) to work on /opt/airflow/dags/day1_challenge2.py
[2021-09-27 15:40:40,330] {processor.py:613} INFO - Processing file /opt/airflow/dags/day1_challenge2.py for tasks to queue
[2021-09-27 15:40:40,332] {logging_mixin.py:109} INFO - [2021-09-27 15:40:40,331] {dagbag.py:496} INFO - Filling up the DagBag from /opt/airflow/dags/day1_challenge2.py
[2021-09-27 15:40:40,344] {logging_mixin.py:109} INFO - [2021-09-27 15:40:40,343] {dagbag.py:329} ERROR - Failed to import: /opt/airflow/dags/day1_challenge2.py
Traceback (most recent call last):
  File "/home/airflow/.local/lib/python3.6/site-packages/airflow/models/dagbag.py", line 326, in _load_modules_from_file
    loader.exec_module(new_module)
  File "<frozen importlib._bootstrap_external>", line 674, in exec_module
  File "<frozen importlib._bootstrap_external>", line 781, in get_code
  File "<frozen importlib._bootstrap_external>", line 741, in source_to_code
  File "<frozen importlib._bootstrap>", line 219, in _call_with_frames_removed
  File "/opt/airflow/dags/day1_challenge2.py", line 12
    ) as dag:
            ^
SyntaxError: unexpected EOF while parsing
[2021-09-27 15:40:40,348] {processor.py:625} WARNING - No viable dags retrieved from /opt/airflow/dags/day1_challenge2.py
[2021-09-27 15:40:40,377] {processor.py:170} INFO - Processing /opt/airflow/dags/day1_challenge2.py took 0.069 seconds
[2021-09-27 15:41:10,773] {processor.py:162} INFO - Started process (PID=31653) to work on /opt/airflow/dags/day1_challenge2.py
[2021-09-27 15:41:10,779] {processor.py:613} INFO - Processing file /opt/airflow/dags/day1_challenge2.py for tasks to queue
[2021-09-27 15:41:10,782] {logging_mixin.py:109} INFO - [2021-09-27 15:41:10,781] {dagbag.py:496} INFO - Filling up the DagBag from /opt/airflow/dags/day1_challenge2.py
[2021-09-27 15:41:10,791] {logging_mixin.py:109} INFO - [2021-09-27 15:41:10,790] {dagbag.py:329} ERROR - Failed to import: /opt/airflow/dags/day1_challenge2.py
Traceback (most recent call last):
  File "/home/airflow/.local/lib/python3.6/site-packages/airflow/models/dagbag.py", line 326, in _load_modules_from_file
    loader.exec_module(new_module)
  File "<frozen importlib._bootstrap_external>", line 674, in exec_module
  File "<frozen importlib._bootstrap_external>", line 781, in get_code
  File "<frozen importlib._bootstrap_external>", line 741, in source_to_code
  File "<frozen importlib._bootstrap>", line 219, in _call_with_frames_removed
  File "/opt/airflow/dags/day1_challenge2.py", line 12
    ) as dag:
            ^
SyntaxError: unexpected EOF while parsing
[2021-09-27 15:41:10,794] {processor.py:625} WARNING - No viable dags retrieved from /opt/airflow/dags/day1_challenge2.py
[2021-09-27 15:41:10,827] {processor.py:170} INFO - Processing /opt/airflow/dags/day1_challenge2.py took 0.064 seconds
[2021-09-27 15:41:41,229] {processor.py:162} INFO - Started process (PID=31858) to work on /opt/airflow/dags/day1_challenge2.py
[2021-09-27 15:41:41,239] {processor.py:613} INFO - Processing file /opt/airflow/dags/day1_challenge2.py for tasks to queue
[2021-09-27 15:41:41,244] {logging_mixin.py:109} INFO - [2021-09-27 15:41:41,243] {dagbag.py:496} INFO - Filling up the DagBag from /opt/airflow/dags/day1_challenge2.py
[2021-09-27 15:41:41,269] {logging_mixin.py:109} INFO - [2021-09-27 15:41:41,267] {dagbag.py:329} ERROR - Failed to import: /opt/airflow/dags/day1_challenge2.py
Traceback (most recent call last):
  File "/home/airflow/.local/lib/python3.6/site-packages/airflow/models/dagbag.py", line 326, in _load_modules_from_file
    loader.exec_module(new_module)
  File "<frozen importlib._bootstrap_external>", line 674, in exec_module
  File "<frozen importlib._bootstrap_external>", line 781, in get_code
  File "<frozen importlib._bootstrap_external>", line 741, in source_to_code
  File "<frozen importlib._bootstrap>", line 219, in _call_with_frames_removed
  File "/opt/airflow/dags/day1_challenge2.py", line 12
    ) as dag:
            ^
SyntaxError: unexpected EOF while parsing
[2021-09-27 15:41:41,274] {processor.py:625} WARNING - No viable dags retrieved from /opt/airflow/dags/day1_challenge2.py
[2021-09-27 15:41:41,306] {processor.py:170} INFO - Processing /opt/airflow/dags/day1_challenge2.py took 0.089 seconds
[2021-09-27 15:42:11,598] {processor.py:162} INFO - Started process (PID=32050) to work on /opt/airflow/dags/day1_challenge2.py
[2021-09-27 15:42:11,608] {processor.py:613} INFO - Processing file /opt/airflow/dags/day1_challenge2.py for tasks to queue
[2021-09-27 15:42:11,612] {logging_mixin.py:109} INFO - [2021-09-27 15:42:11,611] {dagbag.py:496} INFO - Filling up the DagBag from /opt/airflow/dags/day1_challenge2.py
[2021-09-27 15:42:11,627] {logging_mixin.py:109} INFO - [2021-09-27 15:42:11,626] {dagbag.py:329} ERROR - Failed to import: /opt/airflow/dags/day1_challenge2.py
Traceback (most recent call last):
  File "/home/airflow/.local/lib/python3.6/site-packages/airflow/models/dagbag.py", line 326, in _load_modules_from_file
    loader.exec_module(new_module)
  File "<frozen importlib._bootstrap_external>", line 674, in exec_module
  File "<frozen importlib._bootstrap_external>", line 781, in get_code
  File "<frozen importlib._bootstrap_external>", line 741, in source_to_code
  File "<frozen importlib._bootstrap>", line 219, in _call_with_frames_removed
  File "/opt/airflow/dags/day1_challenge2.py", line 12
    ) as dag:
            ^
SyntaxError: unexpected EOF while parsing
[2021-09-27 15:42:11,633] {processor.py:625} WARNING - No viable dags retrieved from /opt/airflow/dags/day1_challenge2.py
[2021-09-27 15:42:11,679] {processor.py:170} INFO - Processing /opt/airflow/dags/day1_challenge2.py took 0.092 seconds
[2021-09-27 15:42:42,381] {processor.py:162} INFO - Started process (PID=32251) to work on /opt/airflow/dags/day1_challenge2.py
[2021-09-27 15:42:42,390] {processor.py:613} INFO - Processing file /opt/airflow/dags/day1_challenge2.py for tasks to queue
[2021-09-27 15:42:42,392] {logging_mixin.py:109} INFO - [2021-09-27 15:42:42,392] {dagbag.py:496} INFO - Filling up the DagBag from /opt/airflow/dags/day1_challenge2.py
[2021-09-27 15:42:42,403] {logging_mixin.py:109} INFO - [2021-09-27 15:42:42,401] {dagbag.py:329} ERROR - Failed to import: /opt/airflow/dags/day1_challenge2.py
Traceback (most recent call last):
  File "/home/airflow/.local/lib/python3.6/site-packages/airflow/models/dagbag.py", line 326, in _load_modules_from_file
    loader.exec_module(new_module)
  File "<frozen importlib._bootstrap_external>", line 674, in exec_module
  File "<frozen importlib._bootstrap_external>", line 781, in get_code
  File "<frozen importlib._bootstrap_external>", line 741, in source_to_code
  File "<frozen importlib._bootstrap>", line 219, in _call_with_frames_removed
  File "/opt/airflow/dags/day1_challenge2.py", line 12
    ) as dag:
            ^
SyntaxError: unexpected EOF while parsing
[2021-09-27 15:42:42,408] {processor.py:625} WARNING - No viable dags retrieved from /opt/airflow/dags/day1_challenge2.py
[2021-09-27 15:42:42,449] {processor.py:170} INFO - Processing /opt/airflow/dags/day1_challenge2.py took 0.071 seconds
[2021-09-27 15:43:12,865] {processor.py:162} INFO - Started process (PID=32446) to work on /opt/airflow/dags/day1_challenge2.py
[2021-09-27 15:43:12,875] {processor.py:613} INFO - Processing file /opt/airflow/dags/day1_challenge2.py for tasks to queue
[2021-09-27 15:43:12,878] {logging_mixin.py:109} INFO - [2021-09-27 15:43:12,878] {dagbag.py:496} INFO - Filling up the DagBag from /opt/airflow/dags/day1_challenge2.py
[2021-09-27 15:43:12,897] {logging_mixin.py:109} INFO - [2021-09-27 15:43:12,895] {dagbag.py:329} ERROR - Failed to import: /opt/airflow/dags/day1_challenge2.py
Traceback (most recent call last):
  File "/home/airflow/.local/lib/python3.6/site-packages/airflow/models/dagbag.py", line 326, in _load_modules_from_file
    loader.exec_module(new_module)
  File "<frozen importlib._bootstrap_external>", line 674, in exec_module
  File "<frozen importlib._bootstrap_external>", line 781, in get_code
  File "<frozen importlib._bootstrap_external>", line 741, in source_to_code
  File "<frozen importlib._bootstrap>", line 219, in _call_with_frames_removed
  File "/opt/airflow/dags/day1_challenge2.py", line 12
    ) as dag:
            ^
SyntaxError: unexpected EOF while parsing
[2021-09-27 15:43:12,901] {processor.py:625} WARNING - No viable dags retrieved from /opt/airflow/dags/day1_challenge2.py
[2021-09-27 15:43:12,937] {processor.py:170} INFO - Processing /opt/airflow/dags/day1_challenge2.py took 0.087 seconds
[2021-09-27 15:43:43,372] {processor.py:162} INFO - Started process (PID=32651) to work on /opt/airflow/dags/day1_challenge2.py
[2021-09-27 15:43:43,380] {processor.py:613} INFO - Processing file /opt/airflow/dags/day1_challenge2.py for tasks to queue
[2021-09-27 15:43:43,382] {logging_mixin.py:109} INFO - [2021-09-27 15:43:43,382] {dagbag.py:496} INFO - Filling up the DagBag from /opt/airflow/dags/day1_challenge2.py
[2021-09-27 15:43:43,394] {logging_mixin.py:109} INFO - [2021-09-27 15:43:43,392] {dagbag.py:329} ERROR - Failed to import: /opt/airflow/dags/day1_challenge2.py
Traceback (most recent call last):
  File "/home/airflow/.local/lib/python3.6/site-packages/airflow/models/dagbag.py", line 326, in _load_modules_from_file
    loader.exec_module(new_module)
  File "<frozen importlib._bootstrap_external>", line 674, in exec_module
  File "<frozen importlib._bootstrap_external>", line 781, in get_code
  File "<frozen importlib._bootstrap_external>", line 741, in source_to_code
  File "<frozen importlib._bootstrap>", line 219, in _call_with_frames_removed
  File "/opt/airflow/dags/day1_challenge2.py", line 12
    ) as dag:
            ^
SyntaxError: unexpected EOF while parsing
[2021-09-27 15:43:43,403] {processor.py:625} WARNING - No viable dags retrieved from /opt/airflow/dags/day1_challenge2.py
[2021-09-27 15:43:43,439] {processor.py:170} INFO - Processing /opt/airflow/dags/day1_challenge2.py took 0.078 seconds
[2021-09-27 15:44:13,812] {processor.py:162} INFO - Started process (PID=32841) to work on /opt/airflow/dags/day1_challenge2.py
[2021-09-27 15:44:13,820] {processor.py:613} INFO - Processing file /opt/airflow/dags/day1_challenge2.py for tasks to queue
[2021-09-27 15:44:13,826] {logging_mixin.py:109} INFO - [2021-09-27 15:44:13,825] {dagbag.py:496} INFO - Filling up the DagBag from /opt/airflow/dags/day1_challenge2.py
[2021-09-27 15:44:13,842] {logging_mixin.py:109} INFO - [2021-09-27 15:44:13,841] {dagbag.py:329} ERROR - Failed to import: /opt/airflow/dags/day1_challenge2.py
Traceback (most recent call last):
  File "/home/airflow/.local/lib/python3.6/site-packages/airflow/models/dagbag.py", line 326, in _load_modules_from_file
    loader.exec_module(new_module)
  File "<frozen importlib._bootstrap_external>", line 674, in exec_module
  File "<frozen importlib._bootstrap_external>", line 781, in get_code
  File "<frozen importlib._bootstrap_external>", line 741, in source_to_code
  File "<frozen importlib._bootstrap>", line 219, in _call_with_frames_removed
  File "/opt/airflow/dags/day1_challenge2.py", line 12
    ) as dag:
            ^
SyntaxError: unexpected EOF while parsing
[2021-09-27 15:44:13,856] {processor.py:625} WARNING - No viable dags retrieved from /opt/airflow/dags/day1_challenge2.py
[2021-09-27 15:44:13,901] {processor.py:170} INFO - Processing /opt/airflow/dags/day1_challenge2.py took 0.104 seconds
[2021-09-27 15:44:44,328] {processor.py:162} INFO - Started process (PID=33041) to work on /opt/airflow/dags/day1_challenge2.py
[2021-09-27 15:44:44,336] {processor.py:613} INFO - Processing file /opt/airflow/dags/day1_challenge2.py for tasks to queue
[2021-09-27 15:44:44,339] {logging_mixin.py:109} INFO - [2021-09-27 15:44:44,339] {dagbag.py:496} INFO - Filling up the DagBag from /opt/airflow/dags/day1_challenge2.py
[2021-09-27 15:44:44,358] {logging_mixin.py:109} INFO - [2021-09-27 15:44:44,353] {dagbag.py:329} ERROR - Failed to import: /opt/airflow/dags/day1_challenge2.py
Traceback (most recent call last):
  File "/home/airflow/.local/lib/python3.6/site-packages/airflow/models/dagbag.py", line 326, in _load_modules_from_file
    loader.exec_module(new_module)
  File "<frozen importlib._bootstrap_external>", line 674, in exec_module
  File "<frozen importlib._bootstrap_external>", line 781, in get_code
  File "<frozen importlib._bootstrap_external>", line 741, in source_to_code
  File "<frozen importlib._bootstrap>", line 219, in _call_with_frames_removed
  File "/opt/airflow/dags/day1_challenge2.py", line 12
    ) as dag:
            ^
SyntaxError: unexpected EOF while parsing
[2021-09-27 15:44:44,363] {processor.py:625} WARNING - No viable dags retrieved from /opt/airflow/dags/day1_challenge2.py
[2021-09-27 15:44:44,408] {processor.py:170} INFO - Processing /opt/airflow/dags/day1_challenge2.py took 0.095 seconds
[2021-09-27 15:45:14,620] {processor.py:162} INFO - Started process (PID=33235) to work on /opt/airflow/dags/day1_challenge2.py
[2021-09-27 15:45:14,630] {processor.py:613} INFO - Processing file /opt/airflow/dags/day1_challenge2.py for tasks to queue
[2021-09-27 15:45:14,632] {logging_mixin.py:109} INFO - [2021-09-27 15:45:14,632] {dagbag.py:496} INFO - Filling up the DagBag from /opt/airflow/dags/day1_challenge2.py
[2021-09-27 15:45:14,647] {logging_mixin.py:109} INFO - [2021-09-27 15:45:14,645] {dagbag.py:329} ERROR - Failed to import: /opt/airflow/dags/day1_challenge2.py
Traceback (most recent call last):
  File "/home/airflow/.local/lib/python3.6/site-packages/airflow/models/dagbag.py", line 326, in _load_modules_from_file
    loader.exec_module(new_module)
  File "<frozen importlib._bootstrap_external>", line 674, in exec_module
  File "<frozen importlib._bootstrap_external>", line 781, in get_code
  File "<frozen importlib._bootstrap_external>", line 741, in source_to_code
  File "<frozen importlib._bootstrap>", line 219, in _call_with_frames_removed
  File "/opt/airflow/dags/day1_challenge2.py", line 12
    ) as dag:
            ^
SyntaxError: unexpected EOF while parsing
[2021-09-27 15:45:14,652] {processor.py:625} WARNING - No viable dags retrieved from /opt/airflow/dags/day1_challenge2.py
[2021-09-27 15:45:14,677] {processor.py:170} INFO - Processing /opt/airflow/dags/day1_challenge2.py took 0.061 seconds
[2021-09-27 15:45:44,985] {processor.py:162} INFO - Started process (PID=33425) to work on /opt/airflow/dags/day1_challenge2.py
[2021-09-27 15:45:44,994] {processor.py:613} INFO - Processing file /opt/airflow/dags/day1_challenge2.py for tasks to queue
[2021-09-27 15:45:44,998] {logging_mixin.py:109} INFO - [2021-09-27 15:45:44,997] {dagbag.py:496} INFO - Filling up the DagBag from /opt/airflow/dags/day1_challenge2.py
[2021-09-27 15:45:45,011] {logging_mixin.py:109} INFO - [2021-09-27 15:45:45,008] {dagbag.py:329} ERROR - Failed to import: /opt/airflow/dags/day1_challenge2.py
Traceback (most recent call last):
  File "/home/airflow/.local/lib/python3.6/site-packages/airflow/models/dagbag.py", line 326, in _load_modules_from_file
    loader.exec_module(new_module)
  File "<frozen importlib._bootstrap_external>", line 674, in exec_module
  File "<frozen importlib._bootstrap_external>", line 781, in get_code
  File "<frozen importlib._bootstrap_external>", line 741, in source_to_code
  File "<frozen importlib._bootstrap>", line 219, in _call_with_frames_removed
  File "/opt/airflow/dags/day1_challenge2.py", line 12
    ) as dag:
            ^
SyntaxError: unexpected EOF while parsing
[2021-09-27 15:45:45,014] {processor.py:625} WARNING - No viable dags retrieved from /opt/airflow/dags/day1_challenge2.py
[2021-09-27 15:45:45,044] {processor.py:170} INFO - Processing /opt/airflow/dags/day1_challenge2.py took 0.074 seconds
[2021-09-27 15:46:15,903] {processor.py:162} INFO - Started process (PID=33629) to work on /opt/airflow/dags/day1_challenge2.py
[2021-09-27 15:46:15,906] {processor.py:613} INFO - Processing file /opt/airflow/dags/day1_challenge2.py for tasks to queue
[2021-09-27 15:46:15,909] {logging_mixin.py:109} INFO - [2021-09-27 15:46:15,908] {dagbag.py:496} INFO - Filling up the DagBag from /opt/airflow/dags/day1_challenge2.py
[2021-09-27 15:46:15,929] {logging_mixin.py:109} INFO - [2021-09-27 15:46:15,927] {dagbag.py:329} ERROR - Failed to import: /opt/airflow/dags/day1_challenge2.py
Traceback (most recent call last):
  File "/home/airflow/.local/lib/python3.6/site-packages/airflow/models/dagbag.py", line 326, in _load_modules_from_file
    loader.exec_module(new_module)
  File "<frozen importlib._bootstrap_external>", line 674, in exec_module
  File "<frozen importlib._bootstrap_external>", line 781, in get_code
  File "<frozen importlib._bootstrap_external>", line 741, in source_to_code
  File "<frozen importlib._bootstrap>", line 219, in _call_with_frames_removed
  File "/opt/airflow/dags/day1_challenge2.py", line 12
    ) as dag:
            ^
SyntaxError: unexpected EOF while parsing
[2021-09-27 15:46:15,940] {processor.py:625} WARNING - No viable dags retrieved from /opt/airflow/dags/day1_challenge2.py
[2021-09-27 15:46:15,983] {processor.py:170} INFO - Processing /opt/airflow/dags/day1_challenge2.py took 0.087 seconds
[2021-09-27 15:46:46,219] {processor.py:162} INFO - Started process (PID=33824) to work on /opt/airflow/dags/day1_challenge2.py
[2021-09-27 15:46:46,224] {processor.py:613} INFO - Processing file /opt/airflow/dags/day1_challenge2.py for tasks to queue
[2021-09-27 15:46:46,226] {logging_mixin.py:109} INFO - [2021-09-27 15:46:46,226] {dagbag.py:496} INFO - Filling up the DagBag from /opt/airflow/dags/day1_challenge2.py
[2021-09-27 15:46:46,243] {logging_mixin.py:109} INFO - [2021-09-27 15:46:46,241] {dagbag.py:329} ERROR - Failed to import: /opt/airflow/dags/day1_challenge2.py
Traceback (most recent call last):
  File "/home/airflow/.local/lib/python3.6/site-packages/airflow/models/dagbag.py", line 326, in _load_modules_from_file
    loader.exec_module(new_module)
  File "<frozen importlib._bootstrap_external>", line 674, in exec_module
  File "<frozen importlib._bootstrap_external>", line 781, in get_code
  File "<frozen importlib._bootstrap_external>", line 741, in source_to_code
  File "<frozen importlib._bootstrap>", line 219, in _call_with_frames_removed
  File "/opt/airflow/dags/day1_challenge2.py", line 12
    ) as dag:
            ^
SyntaxError: unexpected EOF while parsing
[2021-09-27 15:46:46,245] {processor.py:625} WARNING - No viable dags retrieved from /opt/airflow/dags/day1_challenge2.py
[2021-09-27 15:46:46,295] {processor.py:170} INFO - Processing /opt/airflow/dags/day1_challenge2.py took 0.080 seconds
[2021-09-27 15:47:16,477] {processor.py:162} INFO - Started process (PID=34026) to work on /opt/airflow/dags/day1_challenge2.py
[2021-09-27 15:47:16,486] {processor.py:613} INFO - Processing file /opt/airflow/dags/day1_challenge2.py for tasks to queue
[2021-09-27 15:47:16,489] {logging_mixin.py:109} INFO - [2021-09-27 15:47:16,489] {dagbag.py:496} INFO - Filling up the DagBag from /opt/airflow/dags/day1_challenge2.py
[2021-09-27 15:47:16,504] {logging_mixin.py:109} INFO - [2021-09-27 15:47:16,502] {dagbag.py:329} ERROR - Failed to import: /opt/airflow/dags/day1_challenge2.py
Traceback (most recent call last):
  File "/home/airflow/.local/lib/python3.6/site-packages/airflow/models/dagbag.py", line 326, in _load_modules_from_file
    loader.exec_module(new_module)
  File "<frozen importlib._bootstrap_external>", line 674, in exec_module
  File "<frozen importlib._bootstrap_external>", line 781, in get_code
  File "<frozen importlib._bootstrap_external>", line 741, in source_to_code
  File "<frozen importlib._bootstrap>", line 219, in _call_with_frames_removed
  File "/opt/airflow/dags/day1_challenge2.py", line 12
    ) as dag:
            ^
SyntaxError: unexpected EOF while parsing
[2021-09-27 15:47:16,508] {processor.py:625} WARNING - No viable dags retrieved from /opt/airflow/dags/day1_challenge2.py
[2021-09-27 15:47:16,548] {processor.py:170} INFO - Processing /opt/airflow/dags/day1_challenge2.py took 0.084 seconds
[2021-09-27 15:47:46,889] {processor.py:162} INFO - Started process (PID=34217) to work on /opt/airflow/dags/day1_challenge2.py
[2021-09-27 15:47:46,900] {processor.py:613} INFO - Processing file /opt/airflow/dags/day1_challenge2.py for tasks to queue
[2021-09-27 15:47:46,902] {logging_mixin.py:109} INFO - [2021-09-27 15:47:46,902] {dagbag.py:496} INFO - Filling up the DagBag from /opt/airflow/dags/day1_challenge2.py
[2021-09-27 15:47:46,912] {logging_mixin.py:109} INFO - [2021-09-27 15:47:46,911] {dagbag.py:329} ERROR - Failed to import: /opt/airflow/dags/day1_challenge2.py
Traceback (most recent call last):
  File "/home/airflow/.local/lib/python3.6/site-packages/airflow/models/dagbag.py", line 326, in _load_modules_from_file
    loader.exec_module(new_module)
  File "<frozen importlib._bootstrap_external>", line 674, in exec_module
  File "<frozen importlib._bootstrap_external>", line 781, in get_code
  File "<frozen importlib._bootstrap_external>", line 741, in source_to_code
  File "<frozen importlib._bootstrap>", line 219, in _call_with_frames_removed
  File "/opt/airflow/dags/day1_challenge2.py", line 12
    ) as dag:
            ^
SyntaxError: unexpected EOF while parsing
[2021-09-27 15:47:46,917] {processor.py:625} WARNING - No viable dags retrieved from /opt/airflow/dags/day1_challenge2.py
[2021-09-27 15:47:46,952] {processor.py:170} INFO - Processing /opt/airflow/dags/day1_challenge2.py took 0.073 seconds
[2021-09-27 15:48:17,242] {processor.py:162} INFO - Started process (PID=34424) to work on /opt/airflow/dags/day1_challenge2.py
[2021-09-27 15:48:17,248] {processor.py:613} INFO - Processing file /opt/airflow/dags/day1_challenge2.py for tasks to queue
[2021-09-27 15:48:17,249] {logging_mixin.py:109} INFO - [2021-09-27 15:48:17,249] {dagbag.py:496} INFO - Filling up the DagBag from /opt/airflow/dags/day1_challenge2.py
[2021-09-27 15:48:17,263] {logging_mixin.py:109} INFO - [2021-09-27 15:48:17,260] {dagbag.py:329} ERROR - Failed to import: /opt/airflow/dags/day1_challenge2.py
Traceback (most recent call last):
  File "/home/airflow/.local/lib/python3.6/site-packages/airflow/models/dagbag.py", line 326, in _load_modules_from_file
    loader.exec_module(new_module)
  File "<frozen importlib._bootstrap_external>", line 674, in exec_module
  File "<frozen importlib._bootstrap_external>", line 781, in get_code
  File "<frozen importlib._bootstrap_external>", line 741, in source_to_code
  File "<frozen importlib._bootstrap>", line 219, in _call_with_frames_removed
  File "/opt/airflow/dags/day1_challenge2.py", line 12
    ) as dag:
            ^
SyntaxError: unexpected EOF while parsing
[2021-09-27 15:48:17,266] {processor.py:625} WARNING - No viable dags retrieved from /opt/airflow/dags/day1_challenge2.py
[2021-09-27 15:48:17,296] {processor.py:170} INFO - Processing /opt/airflow/dags/day1_challenge2.py took 0.065 seconds
[2021-09-27 15:48:47,880] {processor.py:162} INFO - Started process (PID=34616) to work on /opt/airflow/dags/day1_challenge2.py
[2021-09-27 15:48:47,884] {processor.py:613} INFO - Processing file /opt/airflow/dags/day1_challenge2.py for tasks to queue
[2021-09-27 15:48:47,886] {logging_mixin.py:109} INFO - [2021-09-27 15:48:47,885] {dagbag.py:496} INFO - Filling up the DagBag from /opt/airflow/dags/day1_challenge2.py
[2021-09-27 15:48:47,910] {logging_mixin.py:109} INFO - [2021-09-27 15:48:47,906] {dagbag.py:329} ERROR - Failed to import: /opt/airflow/dags/day1_challenge2.py
Traceback (most recent call last):
  File "/home/airflow/.local/lib/python3.6/site-packages/airflow/models/dagbag.py", line 326, in _load_modules_from_file
    loader.exec_module(new_module)
  File "<frozen importlib._bootstrap_external>", line 674, in exec_module
  File "<frozen importlib._bootstrap_external>", line 781, in get_code
  File "<frozen importlib._bootstrap_external>", line 741, in source_to_code
  File "<frozen importlib._bootstrap>", line 219, in _call_with_frames_removed
  File "/opt/airflow/dags/day1_challenge2.py", line 12
    ) as dag:
            ^
SyntaxError: unexpected EOF while parsing
[2021-09-27 15:48:47,924] {processor.py:625} WARNING - No viable dags retrieved from /opt/airflow/dags/day1_challenge2.py
[2021-09-27 15:48:47,978] {processor.py:170} INFO - Processing /opt/airflow/dags/day1_challenge2.py took 0.102 seconds
[2021-09-27 15:49:09,139] {processor.py:162} INFO - Started process (PID=34753) to work on /opt/airflow/dags/day1_challenge2.py
[2021-09-27 15:49:09,143] {processor.py:613} INFO - Processing file /opt/airflow/dags/day1_challenge2.py for tasks to queue
[2021-09-27 15:49:09,148] {logging_mixin.py:109} INFO - [2021-09-27 15:49:09,147] {dagbag.py:496} INFO - Filling up the DagBag from /opt/airflow/dags/day1_challenge2.py
[2021-09-27 15:49:09,207] {logging_mixin.py:109} INFO - [2021-09-27 15:49:09,196] {dagbag.py:329} ERROR - Failed to import: /opt/airflow/dags/day1_challenge2.py
Traceback (most recent call last):
  File "/home/airflow/.local/lib/python3.6/site-packages/airflow/models/dagbag.py", line 326, in _load_modules_from_file
    loader.exec_module(new_module)
  File "<frozen importlib._bootstrap_external>", line 678, in exec_module
  File "<frozen importlib._bootstrap>", line 219, in _call_with_frames_removed
  File "/opt/airflow/dags/day1_challenge2.py", line 24, in <module>
    tags=['saksiam']
TypeError: __init__() got an unexpected keyword argument 'defalut_args'
[2021-09-27 15:49:09,213] {processor.py:625} WARNING - No viable dags retrieved from /opt/airflow/dags/day1_challenge2.py
[2021-09-27 15:49:09,255] {processor.py:170} INFO - Processing /opt/airflow/dags/day1_challenge2.py took 0.128 seconds
[2021-09-27 15:49:37,402] {processor.py:162} INFO - Started process (PID=34929) to work on /opt/airflow/dags/day1_challenge2.py
[2021-09-27 15:49:37,405] {processor.py:613} INFO - Processing file /opt/airflow/dags/day1_challenge2.py for tasks to queue
[2021-09-27 15:49:37,408] {logging_mixin.py:109} INFO - [2021-09-27 15:49:37,408] {dagbag.py:496} INFO - Filling up the DagBag from /opt/airflow/dags/day1_challenge2.py
[2021-09-27 15:49:37,465] {logging_mixin.py:109} INFO - [2021-09-27 15:49:37,458] {dagbag.py:329} ERROR - Failed to import: /opt/airflow/dags/day1_challenge2.py
Traceback (most recent call last):
  File "/home/airflow/.local/lib/python3.6/site-packages/airflow/models/dagbag.py", line 326, in _load_modules_from_file
    loader.exec_module(new_module)
  File "<frozen importlib._bootstrap_external>", line 678, in exec_module
  File "<frozen importlib._bootstrap>", line 219, in _call_with_frames_removed
  File "/opt/airflow/dags/day1_challenge2.py", line 31, in <module>
    bash_command="echo 'hello'"
  File "/home/airflow/.local/lib/python3.6/site-packages/airflow/models/baseoperator.py", line 178, in apply_defaults
    result = func(self, *args, **kwargs)
  File "/home/airflow/.local/lib/python3.6/site-packages/airflow/operators/bash.py", line 139, in __init__
    super().__init__(**kwargs)
  File "/home/airflow/.local/lib/python3.6/site-packages/airflow/models/baseoperator.py", line 167, in apply_defaults
    raise AirflowException(msg)
airflow.exceptions.AirflowException: Argument ['task_id'] is required
[2021-09-27 15:49:37,469] {processor.py:625} WARNING - No viable dags retrieved from /opt/airflow/dags/day1_challenge2.py
[2021-09-27 15:49:37,496] {processor.py:170} INFO - Processing /opt/airflow/dags/day1_challenge2.py took 0.106 seconds
[2021-09-27 15:49:38,786] {processor.py:162} INFO - Started process (PID=34949) to work on /opt/airflow/dags/day1_challenge2.py
[2021-09-27 15:49:38,791] {processor.py:613} INFO - Processing file /opt/airflow/dags/day1_challenge2.py for tasks to queue
[2021-09-27 15:49:38,805] {logging_mixin.py:109} INFO - [2021-09-27 15:49:38,798] {dagbag.py:496} INFO - Filling up the DagBag from /opt/airflow/dags/day1_challenge2.py
[2021-09-27 15:49:38,872] {logging_mixin.py:109} INFO - [2021-09-27 15:49:38,862] {dagbag.py:329} ERROR - Failed to import: /opt/airflow/dags/day1_challenge2.py
Traceback (most recent call last):
  File "/home/airflow/.local/lib/python3.6/site-packages/airflow/models/dagbag.py", line 326, in _load_modules_from_file
    loader.exec_module(new_module)
  File "<frozen importlib._bootstrap_external>", line 678, in exec_module
  File "<frozen importlib._bootstrap>", line 219, in _call_with_frames_removed
  File "/opt/airflow/dags/day1_challenge2.py", line 31, in <module>
    bash_command="echo 'hello'"
  File "/home/airflow/.local/lib/python3.6/site-packages/airflow/models/baseoperator.py", line 178, in apply_defaults
    result = func(self, *args, **kwargs)
  File "/home/airflow/.local/lib/python3.6/site-packages/airflow/operators/bash.py", line 139, in __init__
    super().__init__(**kwargs)
  File "/home/airflow/.local/lib/python3.6/site-packages/airflow/models/baseoperator.py", line 167, in apply_defaults
    raise AirflowException(msg)
airflow.exceptions.AirflowException: Argument ['task_id'] is required
[2021-09-27 15:49:38,875] {processor.py:625} WARNING - No viable dags retrieved from /opt/airflow/dags/day1_challenge2.py
[2021-09-27 15:49:38,926] {processor.py:170} INFO - Processing /opt/airflow/dags/day1_challenge2.py took 0.154 seconds
[2021-09-27 15:50:09,286] {processor.py:162} INFO - Started process (PID=35155) to work on /opt/airflow/dags/day1_challenge2.py
[2021-09-27 15:50:09,293] {processor.py:613} INFO - Processing file /opt/airflow/dags/day1_challenge2.py for tasks to queue
[2021-09-27 15:50:09,294] {logging_mixin.py:109} INFO - [2021-09-27 15:50:09,294] {dagbag.py:496} INFO - Filling up the DagBag from /opt/airflow/dags/day1_challenge2.py
[2021-09-27 15:50:09,319] {logging_mixin.py:109} INFO - [2021-09-27 15:50:09,314] {dagbag.py:329} ERROR - Failed to import: /opt/airflow/dags/day1_challenge2.py
Traceback (most recent call last):
  File "/home/airflow/.local/lib/python3.6/site-packages/airflow/models/dagbag.py", line 326, in _load_modules_from_file
    loader.exec_module(new_module)
  File "<frozen importlib._bootstrap_external>", line 678, in exec_module
  File "<frozen importlib._bootstrap>", line 219, in _call_with_frames_removed
  File "/opt/airflow/dags/day1_challenge2.py", line 31, in <module>
    bash_command="echo 'hello'"
  File "/home/airflow/.local/lib/python3.6/site-packages/airflow/models/baseoperator.py", line 178, in apply_defaults
    result = func(self, *args, **kwargs)
  File "/home/airflow/.local/lib/python3.6/site-packages/airflow/operators/bash.py", line 139, in __init__
    super().__init__(**kwargs)
  File "/home/airflow/.local/lib/python3.6/site-packages/airflow/models/baseoperator.py", line 167, in apply_defaults
    raise AirflowException(msg)
airflow.exceptions.AirflowException: Argument ['task_id'] is required
[2021-09-27 15:50:09,322] {processor.py:625} WARNING - No viable dags retrieved from /opt/airflow/dags/day1_challenge2.py
[2021-09-27 15:50:09,350] {processor.py:170} INFO - Processing /opt/airflow/dags/day1_challenge2.py took 0.071 seconds
[2021-09-27 15:50:16,338] {processor.py:162} INFO - Started process (PID=35210) to work on /opt/airflow/dags/day1_challenge2.py
[2021-09-27 15:50:16,340] {processor.py:613} INFO - Processing file /opt/airflow/dags/day1_challenge2.py for tasks to queue
[2021-09-27 15:50:16,345] {logging_mixin.py:109} INFO - [2021-09-27 15:50:16,344] {dagbag.py:496} INFO - Filling up the DagBag from /opt/airflow/dags/day1_challenge2.py
[2021-09-27 15:50:16,398] {processor.py:623} INFO - DAG(s) dict_keys(['day1_challenge2']) retrieved from /opt/airflow/dags/day1_challenge2.py
[2021-09-27 15:50:25,762] {logging_mixin.py:109} INFO - [2021-09-27 15:50:25,760] {dag.py:1834} INFO - Sync 1 DAGs
[2021-09-27 15:50:25,773] {logging_mixin.py:109} INFO - [2021-09-27 15:50:25,772] {dag.py:1853} INFO - Creating ORM DAG for day1_challenge2
[2021-09-27 15:50:25,784] {logging_mixin.py:109} INFO - [2021-09-27 15:50:25,784] {dag.py:2287} INFO - Setting next_dagrun for day1_challenge2 to 2021-09-27T15:40:00+00:00
[2021-09-27 15:50:25,811] {processor.py:170} INFO - Processing /opt/airflow/dags/day1_challenge2.py took 9.476 seconds
[2021-09-27 15:50:56,164] {processor.py:162} INFO - Started process (PID=35464) to work on /opt/airflow/dags/day1_challenge2.py
[2021-09-27 15:50:56,169] {processor.py:613} INFO - Processing file /opt/airflow/dags/day1_challenge2.py for tasks to queue
[2021-09-27 15:50:56,172] {logging_mixin.py:109} INFO - [2021-09-27 15:50:56,172] {dagbag.py:496} INFO - Filling up the DagBag from /opt/airflow/dags/day1_challenge2.py
[2021-09-27 15:50:56,249] {processor.py:623} INFO - DAG(s) dict_keys(['day1_challenge2']) retrieved from /opt/airflow/dags/day1_challenge2.py
[2021-09-27 15:50:56,460] {logging_mixin.py:109} INFO - [2021-09-27 15:50:56,460] {dag.py:1834} INFO - Sync 1 DAGs
[2021-09-27 15:50:56,532] {logging_mixin.py:109} INFO - [2021-09-27 15:50:56,532] {dag.py:2287} INFO - Setting next_dagrun for day1_challenge2 to 2021-09-27T15:40:00+00:00
[2021-09-27 15:50:56,564] {processor.py:170} INFO - Processing /opt/airflow/dags/day1_challenge2.py took 0.408 seconds
[2021-09-27 15:51:27,618] {processor.py:162} INFO - Started process (PID=35667) to work on /opt/airflow/dags/day1_challenge2.py
[2021-09-27 15:51:27,637] {processor.py:613} INFO - Processing file /opt/airflow/dags/day1_challenge2.py for tasks to queue
[2021-09-27 15:51:27,642] {logging_mixin.py:109} INFO - [2021-09-27 15:51:27,641] {dagbag.py:496} INFO - Filling up the DagBag from /opt/airflow/dags/day1_challenge2.py
[2021-09-27 15:51:27,700] {processor.py:623} INFO - DAG(s) dict_keys(['day1_challenge2']) retrieved from /opt/airflow/dags/day1_challenge2.py
[2021-09-27 15:51:27,747] {logging_mixin.py:109} INFO - [2021-09-27 15:51:27,747] {dag.py:1834} INFO - Sync 1 DAGs
[2021-09-27 15:51:27,807] {logging_mixin.py:109} INFO - [2021-09-27 15:51:27,806] {dag.py:2287} INFO - Setting next_dagrun for day1_challenge2 to 2021-09-27T15:40:00+00:00
[2021-09-27 15:51:27,827] {processor.py:170} INFO - Processing /opt/airflow/dags/day1_challenge2.py took 0.216 seconds
[2021-09-27 15:51:58,017] {processor.py:162} INFO - Started process (PID=35874) to work on /opt/airflow/dags/day1_challenge2.py
[2021-09-27 15:51:58,031] {processor.py:613} INFO - Processing file /opt/airflow/dags/day1_challenge2.py for tasks to queue
[2021-09-27 15:51:58,033] {logging_mixin.py:109} INFO - [2021-09-27 15:51:58,033] {dagbag.py:496} INFO - Filling up the DagBag from /opt/airflow/dags/day1_challenge2.py
[2021-09-27 15:51:58,083] {processor.py:623} INFO - DAG(s) dict_keys(['day1_challenge2']) retrieved from /opt/airflow/dags/day1_challenge2.py
[2021-09-27 15:51:58,127] {logging_mixin.py:109} INFO - [2021-09-27 15:51:58,127] {dag.py:1834} INFO - Sync 1 DAGs
[2021-09-27 15:51:58,152] {logging_mixin.py:109} INFO - [2021-09-27 15:51:58,151] {dag.py:2287} INFO - Setting next_dagrun for day1_challenge2 to 2021-09-27T15:50:00+00:00
[2021-09-27 15:51:58,182] {processor.py:170} INFO - Processing /opt/airflow/dags/day1_challenge2.py took 0.175 seconds
[2021-09-27 15:52:28,387] {processor.py:162} INFO - Started process (PID=36071) to work on /opt/airflow/dags/day1_challenge2.py
[2021-09-27 15:52:28,393] {processor.py:613} INFO - Processing file /opt/airflow/dags/day1_challenge2.py for tasks to queue
[2021-09-27 15:52:28,397] {logging_mixin.py:109} INFO - [2021-09-27 15:52:28,397] {dagbag.py:496} INFO - Filling up the DagBag from /opt/airflow/dags/day1_challenge2.py
[2021-09-27 15:52:28,444] {processor.py:623} INFO - DAG(s) dict_keys(['day1_challenge2']) retrieved from /opt/airflow/dags/day1_challenge2.py
[2021-09-27 15:52:28,487] {logging_mixin.py:109} INFO - [2021-09-27 15:52:28,487] {dag.py:1834} INFO - Sync 1 DAGs
[2021-09-27 15:52:28,526] {logging_mixin.py:109} INFO - [2021-09-27 15:52:28,525] {dag.py:2287} INFO - Setting next_dagrun for day1_challenge2 to 2021-09-27T15:50:00+00:00
[2021-09-27 15:52:28,568] {processor.py:170} INFO - Processing /opt/airflow/dags/day1_challenge2.py took 0.194 seconds
[2021-09-27 15:52:58,892] {processor.py:162} INFO - Started process (PID=36268) to work on /opt/airflow/dags/day1_challenge2.py
[2021-09-27 15:52:58,901] {processor.py:613} INFO - Processing file /opt/airflow/dags/day1_challenge2.py for tasks to queue
[2021-09-27 15:52:58,908] {logging_mixin.py:109} INFO - [2021-09-27 15:52:58,905] {dagbag.py:496} INFO - Filling up the DagBag from /opt/airflow/dags/day1_challenge2.py
[2021-09-27 15:52:58,955] {processor.py:623} INFO - DAG(s) dict_keys(['day1_challenge2']) retrieved from /opt/airflow/dags/day1_challenge2.py
[2021-09-27 15:52:58,985] {logging_mixin.py:109} INFO - [2021-09-27 15:52:58,985] {dag.py:1834} INFO - Sync 1 DAGs
[2021-09-27 15:52:59,017] {logging_mixin.py:109} INFO - [2021-09-27 15:52:59,017] {dag.py:2287} INFO - Setting next_dagrun for day1_challenge2 to 2021-09-27T15:50:00+00:00
[2021-09-27 15:52:59,037] {processor.py:170} INFO - Processing /opt/airflow/dags/day1_challenge2.py took 0.164 seconds
[2021-09-27 15:53:29,144] {processor.py:162} INFO - Started process (PID=36461) to work on /opt/airflow/dags/day1_challenge2.py
[2021-09-27 15:53:29,148] {processor.py:613} INFO - Processing file /opt/airflow/dags/day1_challenge2.py for tasks to queue
[2021-09-27 15:53:29,150] {logging_mixin.py:109} INFO - [2021-09-27 15:53:29,150] {dagbag.py:496} INFO - Filling up the DagBag from /opt/airflow/dags/day1_challenge2.py
[2021-09-27 15:53:29,215] {processor.py:623} INFO - DAG(s) dict_keys(['day1_challenge2']) retrieved from /opt/airflow/dags/day1_challenge2.py
[2021-09-27 15:53:29,265] {logging_mixin.py:109} INFO - [2021-09-27 15:53:29,264] {dag.py:1834} INFO - Sync 1 DAGs
[2021-09-27 15:53:29,297] {logging_mixin.py:109} INFO - [2021-09-27 15:53:29,297] {dag.py:2287} INFO - Setting next_dagrun for day1_challenge2 to 2021-09-27T15:50:00+00:00
[2021-09-27 15:53:29,313] {processor.py:170} INFO - Processing /opt/airflow/dags/day1_challenge2.py took 0.174 seconds
[2021-09-27 15:53:59,519] {processor.py:162} INFO - Started process (PID=36662) to work on /opt/airflow/dags/day1_challenge2.py
[2021-09-27 15:53:59,759] {processor.py:613} INFO - Processing file /opt/airflow/dags/day1_challenge2.py for tasks to queue
[2021-09-27 15:53:59,764] {logging_mixin.py:109} INFO - [2021-09-27 15:53:59,763] {dagbag.py:496} INFO - Filling up the DagBag from /opt/airflow/dags/day1_challenge2.py
[2021-09-27 15:53:59,855] {processor.py:623} INFO - DAG(s) dict_keys(['day1_challenge2']) retrieved from /opt/airflow/dags/day1_challenge2.py
[2021-09-27 15:53:59,941] {logging_mixin.py:109} INFO - [2021-09-27 15:53:59,941] {dag.py:1834} INFO - Sync 1 DAGs
[2021-09-27 15:53:59,991] {logging_mixin.py:109} INFO - [2021-09-27 15:53:59,990] {dag.py:2287} INFO - Setting next_dagrun for day1_challenge2 to 2021-09-27T15:50:00+00:00
[2021-09-27 15:54:00,022] {processor.py:170} INFO - Processing /opt/airflow/dags/day1_challenge2.py took 0.507 seconds
[2021-09-27 15:54:30,101] {processor.py:162} INFO - Started process (PID=36854) to work on /opt/airflow/dags/day1_challenge2.py
[2021-09-27 15:54:30,105] {processor.py:613} INFO - Processing file /opt/airflow/dags/day1_challenge2.py for tasks to queue
[2021-09-27 15:54:30,109] {logging_mixin.py:109} INFO - [2021-09-27 15:54:30,109] {dagbag.py:496} INFO - Filling up the DagBag from /opt/airflow/dags/day1_challenge2.py
[2021-09-27 15:54:30,173] {processor.py:623} INFO - DAG(s) dict_keys(['day1_challenge2']) retrieved from /opt/airflow/dags/day1_challenge2.py
[2021-09-27 15:54:30,218] {logging_mixin.py:109} INFO - [2021-09-27 15:54:30,217] {dag.py:1834} INFO - Sync 1 DAGs
[2021-09-27 15:54:30,279] {logging_mixin.py:109} INFO - [2021-09-27 15:54:30,279] {dag.py:2287} INFO - Setting next_dagrun for day1_challenge2 to 2021-09-27T15:50:00+00:00
[2021-09-27 15:54:30,337] {processor.py:170} INFO - Processing /opt/airflow/dags/day1_challenge2.py took 0.247 seconds
[2021-09-27 15:55:01,470] {processor.py:162} INFO - Started process (PID=37046) to work on /opt/airflow/dags/day1_challenge2.py
[2021-09-27 15:55:01,474] {processor.py:613} INFO - Processing file /opt/airflow/dags/day1_challenge2.py for tasks to queue
[2021-09-27 15:55:01,479] {logging_mixin.py:109} INFO - [2021-09-27 15:55:01,479] {dagbag.py:496} INFO - Filling up the DagBag from /opt/airflow/dags/day1_challenge2.py
[2021-09-27 15:55:01,549] {processor.py:623} INFO - DAG(s) dict_keys(['day1_challenge2']) retrieved from /opt/airflow/dags/day1_challenge2.py
[2021-09-27 15:55:01,646] {logging_mixin.py:109} INFO - [2021-09-27 15:55:01,646] {dag.py:1834} INFO - Sync 1 DAGs
[2021-09-27 15:55:01,724] {logging_mixin.py:109} INFO - [2021-09-27 15:55:01,724] {dag.py:2287} INFO - Setting next_dagrun for day1_challenge2 to 2021-09-27T15:50:00+00:00
[2021-09-27 15:55:04,228] {processor.py:170} INFO - Processing /opt/airflow/dags/day1_challenge2.py took 2.771 seconds
[2021-09-27 15:55:35,992] {processor.py:162} INFO - Started process (PID=37253) to work on /opt/airflow/dags/day1_challenge2.py
[2021-09-27 15:55:35,999] {processor.py:613} INFO - Processing file /opt/airflow/dags/day1_challenge2.py for tasks to queue
[2021-09-27 15:55:36,005] {logging_mixin.py:109} INFO - [2021-09-27 15:55:36,005] {dagbag.py:496} INFO - Filling up the DagBag from /opt/airflow/dags/day1_challenge2.py
[2021-09-27 15:55:36,052] {processor.py:623} INFO - DAG(s) dict_keys(['day1_challenge2']) retrieved from /opt/airflow/dags/day1_challenge2.py
[2021-09-27 15:55:36,115] {logging_mixin.py:109} INFO - [2021-09-27 15:55:36,115] {dag.py:1834} INFO - Sync 1 DAGs
[2021-09-27 15:55:36,151] {logging_mixin.py:109} INFO - [2021-09-27 15:55:36,150] {dag.py:2287} INFO - Setting next_dagrun for day1_challenge2 to 2021-09-27T15:50:00+00:00
[2021-09-27 15:55:36,180] {processor.py:170} INFO - Processing /opt/airflow/dags/day1_challenge2.py took 0.196 seconds
[2021-09-27 15:56:06,789] {processor.py:162} INFO - Started process (PID=37445) to work on /opt/airflow/dags/day1_challenge2.py
[2021-09-27 15:56:06,791] {processor.py:613} INFO - Processing file /opt/airflow/dags/day1_challenge2.py for tasks to queue
[2021-09-27 15:56:06,793] {logging_mixin.py:109} INFO - [2021-09-27 15:56:06,793] {dagbag.py:496} INFO - Filling up the DagBag from /opt/airflow/dags/day1_challenge2.py
[2021-09-27 15:56:06,822] {processor.py:623} INFO - DAG(s) dict_keys(['day1_challenge2']) retrieved from /opt/airflow/dags/day1_challenge2.py
[2021-09-27 15:56:06,852] {logging_mixin.py:109} INFO - [2021-09-27 15:56:06,852] {dag.py:1834} INFO - Sync 1 DAGs
[2021-09-27 15:56:06,872] {logging_mixin.py:109} INFO - [2021-09-27 15:56:06,872] {dag.py:2287} INFO - Setting next_dagrun for day1_challenge2 to 2021-09-27T15:50:00+00:00
[2021-09-27 15:56:06,889] {processor.py:170} INFO - Processing /opt/airflow/dags/day1_challenge2.py took 0.103 seconds
[2021-09-27 15:56:36,274] {processor.py:162} INFO - Started process (PID=37647) to work on /opt/airflow/dags/day1_challenge2.py
[2021-09-27 15:56:36,280] {processor.py:613} INFO - Processing file /opt/airflow/dags/day1_challenge2.py for tasks to queue
[2021-09-27 15:56:36,282] {logging_mixin.py:109} INFO - [2021-09-27 15:56:36,282] {dagbag.py:496} INFO - Filling up the DagBag from /opt/airflow/dags/day1_challenge2.py
[2021-09-27 15:56:36,320] {processor.py:623} INFO - DAG(s) dict_keys(['day1_challenge2']) retrieved from /opt/airflow/dags/day1_challenge2.py
[2021-09-27 15:56:36,347] {logging_mixin.py:109} INFO - [2021-09-27 15:56:36,347] {dag.py:1834} INFO - Sync 1 DAGs
[2021-09-27 15:56:36,368] {logging_mixin.py:109} INFO - [2021-09-27 15:56:36,368] {dag.py:2287} INFO - Setting next_dagrun for day1_challenge2 to 2021-09-27T15:50:00+00:00
[2021-09-27 15:56:36,390] {processor.py:170} INFO - Processing /opt/airflow/dags/day1_challenge2.py took 0.121 seconds
[2021-09-27 15:57:07,236] {processor.py:162} INFO - Started process (PID=37839) to work on /opt/airflow/dags/day1_challenge2.py
[2021-09-27 15:57:07,249] {processor.py:613} INFO - Processing file /opt/airflow/dags/day1_challenge2.py for tasks to queue
[2021-09-27 15:57:07,252] {logging_mixin.py:109} INFO - [2021-09-27 15:57:07,252] {dagbag.py:496} INFO - Filling up the DagBag from /opt/airflow/dags/day1_challenge2.py
[2021-09-27 15:57:07,315] {processor.py:623} INFO - DAG(s) dict_keys(['day1_challenge2']) retrieved from /opt/airflow/dags/day1_challenge2.py
[2021-09-27 15:57:07,350] {logging_mixin.py:109} INFO - [2021-09-27 15:57:07,350] {dag.py:1834} INFO - Sync 1 DAGs
[2021-09-27 15:57:07,380] {logging_mixin.py:109} INFO - [2021-09-27 15:57:07,380] {dag.py:2287} INFO - Setting next_dagrun for day1_challenge2 to 2021-09-27T15:50:00+00:00
[2021-09-27 15:57:07,409] {processor.py:170} INFO - Processing /opt/airflow/dags/day1_challenge2.py took 0.184 seconds
[2021-09-27 15:57:38,010] {processor.py:162} INFO - Started process (PID=38038) to work on /opt/airflow/dags/day1_challenge2.py
[2021-09-27 15:57:38,015] {processor.py:613} INFO - Processing file /opt/airflow/dags/day1_challenge2.py for tasks to queue
[2021-09-27 15:57:38,018] {logging_mixin.py:109} INFO - [2021-09-27 15:57:38,017] {dagbag.py:496} INFO - Filling up the DagBag from /opt/airflow/dags/day1_challenge2.py
[2021-09-27 15:57:38,051] {processor.py:623} INFO - DAG(s) dict_keys(['day1_challenge2']) retrieved from /opt/airflow/dags/day1_challenge2.py
[2021-09-27 15:57:38,079] {logging_mixin.py:109} INFO - [2021-09-27 15:57:38,079] {dag.py:1834} INFO - Sync 1 DAGs
[2021-09-27 15:57:38,112] {logging_mixin.py:109} INFO - [2021-09-27 15:57:38,112] {dag.py:2287} INFO - Setting next_dagrun for day1_challenge2 to 2021-09-27T15:50:00+00:00
[2021-09-27 15:57:38,130] {processor.py:170} INFO - Processing /opt/airflow/dags/day1_challenge2.py took 0.129 seconds
[2021-09-27 15:58:08,679] {processor.py:162} INFO - Started process (PID=38240) to work on /opt/airflow/dags/day1_challenge2.py
[2021-09-27 15:58:08,682] {processor.py:613} INFO - Processing file /opt/airflow/dags/day1_challenge2.py for tasks to queue
[2021-09-27 15:58:08,685] {logging_mixin.py:109} INFO - [2021-09-27 15:58:08,684] {dagbag.py:496} INFO - Filling up the DagBag from /opt/airflow/dags/day1_challenge2.py
[2021-09-27 15:58:08,722] {processor.py:623} INFO - DAG(s) dict_keys(['day1_challenge2']) retrieved from /opt/airflow/dags/day1_challenge2.py
[2021-09-27 15:58:08,756] {logging_mixin.py:109} INFO - [2021-09-27 15:58:08,756] {dag.py:1834} INFO - Sync 1 DAGs
[2021-09-27 15:58:08,778] {logging_mixin.py:109} INFO - [2021-09-27 15:58:08,778] {dag.py:2287} INFO - Setting next_dagrun for day1_challenge2 to 2021-09-27T15:50:00+00:00
[2021-09-27 15:58:08,796] {processor.py:170} INFO - Processing /opt/airflow/dags/day1_challenge2.py took 0.121 seconds
[2021-09-27 15:58:30,008] {processor.py:162} INFO - Started process (PID=38382) to work on /opt/airflow/dags/day1_challenge2.py
[2021-09-27 15:58:30,012] {processor.py:613} INFO - Processing file /opt/airflow/dags/day1_challenge2.py for tasks to queue
[2021-09-27 15:58:30,015] {logging_mixin.py:109} INFO - [2021-09-27 15:58:30,014] {dagbag.py:496} INFO - Filling up the DagBag from /opt/airflow/dags/day1_challenge2.py
[2021-09-27 15:58:30,055] {processor.py:623} INFO - DAG(s) dict_keys(['day1_challenge2']) retrieved from /opt/airflow/dags/day1_challenge2.py
[2021-09-27 15:58:30,081] {logging_mixin.py:109} INFO - [2021-09-27 15:58:30,080] {dag.py:1834} INFO - Sync 1 DAGs
[2021-09-27 15:58:30,107] {logging_mixin.py:109} INFO - [2021-09-27 15:58:30,107] {dag.py:2287} INFO - Setting next_dagrun for day1_challenge2 to 2021-09-27T15:50:00+00:00
[2021-09-27 15:58:30,139] {processor.py:170} INFO - Processing /opt/airflow/dags/day1_challenge2.py took 0.136 seconds
[2021-09-27 15:59:00,946] {processor.py:162} INFO - Started process (PID=38577) to work on /opt/airflow/dags/day1_challenge2.py
[2021-09-27 15:59:00,968] {processor.py:613} INFO - Processing file /opt/airflow/dags/day1_challenge2.py for tasks to queue
[2021-09-27 15:59:00,988] {logging_mixin.py:109} INFO - [2021-09-27 15:59:00,977] {dagbag.py:496} INFO - Filling up the DagBag from /opt/airflow/dags/day1_challenge2.py
[2021-09-27 15:59:01,221] {processor.py:623} INFO - DAG(s) dict_keys(['day1_challenge2']) retrieved from /opt/airflow/dags/day1_challenge2.py
[2021-09-27 15:59:01,285] {logging_mixin.py:109} INFO - [2021-09-27 15:59:01,284] {dag.py:1834} INFO - Sync 1 DAGs
[2021-09-27 15:59:01,321] {logging_mixin.py:109} INFO - [2021-09-27 15:59:01,321] {dag.py:2287} INFO - Setting next_dagrun for day1_challenge2 to 2021-09-27T15:50:00+00:00
[2021-09-27 15:59:01,368] {processor.py:170} INFO - Processing /opt/airflow/dags/day1_challenge2.py took 0.443 seconds
[2021-09-27 15:59:31,482] {processor.py:162} INFO - Started process (PID=38777) to work on /opt/airflow/dags/day1_challenge2.py
[2021-09-27 15:59:31,496] {processor.py:613} INFO - Processing file /opt/airflow/dags/day1_challenge2.py for tasks to queue
[2021-09-27 15:59:31,502] {logging_mixin.py:109} INFO - [2021-09-27 15:59:31,502] {dagbag.py:496} INFO - Filling up the DagBag from /opt/airflow/dags/day1_challenge2.py
[2021-09-27 15:59:31,569] {processor.py:623} INFO - DAG(s) dict_keys(['day1_challenge2']) retrieved from /opt/airflow/dags/day1_challenge2.py
[2021-09-27 15:59:31,602] {logging_mixin.py:109} INFO - [2021-09-27 15:59:31,602] {dag.py:1834} INFO - Sync 1 DAGs
[2021-09-27 15:59:31,627] {logging_mixin.py:109} INFO - [2021-09-27 15:59:31,627] {dag.py:2287} INFO - Setting next_dagrun for day1_challenge2 to 2021-09-27T15:50:00+00:00
[2021-09-27 15:59:31,641] {processor.py:170} INFO - Processing /opt/airflow/dags/day1_challenge2.py took 0.166 seconds
[2021-09-27 16:00:02,044] {processor.py:162} INFO - Started process (PID=38969) to work on /opt/airflow/dags/day1_challenge2.py
[2021-09-27 16:00:02,062] {processor.py:613} INFO - Processing file /opt/airflow/dags/day1_challenge2.py for tasks to queue
[2021-09-27 16:00:02,093] {logging_mixin.py:109} INFO - [2021-09-27 16:00:02,090] {dagbag.py:496} INFO - Filling up the DagBag from /opt/airflow/dags/day1_challenge2.py
[2021-09-27 16:00:02,309] {processor.py:623} INFO - DAG(s) dict_keys(['day1_challenge2']) retrieved from /opt/airflow/dags/day1_challenge2.py
[2021-09-27 16:00:02,446] {logging_mixin.py:109} INFO - [2021-09-27 16:00:02,446] {dag.py:1834} INFO - Sync 1 DAGs
[2021-09-27 16:00:02,530] {logging_mixin.py:109} INFO - [2021-09-27 16:00:02,530] {dag.py:2287} INFO - Setting next_dagrun for day1_challenge2 to 2021-09-27T16:00:00+00:00
[2021-09-27 16:00:02,580] {processor.py:170} INFO - Processing /opt/airflow/dags/day1_challenge2.py took 0.579 seconds
[2021-09-27 16:00:33,442] {processor.py:162} INFO - Started process (PID=39173) to work on /opt/airflow/dags/day1_challenge2.py
[2021-09-27 16:00:33,446] {processor.py:613} INFO - Processing file /opt/airflow/dags/day1_challenge2.py for tasks to queue
[2021-09-27 16:00:33,448] {logging_mixin.py:109} INFO - [2021-09-27 16:00:33,448] {dagbag.py:496} INFO - Filling up the DagBag from /opt/airflow/dags/day1_challenge2.py
[2021-09-27 16:00:33,499] {processor.py:623} INFO - DAG(s) dict_keys(['day1_challenge2']) retrieved from /opt/airflow/dags/day1_challenge2.py
[2021-09-27 16:00:33,526] {logging_mixin.py:109} INFO - [2021-09-27 16:00:33,526] {dag.py:1834} INFO - Sync 1 DAGs
[2021-09-27 16:00:33,549] {logging_mixin.py:109} INFO - [2021-09-27 16:00:33,549] {dag.py:2287} INFO - Setting next_dagrun for day1_challenge2 to 2021-09-27T16:00:00+00:00
[2021-09-27 16:00:33,566] {processor.py:170} INFO - Processing /opt/airflow/dags/day1_challenge2.py took 0.133 seconds
[2021-09-27 16:01:03,777] {processor.py:162} INFO - Started process (PID=39375) to work on /opt/airflow/dags/day1_challenge2.py
[2021-09-27 16:01:03,785] {processor.py:613} INFO - Processing file /opt/airflow/dags/day1_challenge2.py for tasks to queue
[2021-09-27 16:01:03,792] {logging_mixin.py:109} INFO - [2021-09-27 16:01:03,791] {dagbag.py:496} INFO - Filling up the DagBag from /opt/airflow/dags/day1_challenge2.py
[2021-09-27 16:01:03,866] {processor.py:623} INFO - DAG(s) dict_keys(['day1_challenge2']) retrieved from /opt/airflow/dags/day1_challenge2.py
[2021-09-27 16:01:03,918] {logging_mixin.py:109} INFO - [2021-09-27 16:01:03,918] {dag.py:1834} INFO - Sync 1 DAGs
[2021-09-27 16:01:03,966] {logging_mixin.py:109} INFO - [2021-09-27 16:01:03,965] {dag.py:2287} INFO - Setting next_dagrun for day1_challenge2 to 2021-09-27T16:00:00+00:00
[2021-09-27 16:01:04,014] {processor.py:170} INFO - Processing /opt/airflow/dags/day1_challenge2.py took 0.255 seconds
[2021-09-27 16:01:28,109] {processor.py:162} INFO - Started process (PID=39514) to work on /opt/airflow/dags/day1_challenge2.py
[2021-09-27 16:01:28,113] {processor.py:613} INFO - Processing file /opt/airflow/dags/day1_challenge2.py for tasks to queue
[2021-09-27 16:01:28,122] {logging_mixin.py:109} INFO - [2021-09-27 16:01:28,121] {dagbag.py:496} INFO - Filling up the DagBag from /opt/airflow/dags/day1_challenge2.py
[2021-09-27 16:01:28,210] {processor.py:623} INFO - DAG(s) dict_keys(['day1_challenge2']) retrieved from /opt/airflow/dags/day1_challenge2.py
[2021-09-27 16:01:28,569] {logging_mixin.py:109} INFO - [2021-09-27 16:01:28,569] {dag.py:1834} INFO - Sync 1 DAGs
[2021-09-27 16:01:28,620] {logging_mixin.py:109} INFO - [2021-09-27 16:01:28,620] {dag.py:2287} INFO - Setting next_dagrun for day1_challenge2 to 2021-09-27T16:00:00+00:00
[2021-09-27 16:01:28,686] {processor.py:170} INFO - Processing /opt/airflow/dags/day1_challenge2.py took 0.607 seconds
[2021-09-27 16:02:00,237] {processor.py:162} INFO - Started process (PID=39717) to work on /opt/airflow/dags/day1_challenge2.py
[2021-09-27 16:02:00,254] {processor.py:613} INFO - Processing file /opt/airflow/dags/day1_challenge2.py for tasks to queue
[2021-09-27 16:02:00,258] {logging_mixin.py:109} INFO - [2021-09-27 16:02:00,258] {dagbag.py:496} INFO - Filling up the DagBag from /opt/airflow/dags/day1_challenge2.py
[2021-09-27 16:02:00,334] {processor.py:623} INFO - DAG(s) dict_keys(['day1_challenge2']) retrieved from /opt/airflow/dags/day1_challenge2.py
[2021-09-27 16:02:00,377] {logging_mixin.py:109} INFO - [2021-09-27 16:02:00,377] {dag.py:1834} INFO - Sync 1 DAGs
[2021-09-27 16:02:00,402] {logging_mixin.py:109} INFO - [2021-09-27 16:02:00,402] {dag.py:2287} INFO - Setting next_dagrun for day1_challenge2 to 2021-09-27T16:00:00+00:00
[2021-09-27 16:02:00,421] {processor.py:170} INFO - Processing /opt/airflow/dags/day1_challenge2.py took 0.331 seconds
[2021-09-27 16:02:31,083] {processor.py:162} INFO - Started process (PID=39917) to work on /opt/airflow/dags/day1_challenge2.py
[2021-09-27 16:02:31,099] {processor.py:613} INFO - Processing file /opt/airflow/dags/day1_challenge2.py for tasks to queue
[2021-09-27 16:02:31,105] {logging_mixin.py:109} INFO - [2021-09-27 16:02:31,104] {dagbag.py:496} INFO - Filling up the DagBag from /opt/airflow/dags/day1_challenge2.py
[2021-09-27 16:02:31,182] {processor.py:623} INFO - DAG(s) dict_keys(['day1_challenge2']) retrieved from /opt/airflow/dags/day1_challenge2.py
[2021-09-27 16:02:31,235] {logging_mixin.py:109} INFO - [2021-09-27 16:02:31,235] {dag.py:1834} INFO - Sync 1 DAGs
[2021-09-27 16:02:31,284] {logging_mixin.py:109} INFO - [2021-09-27 16:02:31,283] {dag.py:2287} INFO - Setting next_dagrun for day1_challenge2 to 2021-09-27T16:00:00+00:00
[2021-09-27 16:02:31,317] {processor.py:170} INFO - Processing /opt/airflow/dags/day1_challenge2.py took 0.246 seconds
[2021-09-27 16:03:02,039] {processor.py:162} INFO - Started process (PID=40113) to work on /opt/airflow/dags/day1_challenge2.py
[2021-09-27 16:03:02,048] {processor.py:613} INFO - Processing file /opt/airflow/dags/day1_challenge2.py for tasks to queue
[2021-09-27 16:03:02,052] {logging_mixin.py:109} INFO - [2021-09-27 16:03:02,052] {dagbag.py:496} INFO - Filling up the DagBag from /opt/airflow/dags/day1_challenge2.py
[2021-09-27 16:03:02,189] {processor.py:623} INFO - DAG(s) dict_keys(['day1_challenge2']) retrieved from /opt/airflow/dags/day1_challenge2.py
[2021-09-27 16:03:02,281] {logging_mixin.py:109} INFO - [2021-09-27 16:03:02,281] {dag.py:1834} INFO - Sync 1 DAGs
[2021-09-27 16:03:02,389] {logging_mixin.py:109} INFO - [2021-09-27 16:03:02,389] {dag.py:2287} INFO - Setting next_dagrun for day1_challenge2 to 2021-09-27T16:00:00+00:00
[2021-09-27 16:03:02,453] {processor.py:170} INFO - Processing /opt/airflow/dags/day1_challenge2.py took 0.445 seconds
[2021-09-27 16:03:32,844] {processor.py:162} INFO - Started process (PID=40302) to work on /opt/airflow/dags/day1_challenge2.py
[2021-09-27 16:03:32,851] {processor.py:613} INFO - Processing file /opt/airflow/dags/day1_challenge2.py for tasks to queue
[2021-09-27 16:03:32,860] {logging_mixin.py:109} INFO - [2021-09-27 16:03:32,859] {dagbag.py:496} INFO - Filling up the DagBag from /opt/airflow/dags/day1_challenge2.py
[2021-09-27 16:03:32,923] {processor.py:623} INFO - DAG(s) dict_keys(['day1_challenge2']) retrieved from /opt/airflow/dags/day1_challenge2.py
[2021-09-27 16:03:32,969] {logging_mixin.py:109} INFO - [2021-09-27 16:03:32,969] {dag.py:1834} INFO - Sync 1 DAGs
[2021-09-27 16:03:33,043] {logging_mixin.py:109} INFO - [2021-09-27 16:03:33,042] {dag.py:2287} INFO - Setting next_dagrun for day1_challenge2 to 2021-09-27T16:00:00+00:00
[2021-09-27 16:03:33,067] {processor.py:170} INFO - Processing /opt/airflow/dags/day1_challenge2.py took 0.226 seconds
[2021-09-27 16:04:03,472] {processor.py:162} INFO - Started process (PID=40491) to work on /opt/airflow/dags/day1_challenge2.py
[2021-09-27 16:04:03,479] {processor.py:613} INFO - Processing file /opt/airflow/dags/day1_challenge2.py for tasks to queue
[2021-09-27 16:04:03,484] {logging_mixin.py:109} INFO - [2021-09-27 16:04:03,483] {dagbag.py:496} INFO - Filling up the DagBag from /opt/airflow/dags/day1_challenge2.py
[2021-09-27 16:04:03,533] {processor.py:623} INFO - DAG(s) dict_keys(['day1_challenge2']) retrieved from /opt/airflow/dags/day1_challenge2.py
[2021-09-27 16:04:03,614] {logging_mixin.py:109} INFO - [2021-09-27 16:04:03,614] {dag.py:1834} INFO - Sync 1 DAGs
[2021-09-27 16:04:03,648] {logging_mixin.py:109} INFO - [2021-09-27 16:04:03,647] {dag.py:2287} INFO - Setting next_dagrun for day1_challenge2 to 2021-09-27T16:00:00+00:00
[2021-09-27 16:04:03,710] {processor.py:170} INFO - Processing /opt/airflow/dags/day1_challenge2.py took 0.246 seconds
[2021-09-27 16:04:33,784] {processor.py:162} INFO - Started process (PID=40694) to work on /opt/airflow/dags/day1_challenge2.py
[2021-09-27 16:04:33,790] {processor.py:613} INFO - Processing file /opt/airflow/dags/day1_challenge2.py for tasks to queue
[2021-09-27 16:04:33,831] {logging_mixin.py:109} INFO - [2021-09-27 16:04:33,830] {dagbag.py:496} INFO - Filling up the DagBag from /opt/airflow/dags/day1_challenge2.py
[2021-09-27 16:04:33,862] {processor.py:623} INFO - DAG(s) dict_keys(['day1_challenge2']) retrieved from /opt/airflow/dags/day1_challenge2.py
[2021-09-27 16:04:33,890] {logging_mixin.py:109} INFO - [2021-09-27 16:04:33,890] {dag.py:1834} INFO - Sync 1 DAGs
[2021-09-27 16:04:33,910] {logging_mixin.py:109} INFO - [2021-09-27 16:04:33,910] {dag.py:2287} INFO - Setting next_dagrun for day1_challenge2 to 2021-09-27T16:00:00+00:00
[2021-09-27 16:04:33,926] {processor.py:170} INFO - Processing /opt/airflow/dags/day1_challenge2.py took 0.146 seconds
[2021-09-27 16:05:04,246] {processor.py:162} INFO - Started process (PID=40885) to work on /opt/airflow/dags/day1_challenge2.py
[2021-09-27 16:05:04,254] {processor.py:613} INFO - Processing file /opt/airflow/dags/day1_challenge2.py for tasks to queue
[2021-09-27 16:05:04,257] {logging_mixin.py:109} INFO - [2021-09-27 16:05:04,256] {dagbag.py:496} INFO - Filling up the DagBag from /opt/airflow/dags/day1_challenge2.py
[2021-09-27 16:05:04,323] {processor.py:623} INFO - DAG(s) dict_keys(['day1_challenge2']) retrieved from /opt/airflow/dags/day1_challenge2.py
[2021-09-27 16:05:04,370] {logging_mixin.py:109} INFO - [2021-09-27 16:05:04,370] {dag.py:1834} INFO - Sync 1 DAGs
[2021-09-27 16:05:04,402] {logging_mixin.py:109} INFO - [2021-09-27 16:05:04,402] {dag.py:2287} INFO - Setting next_dagrun for day1_challenge2 to 2021-09-27T16:00:00+00:00
[2021-09-27 16:05:04,426] {processor.py:170} INFO - Processing /opt/airflow/dags/day1_challenge2.py took 0.193 seconds
[2021-09-27 16:05:34,576] {processor.py:162} INFO - Started process (PID=41089) to work on /opt/airflow/dags/day1_challenge2.py
[2021-09-27 16:05:34,579] {processor.py:613} INFO - Processing file /opt/airflow/dags/day1_challenge2.py for tasks to queue
[2021-09-27 16:05:34,581] {logging_mixin.py:109} INFO - [2021-09-27 16:05:34,581] {dagbag.py:496} INFO - Filling up the DagBag from /opt/airflow/dags/day1_challenge2.py
[2021-09-27 16:05:34,620] {processor.py:623} INFO - DAG(s) dict_keys(['day1_challenge2']) retrieved from /opt/airflow/dags/day1_challenge2.py
[2021-09-27 16:05:34,648] {logging_mixin.py:109} INFO - [2021-09-27 16:05:34,648] {dag.py:1834} INFO - Sync 1 DAGs
[2021-09-27 16:05:34,673] {logging_mixin.py:109} INFO - [2021-09-27 16:05:34,673] {dag.py:2287} INFO - Setting next_dagrun for day1_challenge2 to 2021-09-27T16:00:00+00:00
[2021-09-27 16:05:34,695] {processor.py:170} INFO - Processing /opt/airflow/dags/day1_challenge2.py took 0.123 seconds
[2021-09-27 16:06:04,784] {processor.py:162} INFO - Started process (PID=41282) to work on /opt/airflow/dags/day1_challenge2.py
[2021-09-27 16:06:04,788] {processor.py:613} INFO - Processing file /opt/airflow/dags/day1_challenge2.py for tasks to queue
[2021-09-27 16:06:04,790] {logging_mixin.py:109} INFO - [2021-09-27 16:06:04,790] {dagbag.py:496} INFO - Filling up the DagBag from /opt/airflow/dags/day1_challenge2.py
[2021-09-27 16:06:04,832] {processor.py:623} INFO - DAG(s) dict_keys(['day1_challenge2']) retrieved from /opt/airflow/dags/day1_challenge2.py
[2021-09-27 16:06:04,868] {logging_mixin.py:109} INFO - [2021-09-27 16:06:04,868] {dag.py:1834} INFO - Sync 1 DAGs
[2021-09-27 16:06:04,888] {logging_mixin.py:109} INFO - [2021-09-27 16:06:04,888] {dag.py:2287} INFO - Setting next_dagrun for day1_challenge2 to 2021-09-27T16:00:00+00:00
[2021-09-27 16:06:04,906] {processor.py:170} INFO - Processing /opt/airflow/dags/day1_challenge2.py took 0.125 seconds
[2021-09-27 16:06:35,514] {processor.py:162} INFO - Started process (PID=41488) to work on /opt/airflow/dags/day1_challenge2.py
[2021-09-27 16:06:35,516] {processor.py:613} INFO - Processing file /opt/airflow/dags/day1_challenge2.py for tasks to queue
[2021-09-27 16:06:35,519] {logging_mixin.py:109} INFO - [2021-09-27 16:06:35,518] {dagbag.py:496} INFO - Filling up the DagBag from /opt/airflow/dags/day1_challenge2.py
[2021-09-27 16:06:35,551] {processor.py:623} INFO - DAG(s) dict_keys(['day1_challenge2']) retrieved from /opt/airflow/dags/day1_challenge2.py
[2021-09-27 16:06:35,584] {logging_mixin.py:109} INFO - [2021-09-27 16:06:35,584] {dag.py:1834} INFO - Sync 1 DAGs
[2021-09-27 16:06:35,608] {logging_mixin.py:109} INFO - [2021-09-27 16:06:35,608] {dag.py:2287} INFO - Setting next_dagrun for day1_challenge2 to 2021-09-27T16:00:00+00:00
[2021-09-27 16:06:35,623] {processor.py:170} INFO - Processing /opt/airflow/dags/day1_challenge2.py took 0.115 seconds
[2021-09-27 16:07:05,864] {processor.py:162} INFO - Started process (PID=41680) to work on /opt/airflow/dags/day1_challenge2.py
[2021-09-27 16:07:05,869] {processor.py:613} INFO - Processing file /opt/airflow/dags/day1_challenge2.py for tasks to queue
[2021-09-27 16:07:05,870] {logging_mixin.py:109} INFO - [2021-09-27 16:07:05,870] {dagbag.py:496} INFO - Filling up the DagBag from /opt/airflow/dags/day1_challenge2.py
[2021-09-27 16:07:05,904] {processor.py:623} INFO - DAG(s) dict_keys(['day1_challenge2']) retrieved from /opt/airflow/dags/day1_challenge2.py
[2021-09-27 16:07:05,933] {logging_mixin.py:109} INFO - [2021-09-27 16:07:05,932] {dag.py:1834} INFO - Sync 1 DAGs
[2021-09-27 16:07:05,958] {logging_mixin.py:109} INFO - [2021-09-27 16:07:05,958] {dag.py:2287} INFO - Setting next_dagrun for day1_challenge2 to 2021-09-27T16:00:00+00:00
[2021-09-27 16:07:05,971] {processor.py:170} INFO - Processing /opt/airflow/dags/day1_challenge2.py took 0.111 seconds
[2021-09-27 16:07:36,056] {processor.py:162} INFO - Started process (PID=41885) to work on /opt/airflow/dags/day1_challenge2.py
[2021-09-27 16:07:36,058] {processor.py:613} INFO - Processing file /opt/airflow/dags/day1_challenge2.py for tasks to queue
[2021-09-27 16:07:36,061] {logging_mixin.py:109} INFO - [2021-09-27 16:07:36,061] {dagbag.py:496} INFO - Filling up the DagBag from /opt/airflow/dags/day1_challenge2.py
[2021-09-27 16:07:36,093] {processor.py:623} INFO - DAG(s) dict_keys(['day1_challenge2']) retrieved from /opt/airflow/dags/day1_challenge2.py
[2021-09-27 16:07:36,133] {logging_mixin.py:109} INFO - [2021-09-27 16:07:36,133] {dag.py:1834} INFO - Sync 1 DAGs
[2021-09-27 16:07:36,155] {logging_mixin.py:109} INFO - [2021-09-27 16:07:36,155] {dag.py:2287} INFO - Setting next_dagrun for day1_challenge2 to 2021-09-27T16:00:00+00:00
[2021-09-27 16:07:36,172] {processor.py:170} INFO - Processing /opt/airflow/dags/day1_challenge2.py took 0.122 seconds
[2021-09-27 16:08:06,823] {processor.py:162} INFO - Started process (PID=42078) to work on /opt/airflow/dags/day1_challenge2.py
[2021-09-27 16:08:06,826] {processor.py:613} INFO - Processing file /opt/airflow/dags/day1_challenge2.py for tasks to queue
[2021-09-27 16:08:06,828] {logging_mixin.py:109} INFO - [2021-09-27 16:08:06,828] {dagbag.py:496} INFO - Filling up the DagBag from /opt/airflow/dags/day1_challenge2.py
[2021-09-27 16:08:06,882] {processor.py:623} INFO - DAG(s) dict_keys(['day1_challenge2']) retrieved from /opt/airflow/dags/day1_challenge2.py
[2021-09-27 16:08:06,972] {logging_mixin.py:109} INFO - [2021-09-27 16:08:06,972] {dag.py:1834} INFO - Sync 1 DAGs
[2021-09-27 16:08:07,018] {logging_mixin.py:109} INFO - [2021-09-27 16:08:07,018] {dag.py:2287} INFO - Setting next_dagrun for day1_challenge2 to 2021-09-27T16:00:00+00:00
[2021-09-27 16:08:07,054] {processor.py:170} INFO - Processing /opt/airflow/dags/day1_challenge2.py took 0.238 seconds
[2021-09-27 16:08:37,275] {processor.py:162} INFO - Started process (PID=42277) to work on /opt/airflow/dags/day1_challenge2.py
[2021-09-27 16:08:37,278] {processor.py:613} INFO - Processing file /opt/airflow/dags/day1_challenge2.py for tasks to queue
[2021-09-27 16:08:37,279] {logging_mixin.py:109} INFO - [2021-09-27 16:08:37,279] {dagbag.py:496} INFO - Filling up the DagBag from /opt/airflow/dags/day1_challenge2.py
[2021-09-27 16:08:37,325] {processor.py:623} INFO - DAG(s) dict_keys(['day1_challenge2']) retrieved from /opt/airflow/dags/day1_challenge2.py
[2021-09-27 16:08:37,356] {logging_mixin.py:109} INFO - [2021-09-27 16:08:37,355] {dag.py:1834} INFO - Sync 1 DAGs
[2021-09-27 16:08:37,379] {logging_mixin.py:109} INFO - [2021-09-27 16:08:37,379] {dag.py:2287} INFO - Setting next_dagrun for day1_challenge2 to 2021-09-27T16:00:00+00:00
[2021-09-27 16:08:37,395] {processor.py:170} INFO - Processing /opt/airflow/dags/day1_challenge2.py took 0.124 seconds
[2021-09-27 16:08:40,451] {processor.py:162} INFO - Started process (PID=42290) to work on /opt/airflow/dags/day1_challenge2.py
[2021-09-27 16:08:40,453] {processor.py:613} INFO - Processing file /opt/airflow/dags/day1_challenge2.py for tasks to queue
[2021-09-27 16:08:40,455] {logging_mixin.py:109} INFO - [2021-09-27 16:08:40,454] {dagbag.py:496} INFO - Filling up the DagBag from /opt/airflow/dags/day1_challenge2.py
[2021-09-27 16:08:40,496] {processor.py:623} INFO - DAG(s) dict_keys(['day1_challenge2']) retrieved from /opt/airflow/dags/day1_challenge2.py
[2021-09-27 16:08:40,525] {logging_mixin.py:109} INFO - [2021-09-27 16:08:40,525] {dag.py:1834} INFO - Sync 1 DAGs
[2021-09-27 16:08:40,567] {logging_mixin.py:109} INFO - [2021-09-27 16:08:40,566] {dag.py:2287} INFO - Setting next_dagrun for day1_challenge2 to 2021-09-27T16:00:00+00:00
[2021-09-27 16:08:40,599] {processor.py:170} INFO - Processing /opt/airflow/dags/day1_challenge2.py took 0.153 seconds
[2021-09-27 16:09:11,076] {processor.py:162} INFO - Started process (PID=42483) to work on /opt/airflow/dags/day1_challenge2.py
[2021-09-27 16:09:11,083] {processor.py:613} INFO - Processing file /opt/airflow/dags/day1_challenge2.py for tasks to queue
[2021-09-27 16:09:11,085] {logging_mixin.py:109} INFO - [2021-09-27 16:09:11,084] {dagbag.py:496} INFO - Filling up the DagBag from /opt/airflow/dags/day1_challenge2.py
[2021-09-27 16:09:11,118] {processor.py:623} INFO - DAG(s) dict_keys(['day1_challenge2']) retrieved from /opt/airflow/dags/day1_challenge2.py
[2021-09-27 16:09:11,145] {logging_mixin.py:109} INFO - [2021-09-27 16:09:11,145] {dag.py:1834} INFO - Sync 1 DAGs
[2021-09-27 16:09:11,165] {logging_mixin.py:109} INFO - [2021-09-27 16:09:11,164] {dag.py:2287} INFO - Setting next_dagrun for day1_challenge2 to 2021-09-27T16:00:00+00:00
[2021-09-27 16:09:11,184] {processor.py:170} INFO - Processing /opt/airflow/dags/day1_challenge2.py took 0.114 seconds
[2021-09-27 16:09:41,579] {processor.py:162} INFO - Started process (PID=42685) to work on /opt/airflow/dags/day1_challenge2.py
[2021-09-27 16:09:41,581] {processor.py:613} INFO - Processing file /opt/airflow/dags/day1_challenge2.py for tasks to queue
[2021-09-27 16:09:41,583] {logging_mixin.py:109} INFO - [2021-09-27 16:09:41,583] {dagbag.py:496} INFO - Filling up the DagBag from /opt/airflow/dags/day1_challenge2.py
[2021-09-27 16:09:41,641] {processor.py:623} INFO - DAG(s) dict_keys(['day1_challenge2']) retrieved from /opt/airflow/dags/day1_challenge2.py
[2021-09-27 16:09:41,694] {logging_mixin.py:109} INFO - [2021-09-27 16:09:41,693] {dag.py:1834} INFO - Sync 1 DAGs
[2021-09-27 16:09:41,732] {logging_mixin.py:109} INFO - [2021-09-27 16:09:41,732] {dag.py:2287} INFO - Setting next_dagrun for day1_challenge2 to 2021-09-27T16:00:00+00:00
[2021-09-27 16:09:41,748] {processor.py:170} INFO - Processing /opt/airflow/dags/day1_challenge2.py took 0.178 seconds
[2021-09-27 16:10:12,320] {processor.py:162} INFO - Started process (PID=42881) to work on /opt/airflow/dags/day1_challenge2.py
[2021-09-27 16:10:12,324] {processor.py:613} INFO - Processing file /opt/airflow/dags/day1_challenge2.py for tasks to queue
[2021-09-27 16:10:12,326] {logging_mixin.py:109} INFO - [2021-09-27 16:10:12,326] {dagbag.py:496} INFO - Filling up the DagBag from /opt/airflow/dags/day1_challenge2.py
[2021-09-27 16:10:12,370] {processor.py:623} INFO - DAG(s) dict_keys(['day1_challenge2']) retrieved from /opt/airflow/dags/day1_challenge2.py
[2021-09-27 16:10:12,394] {logging_mixin.py:109} INFO - [2021-09-27 16:10:12,394] {dag.py:1834} INFO - Sync 1 DAGs
[2021-09-27 16:10:12,419] {logging_mixin.py:109} INFO - [2021-09-27 16:10:12,419] {dag.py:2287} INFO - Setting next_dagrun for day1_challenge2 to 2021-09-27T16:00:00+00:00
[2021-09-27 16:10:12,439] {processor.py:170} INFO - Processing /opt/airflow/dags/day1_challenge2.py took 0.128 seconds
[2021-09-27 16:10:43,102] {processor.py:162} INFO - Started process (PID=43083) to work on /opt/airflow/dags/day1_challenge2.py
[2021-09-27 16:10:43,108] {processor.py:613} INFO - Processing file /opt/airflow/dags/day1_challenge2.py for tasks to queue
[2021-09-27 16:10:43,110] {logging_mixin.py:109} INFO - [2021-09-27 16:10:43,110] {dagbag.py:496} INFO - Filling up the DagBag from /opt/airflow/dags/day1_challenge2.py
[2021-09-27 16:10:43,149] {processor.py:623} INFO - DAG(s) dict_keys(['day1_challenge2']) retrieved from /opt/airflow/dags/day1_challenge2.py
[2021-09-27 16:10:43,184] {logging_mixin.py:109} INFO - [2021-09-27 16:10:43,184] {dag.py:1834} INFO - Sync 1 DAGs
[2021-09-27 16:10:43,208] {logging_mixin.py:109} INFO - [2021-09-27 16:10:43,208] {dag.py:2287} INFO - Setting next_dagrun for day1_challenge2 to 2021-09-27T16:00:00+00:00
[2021-09-27 16:10:43,225] {processor.py:170} INFO - Processing /opt/airflow/dags/day1_challenge2.py took 0.128 seconds
[2021-09-27 16:11:13,685] {processor.py:162} INFO - Started process (PID=43274) to work on /opt/airflow/dags/day1_challenge2.py
[2021-09-27 16:11:13,688] {processor.py:613} INFO - Processing file /opt/airflow/dags/day1_challenge2.py for tasks to queue
[2021-09-27 16:11:13,690] {logging_mixin.py:109} INFO - [2021-09-27 16:11:13,690] {dagbag.py:496} INFO - Filling up the DagBag from /opt/airflow/dags/day1_challenge2.py
[2021-09-27 16:11:13,726] {processor.py:623} INFO - DAG(s) dict_keys(['day1_challenge2']) retrieved from /opt/airflow/dags/day1_challenge2.py
[2021-09-27 16:11:13,760] {logging_mixin.py:109} INFO - [2021-09-27 16:11:13,760] {dag.py:1834} INFO - Sync 1 DAGs
[2021-09-27 16:11:13,786] {logging_mixin.py:109} INFO - [2021-09-27 16:11:13,785] {dag.py:2287} INFO - Setting next_dagrun for day1_challenge2 to 2021-09-27T16:00:00+00:00
[2021-09-27 16:11:13,801] {processor.py:170} INFO - Processing /opt/airflow/dags/day1_challenge2.py took 0.122 seconds
[2021-09-27 16:11:43,925] {processor.py:162} INFO - Started process (PID=43475) to work on /opt/airflow/dags/day1_challenge2.py
[2021-09-27 16:11:43,929] {processor.py:613} INFO - Processing file /opt/airflow/dags/day1_challenge2.py for tasks to queue
[2021-09-27 16:11:43,933] {logging_mixin.py:109} INFO - [2021-09-27 16:11:43,933] {dagbag.py:496} INFO - Filling up the DagBag from /opt/airflow/dags/day1_challenge2.py
[2021-09-27 16:11:43,994] {processor.py:623} INFO - DAG(s) dict_keys(['day1_challenge2']) retrieved from /opt/airflow/dags/day1_challenge2.py
[2021-09-27 16:11:44,045] {logging_mixin.py:109} INFO - [2021-09-27 16:11:44,045] {dag.py:1834} INFO - Sync 1 DAGs
[2021-09-27 16:11:44,081] {logging_mixin.py:109} INFO - [2021-09-27 16:11:44,081] {dag.py:2287} INFO - Setting next_dagrun for day1_challenge2 to 2021-09-27T16:00:00+00:00
[2021-09-27 16:11:44,106] {processor.py:170} INFO - Processing /opt/airflow/dags/day1_challenge2.py took 0.194 seconds
[2021-09-27 16:12:14,165] {processor.py:162} INFO - Started process (PID=43667) to work on /opt/airflow/dags/day1_challenge2.py
[2021-09-27 16:12:14,169] {processor.py:613} INFO - Processing file /opt/airflow/dags/day1_challenge2.py for tasks to queue
[2021-09-27 16:12:14,171] {logging_mixin.py:109} INFO - [2021-09-27 16:12:14,171] {dagbag.py:496} INFO - Filling up the DagBag from /opt/airflow/dags/day1_challenge2.py
[2021-09-27 16:12:14,199] {processor.py:623} INFO - DAG(s) dict_keys(['day1_challenge2']) retrieved from /opt/airflow/dags/day1_challenge2.py
[2021-09-27 16:12:14,227] {logging_mixin.py:109} INFO - [2021-09-27 16:12:14,227] {dag.py:1834} INFO - Sync 1 DAGs
[2021-09-27 16:12:14,247] {logging_mixin.py:109} INFO - [2021-09-27 16:12:14,247] {dag.py:2287} INFO - Setting next_dagrun for day1_challenge2 to 2021-09-27T16:00:00+00:00
[2021-09-27 16:12:14,258] {processor.py:170} INFO - Processing /opt/airflow/dags/day1_challenge2.py took 0.102 seconds
[2021-09-27 16:12:44,839] {processor.py:162} INFO - Started process (PID=43869) to work on /opt/airflow/dags/day1_challenge2.py
[2021-09-27 16:12:44,849] {processor.py:613} INFO - Processing file /opt/airflow/dags/day1_challenge2.py for tasks to queue
[2021-09-27 16:12:44,852] {logging_mixin.py:109} INFO - [2021-09-27 16:12:44,852] {dagbag.py:496} INFO - Filling up the DagBag from /opt/airflow/dags/day1_challenge2.py
[2021-09-27 16:12:44,879] {processor.py:623} INFO - DAG(s) dict_keys(['day1_challenge2']) retrieved from /opt/airflow/dags/day1_challenge2.py
[2021-09-27 16:12:44,908] {logging_mixin.py:109} INFO - [2021-09-27 16:12:44,908] {dag.py:1834} INFO - Sync 1 DAGs
[2021-09-27 16:12:44,929] {logging_mixin.py:109} INFO - [2021-09-27 16:12:44,929] {dag.py:2287} INFO - Setting next_dagrun for day1_challenge2 to 2021-09-27T16:00:00+00:00
[2021-09-27 16:12:44,944] {processor.py:170} INFO - Processing /opt/airflow/dags/day1_challenge2.py took 0.108 seconds
[2021-09-27 16:13:15,072] {processor.py:162} INFO - Started process (PID=44062) to work on /opt/airflow/dags/day1_challenge2.py
[2021-09-27 16:13:15,077] {processor.py:613} INFO - Processing file /opt/airflow/dags/day1_challenge2.py for tasks to queue
[2021-09-27 16:13:15,078] {logging_mixin.py:109} INFO - [2021-09-27 16:13:15,078] {dagbag.py:496} INFO - Filling up the DagBag from /opt/airflow/dags/day1_challenge2.py
[2021-09-27 16:13:15,112] {processor.py:623} INFO - DAG(s) dict_keys(['day1_challenge2']) retrieved from /opt/airflow/dags/day1_challenge2.py
[2021-09-27 16:13:15,144] {logging_mixin.py:109} INFO - [2021-09-27 16:13:15,144] {dag.py:1834} INFO - Sync 1 DAGs
[2021-09-27 16:13:15,164] {logging_mixin.py:109} INFO - [2021-09-27 16:13:15,164] {dag.py:2287} INFO - Setting next_dagrun for day1_challenge2 to 2021-09-27T16:00:00+00:00
[2021-09-27 16:13:15,180] {processor.py:170} INFO - Processing /opt/airflow/dags/day1_challenge2.py took 0.115 seconds
[2021-09-27 16:13:45,821] {processor.py:162} INFO - Started process (PID=44266) to work on /opt/airflow/dags/day1_challenge2.py
[2021-09-27 16:13:45,830] {processor.py:613} INFO - Processing file /opt/airflow/dags/day1_challenge2.py for tasks to queue
[2021-09-27 16:13:45,832] {logging_mixin.py:109} INFO - [2021-09-27 16:13:45,832] {dagbag.py:496} INFO - Filling up the DagBag from /opt/airflow/dags/day1_challenge2.py
[2021-09-27 16:13:45,873] {processor.py:623} INFO - DAG(s) dict_keys(['day1_challenge2']) retrieved from /opt/airflow/dags/day1_challenge2.py
[2021-09-27 16:13:45,906] {logging_mixin.py:109} INFO - [2021-09-27 16:13:45,906] {dag.py:1834} INFO - Sync 1 DAGs
[2021-09-27 16:13:45,930] {logging_mixin.py:109} INFO - [2021-09-27 16:13:45,930] {dag.py:2287} INFO - Setting next_dagrun for day1_challenge2 to 2021-09-27T16:00:00+00:00
[2021-09-27 16:13:45,950] {processor.py:170} INFO - Processing /opt/airflow/dags/day1_challenge2.py took 0.137 seconds
[2021-09-27 16:14:16,173] {processor.py:162} INFO - Started process (PID=44459) to work on /opt/airflow/dags/day1_challenge2.py
[2021-09-27 16:14:16,181] {processor.py:613} INFO - Processing file /opt/airflow/dags/day1_challenge2.py for tasks to queue
[2021-09-27 16:14:16,183] {logging_mixin.py:109} INFO - [2021-09-27 16:14:16,182] {dagbag.py:496} INFO - Filling up the DagBag from /opt/airflow/dags/day1_challenge2.py
[2021-09-27 16:14:16,209] {processor.py:623} INFO - DAG(s) dict_keys(['day1_challenge2']) retrieved from /opt/airflow/dags/day1_challenge2.py
[2021-09-27 16:14:16,237] {logging_mixin.py:109} INFO - [2021-09-27 16:14:16,237] {dag.py:1834} INFO - Sync 1 DAGs
[2021-09-27 16:14:16,256] {logging_mixin.py:109} INFO - [2021-09-27 16:14:16,256] {dag.py:2287} INFO - Setting next_dagrun for day1_challenge2 to 2021-09-27T16:00:00+00:00
[2021-09-27 16:14:16,271] {processor.py:170} INFO - Processing /opt/airflow/dags/day1_challenge2.py took 0.102 seconds
[2021-09-27 16:14:47,082] {processor.py:162} INFO - Started process (PID=44651) to work on /opt/airflow/dags/day1_challenge2.py
[2021-09-27 16:14:47,090] {processor.py:613} INFO - Processing file /opt/airflow/dags/day1_challenge2.py for tasks to queue
[2021-09-27 16:14:47,093] {logging_mixin.py:109} INFO - [2021-09-27 16:14:47,093] {dagbag.py:496} INFO - Filling up the DagBag from /opt/airflow/dags/day1_challenge2.py
[2021-09-27 16:14:47,138] {processor.py:623} INFO - DAG(s) dict_keys(['day1_challenge2']) retrieved from /opt/airflow/dags/day1_challenge2.py
[2021-09-27 16:14:47,169] {logging_mixin.py:109} INFO - [2021-09-27 16:14:47,169] {dag.py:1834} INFO - Sync 1 DAGs
[2021-09-27 16:14:47,195] {logging_mixin.py:109} INFO - [2021-09-27 16:14:47,195] {dag.py:2287} INFO - Setting next_dagrun for day1_challenge2 to 2021-09-27T16:00:00+00:00
[2021-09-27 16:14:47,212] {processor.py:170} INFO - Processing /opt/airflow/dags/day1_challenge2.py took 0.139 seconds
[2021-09-27 16:15:17,520] {processor.py:162} INFO - Started process (PID=44853) to work on /opt/airflow/dags/day1_challenge2.py
[2021-09-27 16:15:17,524] {processor.py:613} INFO - Processing file /opt/airflow/dags/day1_challenge2.py for tasks to queue
[2021-09-27 16:15:17,526] {logging_mixin.py:109} INFO - [2021-09-27 16:15:17,526] {dagbag.py:496} INFO - Filling up the DagBag from /opt/airflow/dags/day1_challenge2.py
[2021-09-27 16:15:17,557] {processor.py:623} INFO - DAG(s) dict_keys(['day1_challenge2']) retrieved from /opt/airflow/dags/day1_challenge2.py
[2021-09-27 16:15:17,584] {logging_mixin.py:109} INFO - [2021-09-27 16:15:17,583] {dag.py:1834} INFO - Sync 1 DAGs
[2021-09-27 16:15:17,603] {logging_mixin.py:109} INFO - [2021-09-27 16:15:17,603] {dag.py:2287} INFO - Setting next_dagrun for day1_challenge2 to 2021-09-27T16:00:00+00:00
[2021-09-27 16:15:17,622] {processor.py:170} INFO - Processing /opt/airflow/dags/day1_challenge2.py took 0.108 seconds
[2021-09-27 16:15:48,412] {processor.py:162} INFO - Started process (PID=45063) to work on /opt/airflow/dags/day1_challenge2.py
[2021-09-27 16:15:48,419] {processor.py:613} INFO - Processing file /opt/airflow/dags/day1_challenge2.py for tasks to queue
[2021-09-27 16:15:48,422] {logging_mixin.py:109} INFO - [2021-09-27 16:15:48,422] {dagbag.py:496} INFO - Filling up the DagBag from /opt/airflow/dags/day1_challenge2.py
[2021-09-27 16:15:48,470] {processor.py:623} INFO - DAG(s) dict_keys(['day1_challenge2']) retrieved from /opt/airflow/dags/day1_challenge2.py
[2021-09-27 16:15:48,507] {logging_mixin.py:109} INFO - [2021-09-27 16:15:48,507] {dag.py:1834} INFO - Sync 1 DAGs
[2021-09-27 16:15:48,534] {logging_mixin.py:109} INFO - [2021-09-27 16:15:48,534] {dag.py:2287} INFO - Setting next_dagrun for day1_challenge2 to 2021-09-27T16:00:00+00:00
[2021-09-27 16:15:48,545] {processor.py:170} INFO - Processing /opt/airflow/dags/day1_challenge2.py took 0.144 seconds
[2021-09-27 16:16:19,089] {processor.py:162} INFO - Started process (PID=45255) to work on /opt/airflow/dags/day1_challenge2.py
[2021-09-27 16:16:19,098] {processor.py:613} INFO - Processing file /opt/airflow/dags/day1_challenge2.py for tasks to queue
[2021-09-27 16:16:19,101] {logging_mixin.py:109} INFO - [2021-09-27 16:16:19,101] {dagbag.py:496} INFO - Filling up the DagBag from /opt/airflow/dags/day1_challenge2.py
[2021-09-27 16:16:19,130] {processor.py:623} INFO - DAG(s) dict_keys(['day1_challenge2']) retrieved from /opt/airflow/dags/day1_challenge2.py
[2021-09-27 16:16:19,162] {logging_mixin.py:109} INFO - [2021-09-27 16:16:19,162] {dag.py:1834} INFO - Sync 1 DAGs
[2021-09-27 16:16:19,181] {logging_mixin.py:109} INFO - [2021-09-27 16:16:19,181] {dag.py:2287} INFO - Setting next_dagrun for day1_challenge2 to 2021-09-27T16:00:00+00:00
[2021-09-27 16:16:19,196] {processor.py:170} INFO - Processing /opt/airflow/dags/day1_challenge2.py took 0.116 seconds
[2021-09-27 16:16:49,407] {processor.py:162} INFO - Started process (PID=45461) to work on /opt/airflow/dags/day1_challenge2.py
[2021-09-27 16:16:49,412] {processor.py:613} INFO - Processing file /opt/airflow/dags/day1_challenge2.py for tasks to queue
[2021-09-27 16:16:49,414] {logging_mixin.py:109} INFO - [2021-09-27 16:16:49,414] {dagbag.py:496} INFO - Filling up the DagBag from /opt/airflow/dags/day1_challenge2.py
[2021-09-27 16:16:49,449] {processor.py:623} INFO - DAG(s) dict_keys(['day1_challenge2']) retrieved from /opt/airflow/dags/day1_challenge2.py
[2021-09-27 16:16:49,485] {logging_mixin.py:109} INFO - [2021-09-27 16:16:49,485] {dag.py:1834} INFO - Sync 1 DAGs
[2021-09-27 16:16:49,508] {logging_mixin.py:109} INFO - [2021-09-27 16:16:49,508] {dag.py:2287} INFO - Setting next_dagrun for day1_challenge2 to 2021-09-27T16:00:00+00:00
[2021-09-27 16:16:49,527] {processor.py:170} INFO - Processing /opt/airflow/dags/day1_challenge2.py took 0.129 seconds
[2021-09-27 16:17:19,889] {processor.py:162} INFO - Started process (PID=45654) to work on /opt/airflow/dags/day1_challenge2.py
[2021-09-27 16:17:19,895] {processor.py:613} INFO - Processing file /opt/airflow/dags/day1_challenge2.py for tasks to queue
[2021-09-27 16:17:19,898] {logging_mixin.py:109} INFO - [2021-09-27 16:17:19,897] {dagbag.py:496} INFO - Filling up the DagBag from /opt/airflow/dags/day1_challenge2.py
[2021-09-27 16:17:19,928] {processor.py:623} INFO - DAG(s) dict_keys(['day1_challenge2']) retrieved from /opt/airflow/dags/day1_challenge2.py
[2021-09-27 16:17:19,958] {logging_mixin.py:109} INFO - [2021-09-27 16:17:19,958] {dag.py:1834} INFO - Sync 1 DAGs
[2021-09-27 16:17:19,983] {logging_mixin.py:109} INFO - [2021-09-27 16:17:19,983] {dag.py:2287} INFO - Setting next_dagrun for day1_challenge2 to 2021-09-27T16:00:00+00:00
[2021-09-27 16:17:20,003] {processor.py:170} INFO - Processing /opt/airflow/dags/day1_challenge2.py took 0.125 seconds
[2021-09-27 16:17:50,466] {processor.py:162} INFO - Started process (PID=45857) to work on /opt/airflow/dags/day1_challenge2.py
[2021-09-27 16:17:50,470] {processor.py:613} INFO - Processing file /opt/airflow/dags/day1_challenge2.py for tasks to queue
[2021-09-27 16:17:50,474] {logging_mixin.py:109} INFO - [2021-09-27 16:17:50,473] {dagbag.py:496} INFO - Filling up the DagBag from /opt/airflow/dags/day1_challenge2.py
[2021-09-27 16:17:50,524] {processor.py:623} INFO - DAG(s) dict_keys(['day1_challenge2']) retrieved from /opt/airflow/dags/day1_challenge2.py
[2021-09-27 16:17:50,564] {logging_mixin.py:109} INFO - [2021-09-27 16:17:50,564] {dag.py:1834} INFO - Sync 1 DAGs
[2021-09-27 16:17:50,617] {logging_mixin.py:109} INFO - [2021-09-27 16:17:50,617] {dag.py:2287} INFO - Setting next_dagrun for day1_challenge2 to 2021-09-27T16:00:00+00:00
[2021-09-27 16:17:50,637] {processor.py:170} INFO - Processing /opt/airflow/dags/day1_challenge2.py took 0.177 seconds
