[2021-09-27 14:06:54,371] {taskinstance.py:903} INFO - Dependencies all met for <TaskInstance: example_complex.create_entry_gcs 2021-09-27T14:06:38.240034+00:00 [queued]>
[2021-09-27 14:06:54,408] {taskinstance.py:903} INFO - Dependencies all met for <TaskInstance: example_complex.create_entry_gcs 2021-09-27T14:06:38.240034+00:00 [queued]>
[2021-09-27 14:06:54,417] {taskinstance.py:1095} INFO - 
--------------------------------------------------------------------------------
[2021-09-27 14:06:54,424] {taskinstance.py:1096} INFO - Starting attempt 1 of 1
[2021-09-27 14:06:54,425] {taskinstance.py:1097} INFO - 
--------------------------------------------------------------------------------
[2021-09-27 14:06:54,491] {taskinstance.py:1115} INFO - Executing <Task(BashOperator): create_entry_gcs> on 2021-09-27T14:06:38.240034+00:00
[2021-09-27 14:06:54,507] {standard_task_runner.py:52} INFO - Started process 1229 to run task
[2021-09-27 14:06:54,523] {standard_task_runner.py:76} INFO - Running: ['***', 'tasks', 'run', 'example_complex', 'create_entry_gcs', '2021-09-27T14:06:38.240034+00:00', '--job-id', '4', '--pool', 'default_pool', '--raw', '--subdir', '/home/***/.local/lib/python3.6/site-packages/***/example_dags/example_complex.py', '--cfg-path', '/tmp/tmp4gxkrgx2', '--error-file', '/tmp/tmpn5o4i1_u']
[2021-09-27 14:06:54,541] {standard_task_runner.py:77} INFO - Job 4: Subtask create_entry_gcs
[2021-09-27 14:06:54,700] {logging_mixin.py:109} INFO - Running <TaskInstance: example_complex.create_entry_gcs 2021-09-27T14:06:38.240034+00:00 [running]> on host fa8cc667bc0b
[2021-09-27 14:06:54,960] {taskinstance.py:1254} INFO - Exporting the following env vars:
AIRFLOW_CTX_DAG_OWNER=***
AIRFLOW_CTX_DAG_ID=example_complex
AIRFLOW_CTX_TASK_ID=create_entry_gcs
AIRFLOW_CTX_EXECUTION_DATE=2021-09-27T14:06:38.240034+00:00
AIRFLOW_CTX_DAG_RUN_ID=manual__2021-09-27T14:06:38.240034+00:00
[2021-09-27 14:06:54,969] {subprocess.py:52} INFO - Tmp dir root location: 
 /tmp
[2021-09-27 14:06:54,972] {subprocess.py:63} INFO - Running command: ['bash', '-c', 'echo create_entry_gcs']
[2021-09-27 14:06:54,993] {subprocess.py:74} INFO - Output:
[2021-09-27 14:06:54,997] {subprocess.py:78} INFO - create_entry_gcs
[2021-09-27 14:06:55,000] {subprocess.py:82} INFO - Command exited with return code 0
[2021-09-27 14:06:55,055] {taskinstance.py:1219} INFO - Marking task as SUCCESS. dag_id=example_complex, task_id=create_entry_gcs, execution_date=20210927T140638, start_date=20210927T140654, end_date=20210927T140655
[2021-09-27 14:06:55,114] {local_task_job.py:151} INFO - Task exited with return code 0
[2021-09-27 14:06:55,237] {local_task_job.py:261} INFO - 6 downstream tasks scheduled from follow-on schedule check
