[2021-09-27 15:50:02,517] {taskinstance.py:903} INFO - Dependencies all met for <TaskInstance: my_dag.echo_hello 2021-09-27T15:40:00+00:00 [queued]>
[2021-09-27 15:50:02,545] {taskinstance.py:903} INFO - Dependencies all met for <TaskInstance: my_dag.echo_hello 2021-09-27T15:40:00+00:00 [queued]>
[2021-09-27 15:50:02,547] {taskinstance.py:1095} INFO - 
--------------------------------------------------------------------------------
[2021-09-27 15:50:02,548] {taskinstance.py:1096} INFO - Starting attempt 1 of 1
[2021-09-27 15:50:02,549] {taskinstance.py:1097} INFO - 
--------------------------------------------------------------------------------
[2021-09-27 15:50:02,575] {taskinstance.py:1115} INFO - Executing <Task(BashOperator): echo_hello> on 2021-09-27T15:40:00+00:00
[2021-09-27 15:50:02,582] {standard_task_runner.py:52} INFO - Started process 35097 to run task
[2021-09-27 15:50:02,600] {standard_task_runner.py:76} INFO - Running: ['***', 'tasks', 'run', 'my_dag', 'echo_hello', '2021-09-27T15:40:00+00:00', '--job-id', '97', '--pool', 'default_pool', '--raw', '--subdir', 'DAGS_FOLDER/my_dag.py', '--cfg-path', '/tmp/tmpxj7odez4', '--error-file', '/tmp/tmp7m60rt9s']
[2021-09-27 15:50:02,605] {standard_task_runner.py:77} INFO - Job 97: Subtask echo_hello
[2021-09-27 15:50:02,735] {logging_mixin.py:109} INFO - Running <TaskInstance: my_dag.echo_hello 2021-09-27T15:40:00+00:00 [running]> on host 196580edc338
[2021-09-27 15:50:02,906] {taskinstance.py:1254} INFO - Exporting the following env vars:
AIRFLOW_CTX_DAG_OWNER=Attasil Chitwirote
AIRFLOW_CTX_DAG_ID=my_dag
AIRFLOW_CTX_TASK_ID=echo_hello
AIRFLOW_CTX_EXECUTION_DATE=2021-09-27T15:40:00+00:00
AIRFLOW_CTX_DAG_RUN_ID=scheduled__2021-09-27T15:40:00+00:00
[2021-09-27 15:50:02,908] {subprocess.py:52} INFO - Tmp dir root location: 
 /tmp
[2021-09-27 15:50:02,912] {subprocess.py:63} INFO - Running command: ['bash', '-c', "echo 'hello'"]
[2021-09-27 15:50:02,947] {subprocess.py:74} INFO - Output:
[2021-09-27 15:50:02,955] {subprocess.py:78} INFO - hello
[2021-09-27 15:50:02,966] {subprocess.py:82} INFO - Command exited with return code 0
[2021-09-27 15:50:03,098] {taskinstance.py:1219} INFO - Marking task as SUCCESS. dag_id=my_dag, task_id=echo_hello, execution_date=20210927T154000, start_date=20210927T155002, end_date=20210927T155003
[2021-09-27 15:50:03,349] {local_task_job.py:151} INFO - Task exited with return code 0
[2021-09-27 15:50:03,593] {local_task_job.py:261} INFO - 0 downstream tasks scheduled from follow-on schedule check
