[2021-09-27 16:00:03,753] {taskinstance.py:903} INFO - Dependencies all met for <TaskInstance: my_dag.echo_hello 2021-09-27T15:50:00+00:00 [queued]>
[2021-09-27 16:00:04,117] {taskinstance.py:903} INFO - Dependencies all met for <TaskInstance: my_dag.echo_hello 2021-09-27T15:50:00+00:00 [queued]>
[2021-09-27 16:00:04,127] {taskinstance.py:1095} INFO - 
--------------------------------------------------------------------------------
[2021-09-27 16:00:04,140] {taskinstance.py:1096} INFO - Starting attempt 1 of 1
[2021-09-27 16:00:04,156] {taskinstance.py:1097} INFO - 
--------------------------------------------------------------------------------
[2021-09-27 16:00:04,197] {taskinstance.py:1115} INFO - Executing <Task(BashOperator): echo_hello> on 2021-09-27T15:50:00+00:00
[2021-09-27 16:00:04,221] {standard_task_runner.py:52} INFO - Started process 38990 to run task
[2021-09-27 16:00:04,330] {standard_task_runner.py:76} INFO - Running: ['***', 'tasks', 'run', 'my_dag', 'echo_hello', '2021-09-27T15:50:00+00:00', '--job-id', '116', '--pool', 'default_pool', '--raw', '--subdir', 'DAGS_FOLDER/my_dag.py', '--cfg-path', '/tmp/tmp1dp2k83y', '--error-file', '/tmp/tmptx90evi7']
[2021-09-27 16:00:04,413] {standard_task_runner.py:77} INFO - Job 116: Subtask echo_hello
[2021-09-27 16:00:05,474] {logging_mixin.py:109} INFO - Running <TaskInstance: my_dag.echo_hello 2021-09-27T15:50:00+00:00 [running]> on host 196580edc338
[2021-09-27 16:00:06,009] {taskinstance.py:1254} INFO - Exporting the following env vars:
AIRFLOW_CTX_DAG_OWNER=Attasil Chitwirote
AIRFLOW_CTX_DAG_ID=my_dag
AIRFLOW_CTX_TASK_ID=echo_hello
AIRFLOW_CTX_EXECUTION_DATE=2021-09-27T15:50:00+00:00
AIRFLOW_CTX_DAG_RUN_ID=scheduled__2021-09-27T15:50:00+00:00
[2021-09-27 16:00:06,023] {subprocess.py:52} INFO - Tmp dir root location: 
 /tmp
[2021-09-27 16:00:06,038] {subprocess.py:63} INFO - Running command: ['bash', '-c', "echo 'hello'"]
[2021-09-27 16:00:06,106] {subprocess.py:74} INFO - Output:
[2021-09-27 16:00:06,127] {subprocess.py:78} INFO - hello
[2021-09-27 16:00:06,129] {subprocess.py:82} INFO - Command exited with return code 0
[2021-09-27 16:00:06,267] {taskinstance.py:1219} INFO - Marking task as SUCCESS. dag_id=my_dag, task_id=echo_hello, execution_date=20210927T155000, start_date=20210927T160003, end_date=20210927T160006
[2021-09-27 16:00:06,366] {local_task_job.py:151} INFO - Task exited with return code 0
[2021-09-27 16:00:06,432] {local_task_job.py:261} INFO - 1 downstream tasks scheduled from follow-on schedule check
