[2021-09-27 15:40:04,193] {taskinstance.py:903} INFO - Dependencies all met for <TaskInstance: my_dag.say_hello 2021-09-27T15:30:00+00:00 [queued]>
[2021-09-27 15:40:04,234] {taskinstance.py:903} INFO - Dependencies all met for <TaskInstance: my_dag.say_hello 2021-09-27T15:30:00+00:00 [queued]>
[2021-09-27 15:40:04,236] {taskinstance.py:1095} INFO - 
--------------------------------------------------------------------------------
[2021-09-27 15:40:04,240] {taskinstance.py:1096} INFO - Starting attempt 1 of 1
[2021-09-27 15:40:04,245] {taskinstance.py:1097} INFO - 
--------------------------------------------------------------------------------
[2021-09-27 15:40:04,349] {taskinstance.py:1115} INFO - Executing <Task(PythonOperator): say_hello> on 2021-09-27T15:30:00+00:00
[2021-09-27 15:40:04,366] {standard_task_runner.py:52} INFO - Started process 31253 to run task
[2021-09-27 15:40:04,392] {standard_task_runner.py:76} INFO - Running: ['***', 'tasks', 'run', 'my_dag', 'say_hello', '2021-09-27T15:30:00+00:00', '--job-id', '95', '--pool', 'default_pool', '--raw', '--subdir', 'DAGS_FOLDER/my_dag.py', '--cfg-path', '/tmp/tmpa6u57v3w', '--error-file', '/tmp/tmpexhat9_8']
[2021-09-27 15:40:04,407] {standard_task_runner.py:77} INFO - Job 95: Subtask say_hello
[2021-09-27 15:40:04,571] {logging_mixin.py:109} INFO - Running <TaskInstance: my_dag.say_hello 2021-09-27T15:30:00+00:00 [running]> on host 196580edc338
[2021-09-27 15:40:04,676] {taskinstance.py:1254} INFO - Exporting the following env vars:
AIRFLOW_CTX_DAG_OWNER=Attasil Chitwirote
AIRFLOW_CTX_DAG_ID=my_dag
AIRFLOW_CTX_TASK_ID=say_hello
AIRFLOW_CTX_EXECUTION_DATE=2021-09-27T15:30:00+00:00
AIRFLOW_CTX_DAG_RUN_ID=scheduled__2021-09-27T15:30:00+00:00
[2021-09-27 15:40:04,679] {my_dag.py:9} INFO - Hello SAKSIAM.
[2021-09-27 15:40:04,680] {python.py:151} INFO - Done. Returned value was: None
[2021-09-27 15:40:04,709] {taskinstance.py:1219} INFO - Marking task as SUCCESS. dag_id=my_dag, task_id=say_hello, execution_date=20210927T153000, start_date=20210927T154004, end_date=20210927T154004
[2021-09-27 15:40:04,772] {local_task_job.py:151} INFO - Task exited with return code 0
[2021-09-27 15:40:04,972] {local_task_job.py:261} INFO - 0 downstream tasks scheduled from follow-on schedule check
