[2021-09-27 15:51:33,975] {taskinstance.py:903} INFO - Dependencies all met for <TaskInstance: day1_challenge2.say_hello 2021-09-27T15:40:00+00:00 [queued]>
[2021-09-27 15:51:34,007] {taskinstance.py:903} INFO - Dependencies all met for <TaskInstance: day1_challenge2.say_hello 2021-09-27T15:40:00+00:00 [queued]>
[2021-09-27 15:51:34,009] {taskinstance.py:1095} INFO - 
--------------------------------------------------------------------------------
[2021-09-27 15:51:34,010] {taskinstance.py:1096} INFO - Starting attempt 1 of 1
[2021-09-27 15:51:34,013] {taskinstance.py:1097} INFO - 
--------------------------------------------------------------------------------
[2021-09-27 15:51:34,057] {taskinstance.py:1115} INFO - Executing <Task(PythonOperator): say_hello> on 2021-09-27T15:40:00+00:00
[2021-09-27 15:51:34,063] {standard_task_runner.py:52} INFO - Started process 35700 to run task
[2021-09-27 15:51:34,089] {standard_task_runner.py:76} INFO - Running: ['***', 'tasks', 'run', 'day1_challenge2', 'say_hello', '2021-09-27T15:40:00+00:00', '--job-id', '101', '--pool', 'default_pool', '--raw', '--subdir', 'DAGS_FOLDER/day1_challenge2.py', '--cfg-path', '/tmp/tmpmhora0ki', '--error-file', '/tmp/tmp84oowo9j']
[2021-09-27 15:51:34,102] {standard_task_runner.py:77} INFO - Job 101: Subtask say_hello
[2021-09-27 15:51:34,208] {logging_mixin.py:109} INFO - Running <TaskInstance: day1_challenge2.say_hello 2021-09-27T15:40:00+00:00 [running]> on host 196580edc338
[2021-09-27 15:51:34,331] {taskinstance.py:1254} INFO - Exporting the following env vars:
AIRFLOW_CTX_DAG_OWNER=Attasil Chitwirote
AIRFLOW_CTX_DAG_ID=day1_challenge2
AIRFLOW_CTX_TASK_ID=say_hello
AIRFLOW_CTX_EXECUTION_DATE=2021-09-27T15:40:00+00:00
AIRFLOW_CTX_DAG_RUN_ID=scheduled__2021-09-27T15:40:00+00:00
[2021-09-27 15:51:34,346] {logging_mixin.py:109} INFO - Hello Saksiam!!!
[2021-09-27 15:51:34,361] {python.py:151} INFO - Done. Returned value was: None
[2021-09-27 15:51:34,461] {taskinstance.py:1219} INFO - Marking task as SUCCESS. dag_id=day1_challenge2, task_id=say_hello, execution_date=20210927T154000, start_date=20210927T155133, end_date=20210927T155134
[2021-09-27 15:51:34,650] {local_task_job.py:151} INFO - Task exited with return code 0
[2021-09-27 15:51:34,908] {local_task_job.py:261} INFO - 1 downstream tasks scheduled from follow-on schedule check
