[2021-09-27 14:54:39,537] {taskinstance.py:903} INFO - Dependencies all met for <TaskInstance: my_dag.echo_hello 2021-09-27T14:54:36.220077+00:00 [queued]>
[2021-09-27 14:54:39,567] {taskinstance.py:903} INFO - Dependencies all met for <TaskInstance: my_dag.echo_hello 2021-09-27T14:54:36.220077+00:00 [queued]>
[2021-09-27 14:54:39,569] {taskinstance.py:1095} INFO - 
--------------------------------------------------------------------------------
[2021-09-27 14:54:39,570] {taskinstance.py:1096} INFO - Starting attempt 1 of 1
[2021-09-27 14:54:39,571] {taskinstance.py:1097} INFO - 
--------------------------------------------------------------------------------
[2021-09-27 14:54:39,614] {taskinstance.py:1115} INFO - Executing <Task(BashOperator): echo_hello> on 2021-09-27T14:54:36.220077+00:00
[2021-09-27 14:54:39,634] {standard_task_runner.py:52} INFO - Started process 14429 to run task
[2021-09-27 14:54:39,654] {standard_task_runner.py:76} INFO - Running: ['***', 'tasks', 'run', 'my_dag', 'echo_hello', '2021-09-27T14:54:36.220077+00:00', '--job-id', '85', '--pool', 'default_pool', '--raw', '--subdir', 'DAGS_FOLDER/my_dag.py', '--cfg-path', '/tmp/tmpadin74x_', '--error-file', '/tmp/tmp83rq1jtp']
[2021-09-27 14:54:39,672] {standard_task_runner.py:77} INFO - Job 85: Subtask echo_hello
[2021-09-27 14:54:40,130] {logging_mixin.py:109} INFO - Running <TaskInstance: my_dag.echo_hello 2021-09-27T14:54:36.220077+00:00 [running]> on host 196580edc338
[2021-09-27 14:54:42,837] {taskinstance.py:1254} INFO - Exporting the following env vars:
AIRFLOW_CTX_DAG_OWNER=Attasil Chitwirote
AIRFLOW_CTX_DAG_ID=my_dag
AIRFLOW_CTX_TASK_ID=echo_hello
AIRFLOW_CTX_EXECUTION_DATE=2021-09-27T14:54:36.220077+00:00
AIRFLOW_CTX_DAG_RUN_ID=manual__2021-09-27T14:54:36.220077+00:00
[2021-09-27 14:54:42,886] {subprocess.py:52} INFO - Tmp dir root location: 
 /tmp
[2021-09-27 14:54:42,901] {subprocess.py:63} INFO - Running command: ['bash', '-c', "echo 'hello'"]
[2021-09-27 14:54:42,959] {subprocess.py:74} INFO - Output:
[2021-09-27 14:54:42,977] {subprocess.py:78} INFO - hello
[2021-09-27 14:54:42,982] {subprocess.py:82} INFO - Command exited with return code 0
[2021-09-27 14:54:43,120] {taskinstance.py:1219} INFO - Marking task as SUCCESS. dag_id=my_dag, task_id=echo_hello, execution_date=20210927T145436, start_date=20210927T145439, end_date=20210927T145443
[2021-09-27 14:54:43,368] {local_task_job.py:151} INFO - Task exited with return code 0
[2021-09-27 14:54:43,658] {local_task_job.py:261} INFO - 0 downstream tasks scheduled from follow-on schedule check
