[2021-09-27 14:08:44,676] {taskinstance.py:903} INFO - Dependencies all met for <TaskInstance: example_complex.update_tag_template_field 2021-09-27T14:06:38.240034+00:00 [queued]>
[2021-09-27 14:08:44,698] {taskinstance.py:903} INFO - Dependencies all met for <TaskInstance: example_complex.update_tag_template_field 2021-09-27T14:06:38.240034+00:00 [queued]>
[2021-09-27 14:08:44,699] {taskinstance.py:1095} INFO - 
--------------------------------------------------------------------------------
[2021-09-27 14:08:44,700] {taskinstance.py:1096} INFO - Starting attempt 1 of 1
[2021-09-27 14:08:44,701] {taskinstance.py:1097} INFO - 
--------------------------------------------------------------------------------
[2021-09-27 14:08:44,727] {taskinstance.py:1115} INFO - Executing <Task(BashOperator): update_tag_template_field> on 2021-09-27T14:06:38.240034+00:00
[2021-09-27 14:08:44,733] {standard_task_runner.py:52} INFO - Started process 1536 to run task
[2021-09-27 14:08:44,746] {standard_task_runner.py:76} INFO - Running: ['***', 'tasks', 'run', 'example_complex', 'update_tag_template_field', '2021-09-27T14:06:38.240034+00:00', '--job-id', '23', '--pool', 'default_pool', '--raw', '--subdir', '/home/***/.local/lib/python3.6/site-packages/***/example_dags/example_complex.py', '--cfg-path', '/tmp/tmp0ntk_0wr', '--error-file', '/tmp/tmpfn8t2rv_']
[2021-09-27 14:08:44,750] {standard_task_runner.py:77} INFO - Job 23: Subtask update_tag_template_field
[2021-09-27 14:08:44,817] {logging_mixin.py:109} INFO - Running <TaskInstance: example_complex.update_tag_template_field 2021-09-27T14:06:38.240034+00:00 [running]> on host fa8cc667bc0b
[2021-09-27 14:08:44,906] {taskinstance.py:1254} INFO - Exporting the following env vars:
AIRFLOW_CTX_DAG_OWNER=***
AIRFLOW_CTX_DAG_ID=example_complex
AIRFLOW_CTX_TASK_ID=update_tag_template_field
AIRFLOW_CTX_EXECUTION_DATE=2021-09-27T14:06:38.240034+00:00
AIRFLOW_CTX_DAG_RUN_ID=manual__2021-09-27T14:06:38.240034+00:00
[2021-09-27 14:08:44,908] {subprocess.py:52} INFO - Tmp dir root location: 
 /tmp
[2021-09-27 14:08:44,911] {subprocess.py:63} INFO - Running command: ['bash', '-c', 'echo update_tag_template_field']
[2021-09-27 14:08:44,924] {subprocess.py:74} INFO - Output:
[2021-09-27 14:08:44,926] {subprocess.py:78} INFO - update_tag_template_field
[2021-09-27 14:08:44,928] {subprocess.py:82} INFO - Command exited with return code 0
[2021-09-27 14:08:44,970] {taskinstance.py:1219} INFO - Marking task as SUCCESS. dag_id=example_complex, task_id=update_tag_template_field, execution_date=20210927T140638, start_date=20210927T140844, end_date=20210927T140844
[2021-09-27 14:08:45,040] {local_task_job.py:151} INFO - Task exited with return code 0
[2021-09-27 14:08:45,096] {local_task_job.py:261} INFO - 1 downstream tasks scheduled from follow-on schedule check
