[2021-09-27 14:09:13,773] {taskinstance.py:903} INFO - Dependencies all met for <TaskInstance: example_bash_operator.also_run_this 2021-09-25T00:00:00+00:00 [queued]>
[2021-09-27 14:09:13,801] {taskinstance.py:903} INFO - Dependencies all met for <TaskInstance: example_bash_operator.also_run_this 2021-09-25T00:00:00+00:00 [queued]>
[2021-09-27 14:09:13,802] {taskinstance.py:1095} INFO - 
--------------------------------------------------------------------------------
[2021-09-27 14:09:13,804] {taskinstance.py:1096} INFO - Starting attempt 1 of 1
[2021-09-27 14:09:13,805] {taskinstance.py:1097} INFO - 
--------------------------------------------------------------------------------
[2021-09-27 14:09:13,826] {taskinstance.py:1115} INFO - Executing <Task(BashOperator): also_run_this> on 2021-09-25T00:00:00+00:00
[2021-09-27 14:09:13,833] {standard_task_runner.py:52} INFO - Started process 1620 to run task
[2021-09-27 14:09:13,853] {standard_task_runner.py:76} INFO - Running: ['***', 'tasks', 'run', 'example_bash_operator', 'also_run_this', '2021-09-25T00:00:00+00:00', '--job-id', '28', '--pool', 'default_pool', '--raw', '--subdir', '/home/***/.local/lib/python3.6/site-packages/***/example_dags/example_bash_operator.py', '--cfg-path', '/tmp/tmpmzj0tvk8', '--error-file', '/tmp/tmpmv4vffbv']
[2021-09-27 14:09:13,858] {standard_task_runner.py:77} INFO - Job 28: Subtask also_run_this
[2021-09-27 14:09:13,945] {logging_mixin.py:109} INFO - Running <TaskInstance: example_bash_operator.also_run_this 2021-09-25T00:00:00+00:00 [running]> on host fa8cc667bc0b
[2021-09-27 14:09:14,336] {taskinstance.py:1254} INFO - Exporting the following env vars:
AIRFLOW_CTX_DAG_OWNER=***
AIRFLOW_CTX_DAG_ID=example_bash_operator
AIRFLOW_CTX_TASK_ID=also_run_this
AIRFLOW_CTX_EXECUTION_DATE=2021-09-25T00:00:00+00:00
AIRFLOW_CTX_DAG_RUN_ID=scheduled__2021-09-25T00:00:00+00:00
[2021-09-27 14:09:14,345] {subprocess.py:52} INFO - Tmp dir root location: 
 /tmp
[2021-09-27 14:09:14,362] {subprocess.py:63} INFO - Running command: ['bash', '-c', 'echo "run_id=scheduled__2021-09-25T00:00:00+00:00 | dag_run=<DagRun example_bash_operator @ 2021-09-25 00:00:00+00:00: scheduled__2021-09-25T00:00:00+00:00, externally triggered: False>"']
[2021-09-27 14:09:14,454] {subprocess.py:74} INFO - Output:
[2021-09-27 14:09:14,460] {subprocess.py:78} INFO - run_id=scheduled__2021-09-25T00:00:00+00:00 | dag_run=<DagRun example_bash_operator @ 2021-09-25 00:00:00+00:00: scheduled__2021-09-25T00:00:00+00:00, externally triggered: False>
[2021-09-27 14:09:14,462] {subprocess.py:82} INFO - Command exited with return code 0
[2021-09-27 14:09:14,520] {taskinstance.py:1219} INFO - Marking task as SUCCESS. dag_id=example_bash_operator, task_id=also_run_this, execution_date=20210925T000000, start_date=20210927T140913, end_date=20210927T140914
[2021-09-27 14:09:14,594] {local_task_job.py:151} INFO - Task exited with return code 0
[2021-09-27 14:09:14,690] {local_task_job.py:261} INFO - 0 downstream tasks scheduled from follow-on schedule check
