[2021-09-27 15:10:02,969] {taskinstance.py:903} INFO - Dependencies all met for <TaskInstance: my_dag.echo_hello 2021-09-27T15:00:00+00:00 [queued]>
[2021-09-27 15:10:03,004] {taskinstance.py:903} INFO - Dependencies all met for <TaskInstance: my_dag.echo_hello 2021-09-27T15:00:00+00:00 [queued]>
[2021-09-27 15:10:03,007] {taskinstance.py:1095} INFO - 
--------------------------------------------------------------------------------
[2021-09-27 15:10:03,017] {taskinstance.py:1096} INFO - Starting attempt 1 of 1
[2021-09-27 15:10:03,023] {taskinstance.py:1097} INFO - 
--------------------------------------------------------------------------------
[2021-09-27 15:10:03,068] {taskinstance.py:1115} INFO - Executing <Task(BashOperator): echo_hello> on 2021-09-27T15:00:00+00:00
[2021-09-27 15:10:03,081] {standard_task_runner.py:52} INFO - Started process 20073 to run task
[2021-09-27 15:10:03,090] {standard_task_runner.py:76} INFO - Running: ['***', 'tasks', 'run', 'my_dag', 'echo_hello', '2021-09-27T15:00:00+00:00', '--job-id', '90', '--pool', 'default_pool', '--raw', '--subdir', 'DAGS_FOLDER/my_dag.py', '--cfg-path', '/tmp/tmpp2tmxs3q', '--error-file', '/tmp/tmpxiy8owrr']
[2021-09-27 15:10:03,104] {standard_task_runner.py:77} INFO - Job 90: Subtask echo_hello
[2021-09-27 15:10:03,198] {logging_mixin.py:109} INFO - Running <TaskInstance: my_dag.echo_hello 2021-09-27T15:00:00+00:00 [running]> on host 196580edc338
[2021-09-27 15:10:03,631] {taskinstance.py:1254} INFO - Exporting the following env vars:
AIRFLOW_CTX_DAG_OWNER=Attasil Chitwirote
AIRFLOW_CTX_DAG_ID=my_dag
AIRFLOW_CTX_TASK_ID=echo_hello
AIRFLOW_CTX_EXECUTION_DATE=2021-09-27T15:00:00+00:00
AIRFLOW_CTX_DAG_RUN_ID=scheduled__2021-09-27T15:00:00+00:00
[2021-09-27 15:10:03,646] {subprocess.py:52} INFO - Tmp dir root location: 
 /tmp
[2021-09-27 15:10:03,648] {subprocess.py:63} INFO - Running command: ['bash', '-c', "echo 'hello'"]
[2021-09-27 15:10:03,670] {subprocess.py:74} INFO - Output:
[2021-09-27 15:10:03,675] {subprocess.py:78} INFO - hello
[2021-09-27 15:10:03,677] {subprocess.py:82} INFO - Command exited with return code 0
[2021-09-27 15:10:03,747] {taskinstance.py:1219} INFO - Marking task as SUCCESS. dag_id=my_dag, task_id=echo_hello, execution_date=20210927T150000, start_date=20210927T151002, end_date=20210927T151003
[2021-09-27 15:10:03,826] {local_task_job.py:151} INFO - Task exited with return code 0
[2021-09-27 15:10:03,889] {local_task_job.py:261} INFO - 0 downstream tasks scheduled from follow-on schedule check
