[2021-09-27 14:42:45,175] {taskinstance.py:903} INFO - Dependencies all met for <TaskInstance: my_dag.echo_hello 2021-09-27T14:42:40.057197+00:00 [queued]>
[2021-09-27 14:42:45,228] {taskinstance.py:903} INFO - Dependencies all met for <TaskInstance: my_dag.echo_hello 2021-09-27T14:42:40.057197+00:00 [queued]>
[2021-09-27 14:42:45,231] {taskinstance.py:1095} INFO - 
--------------------------------------------------------------------------------
[2021-09-27 14:42:45,233] {taskinstance.py:1096} INFO - Starting attempt 1 of 1
[2021-09-27 14:42:45,235] {taskinstance.py:1097} INFO - 
--------------------------------------------------------------------------------
[2021-09-27 14:42:45,279] {taskinstance.py:1115} INFO - Executing <Task(BashOperator): echo_hello> on 2021-09-27T14:42:40.057197+00:00
[2021-09-27 14:42:45,296] {standard_task_runner.py:52} INFO - Started process 10163 to run task
[2021-09-27 14:42:45,314] {standard_task_runner.py:76} INFO - Running: ['***', 'tasks', 'run', 'my_dag', 'echo_hello', '2021-09-27T14:42:40.057197+00:00', '--job-id', '81', '--pool', 'default_pool', '--raw', '--subdir', 'DAGS_FOLDER/my_dag.py', '--cfg-path', '/tmp/tmpra8k3y1j', '--error-file', '/tmp/tmpdultk92j']
[2021-09-27 14:42:45,321] {standard_task_runner.py:77} INFO - Job 81: Subtask echo_hello
[2021-09-27 14:42:45,491] {logging_mixin.py:109} INFO - Running <TaskInstance: my_dag.echo_hello 2021-09-27T14:42:40.057197+00:00 [running]> on host 196580edc338
[2021-09-27 14:42:45,944] {taskinstance.py:1254} INFO - Exporting the following env vars:
AIRFLOW_CTX_DAG_OWNER=Attasil Chitwirote
AIRFLOW_CTX_DAG_ID=my_dag
AIRFLOW_CTX_TASK_ID=echo_hello
AIRFLOW_CTX_EXECUTION_DATE=2021-09-27T14:42:40.057197+00:00
AIRFLOW_CTX_DAG_RUN_ID=manual__2021-09-27T14:42:40.057197+00:00
[2021-09-27 14:42:45,946] {subprocess.py:52} INFO - Tmp dir root location: 
 /tmp
[2021-09-27 14:42:45,950] {subprocess.py:63} INFO - Running command: ['bash', '-c', "echo 'hello'"]
[2021-09-27 14:42:45,971] {subprocess.py:74} INFO - Output:
[2021-09-27 14:42:45,979] {subprocess.py:78} INFO - hello
[2021-09-27 14:42:45,981] {subprocess.py:82} INFO - Command exited with return code 0
[2021-09-27 14:42:46,070] {taskinstance.py:1219} INFO - Marking task as SUCCESS. dag_id=my_dag, task_id=echo_hello, execution_date=20210927T144240, start_date=20210927T144245, end_date=20210927T144246
[2021-09-27 14:42:46,137] {local_task_job.py:151} INFO - Task exited with return code 0
[2021-09-27 14:42:46,234] {local_task_job.py:261} INFO - 1 downstream tasks scheduled from follow-on schedule check
