[2021-09-27 14:10:49,992] {taskinstance.py:903} INFO - Dependencies all met for <TaskInstance: example_bash_operator.also_run_this 2021-09-27T14:08:48.582969+00:00 [queued]>
[2021-09-27 14:10:50,015] {taskinstance.py:903} INFO - Dependencies all met for <TaskInstance: example_bash_operator.also_run_this 2021-09-27T14:08:48.582969+00:00 [queued]>
[2021-09-27 14:10:50,016] {taskinstance.py:1095} INFO - 
--------------------------------------------------------------------------------
[2021-09-27 14:10:50,019] {taskinstance.py:1096} INFO - Starting attempt 1 of 1
[2021-09-27 14:10:50,021] {taskinstance.py:1097} INFO - 
--------------------------------------------------------------------------------
[2021-09-27 14:10:50,036] {taskinstance.py:1115} INFO - Executing <Task(BashOperator): also_run_this> on 2021-09-27T14:08:48.582969+00:00
[2021-09-27 14:10:50,042] {standard_task_runner.py:52} INFO - Started process 1874 to run task
[2021-09-27 14:10:50,048] {standard_task_runner.py:76} INFO - Running: ['***', 'tasks', 'run', 'example_bash_operator', 'also_run_this', '2021-09-27T14:08:48.582969+00:00', '--job-id', '45', '--pool', 'default_pool', '--raw', '--subdir', '/home/***/.local/lib/python3.6/site-packages/***/example_dags/example_bash_operator.py', '--cfg-path', '/tmp/tmpj43hnj7k', '--error-file', '/tmp/tmpu5hy2mw3']
[2021-09-27 14:10:50,053] {standard_task_runner.py:77} INFO - Job 45: Subtask also_run_this
[2021-09-27 14:10:50,137] {logging_mixin.py:109} INFO - Running <TaskInstance: example_bash_operator.also_run_this 2021-09-27T14:08:48.582969+00:00 [running]> on host fa8cc667bc0b
[2021-09-27 14:10:50,218] {taskinstance.py:1254} INFO - Exporting the following env vars:
AIRFLOW_CTX_DAG_OWNER=***
AIRFLOW_CTX_DAG_ID=example_bash_operator
AIRFLOW_CTX_TASK_ID=also_run_this
AIRFLOW_CTX_EXECUTION_DATE=2021-09-27T14:08:48.582969+00:00
AIRFLOW_CTX_DAG_RUN_ID=manual__2021-09-27T14:08:48.582969+00:00
[2021-09-27 14:10:50,223] {subprocess.py:52} INFO - Tmp dir root location: 
 /tmp
[2021-09-27 14:10:50,224] {subprocess.py:63} INFO - Running command: ['bash', '-c', 'echo "run_id=manual__2021-09-27T14:08:48.582969+00:00 | dag_run=<DagRun example_bash_operator @ 2021-09-27 14:08:48.582969+00:00: manual__2021-09-27T14:08:48.582969+00:00, externally triggered: True>"']
[2021-09-27 14:10:50,236] {subprocess.py:74} INFO - Output:
[2021-09-27 14:10:50,240] {subprocess.py:78} INFO - run_id=manual__2021-09-27T14:08:48.582969+00:00 | dag_run=<DagRun example_bash_operator @ 2021-09-27 14:08:48.582969+00:00: manual__2021-09-27T14:08:48.582969+00:00, externally triggered: True>
[2021-09-27 14:10:50,241] {subprocess.py:82} INFO - Command exited with return code 0
[2021-09-27 14:10:50,284] {taskinstance.py:1219} INFO - Marking task as SUCCESS. dag_id=example_bash_operator, task_id=also_run_this, execution_date=20210927T140848, start_date=20210927T141049, end_date=20210927T141050
[2021-09-27 14:10:50,361] {local_task_job.py:151} INFO - Task exited with return code 0
[2021-09-27 14:10:50,406] {local_task_job.py:261} INFO - 0 downstream tasks scheduled from follow-on schedule check
