[2021-09-27 14:10:55,987] {taskinstance.py:903} INFO - Dependencies all met for <TaskInstance: example_complex.create_tag_result2 2021-09-27T14:06:38.240034+00:00 [queued]>
[2021-09-27 14:10:56,015] {taskinstance.py:903} INFO - Dependencies all met for <TaskInstance: example_complex.create_tag_result2 2021-09-27T14:06:38.240034+00:00 [queued]>
[2021-09-27 14:10:56,016] {taskinstance.py:1095} INFO - 
--------------------------------------------------------------------------------
[2021-09-27 14:10:56,017] {taskinstance.py:1096} INFO - Starting attempt 1 of 1
[2021-09-27 14:10:56,018] {taskinstance.py:1097} INFO - 
--------------------------------------------------------------------------------
[2021-09-27 14:10:56,034] {taskinstance.py:1115} INFO - Executing <Task(BashOperator): create_tag_result2> on 2021-09-27T14:06:38.240034+00:00
[2021-09-27 14:10:56,040] {standard_task_runner.py:52} INFO - Started process 1887 to run task
[2021-09-27 14:10:56,048] {standard_task_runner.py:76} INFO - Running: ['***', 'tasks', 'run', 'example_complex', 'create_tag_result2', '2021-09-27T14:06:38.240034+00:00', '--job-id', '47', '--pool', 'default_pool', '--raw', '--subdir', '/home/***/.local/lib/python3.6/site-packages/***/example_dags/example_complex.py', '--cfg-path', '/tmp/tmp7ezfjq53', '--error-file', '/tmp/tmpd4ae4mx_']
[2021-09-27 14:10:56,051] {standard_task_runner.py:77} INFO - Job 47: Subtask create_tag_result2
[2021-09-27 14:10:56,120] {logging_mixin.py:109} INFO - Running <TaskInstance: example_complex.create_tag_result2 2021-09-27T14:06:38.240034+00:00 [running]> on host fa8cc667bc0b
[2021-09-27 14:10:56,191] {taskinstance.py:1254} INFO - Exporting the following env vars:
AIRFLOW_CTX_DAG_OWNER=***
AIRFLOW_CTX_DAG_ID=example_complex
AIRFLOW_CTX_TASK_ID=create_tag_result2
AIRFLOW_CTX_EXECUTION_DATE=2021-09-27T14:06:38.240034+00:00
AIRFLOW_CTX_DAG_RUN_ID=manual__2021-09-27T14:06:38.240034+00:00
[2021-09-27 14:10:56,195] {subprocess.py:52} INFO - Tmp dir root location: 
 /tmp
[2021-09-27 14:10:56,197] {subprocess.py:63} INFO - Running command: ['bash', '-c', 'echo create_tag_result2']
[2021-09-27 14:10:56,209] {subprocess.py:74} INFO - Output:
[2021-09-27 14:10:56,211] {subprocess.py:78} INFO - create_tag_result2
[2021-09-27 14:10:56,212] {subprocess.py:82} INFO - Command exited with return code 0
[2021-09-27 14:10:56,259] {taskinstance.py:1219} INFO - Marking task as SUCCESS. dag_id=example_complex, task_id=create_tag_result2, execution_date=20210927T140638, start_date=20210927T141055, end_date=20210927T141056
[2021-09-27 14:10:56,350] {local_task_job.py:151} INFO - Task exited with return code 0
[2021-09-27 14:10:56,389] {local_task_job.py:261} INFO - 0 downstream tasks scheduled from follow-on schedule check
