[2021-09-27 14:40:02,447] {taskinstance.py:903} INFO - Dependencies all met for <TaskInstance: my_dag.echo_hello 2021-09-27T14:30:00+00:00 [queued]>
[2021-09-27 14:40:02,472] {taskinstance.py:903} INFO - Dependencies all met for <TaskInstance: my_dag.echo_hello 2021-09-27T14:30:00+00:00 [queued]>
[2021-09-27 14:40:02,476] {taskinstance.py:1095} INFO - 
--------------------------------------------------------------------------------
[2021-09-27 14:40:02,478] {taskinstance.py:1096} INFO - Starting attempt 1 of 1
[2021-09-27 14:40:02,480] {taskinstance.py:1097} INFO - 
--------------------------------------------------------------------------------
[2021-09-27 14:40:02,505] {taskinstance.py:1115} INFO - Executing <Task(BashOperator): echo_hello> on 2021-09-27T14:30:00+00:00
[2021-09-27 14:40:02,515] {standard_task_runner.py:52} INFO - Started process 9143 to run task
[2021-09-27 14:40:02,537] {standard_task_runner.py:76} INFO - Running: ['***', 'tasks', 'run', 'my_dag', 'echo_hello', '2021-09-27T14:30:00+00:00', '--job-id', '80', '--pool', 'default_pool', '--raw', '--subdir', 'DAGS_FOLDER/my_dag.py', '--cfg-path', '/tmp/tmpdjkqj8jz', '--error-file', '/tmp/tmp1k2kb4go']
[2021-09-27 14:40:02,555] {standard_task_runner.py:77} INFO - Job 80: Subtask echo_hello
[2021-09-27 14:40:02,670] {logging_mixin.py:109} INFO - Running <TaskInstance: my_dag.echo_hello 2021-09-27T14:30:00+00:00 [running]> on host 196580edc338
[2021-09-27 14:40:03,039] {taskinstance.py:1254} INFO - Exporting the following env vars:
AIRFLOW_CTX_DAG_OWNER=Attasil Chitwirote
AIRFLOW_CTX_DAG_ID=my_dag
AIRFLOW_CTX_TASK_ID=echo_hello
AIRFLOW_CTX_EXECUTION_DATE=2021-09-27T14:30:00+00:00
AIRFLOW_CTX_DAG_RUN_ID=scheduled__2021-09-27T14:30:00+00:00
[2021-09-27 14:40:03,048] {subprocess.py:52} INFO - Tmp dir root location: 
 /tmp
[2021-09-27 14:40:03,054] {subprocess.py:63} INFO - Running command: ['bash', '-c', "echo 'hello'"]
[2021-09-27 14:40:03,175] {subprocess.py:74} INFO - Output:
[2021-09-27 14:40:03,190] {subprocess.py:78} INFO - hello
[2021-09-27 14:40:03,192] {subprocess.py:82} INFO - Command exited with return code 0
[2021-09-27 14:40:03,291] {taskinstance.py:1219} INFO - Marking task as SUCCESS. dag_id=my_dag, task_id=echo_hello, execution_date=20210927T143000, start_date=20210927T144002, end_date=20210927T144003
[2021-09-27 14:40:03,368] {local_task_job.py:151} INFO - Task exited with return code 0
[2021-09-27 14:40:03,469] {local_task_job.py:261} INFO - 1 downstream tasks scheduled from follow-on schedule check
