[2021-09-27 14:54:39,631] {taskinstance.py:903} INFO - Dependencies all met for <TaskInstance: my_dag.say_hello 2021-09-27T14:54:36.220077+00:00 [queued]>
[2021-09-27 14:54:39,821] {taskinstance.py:903} INFO - Dependencies all met for <TaskInstance: my_dag.say_hello 2021-09-27T14:54:36.220077+00:00 [queued]>
[2021-09-27 14:54:39,827] {taskinstance.py:1095} INFO - 
--------------------------------------------------------------------------------
[2021-09-27 14:54:39,828] {taskinstance.py:1096} INFO - Starting attempt 1 of 1
[2021-09-27 14:54:39,845] {taskinstance.py:1097} INFO - 
--------------------------------------------------------------------------------
[2021-09-27 14:54:39,928] {taskinstance.py:1115} INFO - Executing <Task(PythonOperator): say_hello> on 2021-09-27T14:54:36.220077+00:00
[2021-09-27 14:54:39,971] {standard_task_runner.py:52} INFO - Started process 14430 to run task
[2021-09-27 14:54:40,004] {standard_task_runner.py:76} INFO - Running: ['***', 'tasks', 'run', 'my_dag', 'say_hello', '2021-09-27T14:54:36.220077+00:00', '--job-id', '86', '--pool', 'default_pool', '--raw', '--subdir', 'DAGS_FOLDER/my_dag.py', '--cfg-path', '/tmp/tmpjm263if3', '--error-file', '/tmp/tmprtn42mml']
[2021-09-27 14:54:40,016] {standard_task_runner.py:77} INFO - Job 86: Subtask say_hello
[2021-09-27 14:54:41,713] {logging_mixin.py:109} INFO - Running <TaskInstance: my_dag.say_hello 2021-09-27T14:54:36.220077+00:00 [running]> on host 196580edc338
[2021-09-27 14:54:42,964] {taskinstance.py:1254} INFO - Exporting the following env vars:
AIRFLOW_CTX_DAG_OWNER=Attasil Chitwirote
AIRFLOW_CTX_DAG_ID=my_dag
AIRFLOW_CTX_TASK_ID=say_hello
AIRFLOW_CTX_EXECUTION_DATE=2021-09-27T14:54:36.220077+00:00
AIRFLOW_CTX_DAG_RUN_ID=manual__2021-09-27T14:54:36.220077+00:00
[2021-09-27 14:54:42,968] {my_dag.py:9} INFO - Hello SAKSIAM.
[2021-09-27 14:54:42,972] {python.py:151} INFO - Done. Returned value was: None
[2021-09-27 14:54:43,036] {taskinstance.py:1219} INFO - Marking task as SUCCESS. dag_id=my_dag, task_id=say_hello, execution_date=20210927T145436, start_date=20210927T145439, end_date=20210927T145443
[2021-09-27 14:54:43,137] {local_task_job.py:151} INFO - Task exited with return code 0
[2021-09-27 14:54:43,483] {local_task_job.py:261} INFO - 1 downstream tasks scheduled from follow-on schedule check
