[2021-09-27 14:08:23,973] {taskinstance.py:903} INFO - Dependencies all met for <TaskInstance: example_complex.create_tag_template_result 2021-09-27T14:06:38.240034+00:00 [queued]>
[2021-09-27 14:08:24,037] {taskinstance.py:903} INFO - Dependencies all met for <TaskInstance: example_complex.create_tag_template_result 2021-09-27T14:06:38.240034+00:00 [queued]>
[2021-09-27 14:08:24,039] {taskinstance.py:1095} INFO - 
--------------------------------------------------------------------------------
[2021-09-27 14:08:24,041] {taskinstance.py:1096} INFO - Starting attempt 1 of 1
[2021-09-27 14:08:24,043] {taskinstance.py:1097} INFO - 
--------------------------------------------------------------------------------
[2021-09-27 14:08:24,073] {taskinstance.py:1115} INFO - Executing <Task(BashOperator): create_tag_template_result> on 2021-09-27T14:06:38.240034+00:00
[2021-09-27 14:08:24,079] {standard_task_runner.py:52} INFO - Started process 1470 to run task
[2021-09-27 14:08:24,098] {standard_task_runner.py:76} INFO - Running: ['***', 'tasks', 'run', 'example_complex', 'create_tag_template_result', '2021-09-27T14:06:38.240034+00:00', '--job-id', '19', '--pool', 'default_pool', '--raw', '--subdir', '/home/***/.local/lib/python3.6/site-packages/***/example_dags/example_complex.py', '--cfg-path', '/tmp/tmpb0un9ehl', '--error-file', '/tmp/tmpxcnuiova']
[2021-09-27 14:08:24,107] {standard_task_runner.py:77} INFO - Job 19: Subtask create_tag_template_result
[2021-09-27 14:08:24,222] {logging_mixin.py:109} INFO - Running <TaskInstance: example_complex.create_tag_template_result 2021-09-27T14:06:38.240034+00:00 [running]> on host fa8cc667bc0b
[2021-09-27 14:08:24,357] {taskinstance.py:1254} INFO - Exporting the following env vars:
AIRFLOW_CTX_DAG_OWNER=***
AIRFLOW_CTX_DAG_ID=example_complex
AIRFLOW_CTX_TASK_ID=create_tag_template_result
AIRFLOW_CTX_EXECUTION_DATE=2021-09-27T14:06:38.240034+00:00
AIRFLOW_CTX_DAG_RUN_ID=manual__2021-09-27T14:06:38.240034+00:00
[2021-09-27 14:08:24,359] {subprocess.py:52} INFO - Tmp dir root location: 
 /tmp
[2021-09-27 14:08:24,361] {subprocess.py:63} INFO - Running command: ['bash', '-c', 'echo create_tag_template_result']
[2021-09-27 14:08:24,375] {subprocess.py:74} INFO - Output:
[2021-09-27 14:08:24,378] {subprocess.py:78} INFO - create_tag_template_result
[2021-09-27 14:08:24,379] {subprocess.py:82} INFO - Command exited with return code 0
[2021-09-27 14:08:24,466] {taskinstance.py:1219} INFO - Marking task as SUCCESS. dag_id=example_complex, task_id=create_tag_template_result, execution_date=20210927T140638, start_date=20210927T140823, end_date=20210927T140824
[2021-09-27 14:08:24,585] {local_task_job.py:151} INFO - Task exited with return code 0
[2021-09-27 14:08:24,642] {local_task_job.py:261} INFO - 0 downstream tasks scheduled from follow-on schedule check
