[2021-09-27 14:10:44,093] {taskinstance.py:903} INFO - Dependencies all met for <TaskInstance: example_bash_operator.also_run_this 2021-09-26T00:00:00+00:00 [queued]>
[2021-09-27 14:10:44,124] {taskinstance.py:903} INFO - Dependencies all met for <TaskInstance: example_bash_operator.also_run_this 2021-09-26T00:00:00+00:00 [queued]>
[2021-09-27 14:10:44,125] {taskinstance.py:1095} INFO - 
--------------------------------------------------------------------------------
[2021-09-27 14:10:44,127] {taskinstance.py:1096} INFO - Starting attempt 1 of 1
[2021-09-27 14:10:44,129] {taskinstance.py:1097} INFO - 
--------------------------------------------------------------------------------
[2021-09-27 14:10:44,166] {taskinstance.py:1115} INFO - Executing <Task(BashOperator): also_run_this> on 2021-09-26T00:00:00+00:00
[2021-09-27 14:10:44,175] {standard_task_runner.py:52} INFO - Started process 1867 to run task
[2021-09-27 14:10:44,197] {standard_task_runner.py:76} INFO - Running: ['***', 'tasks', 'run', 'example_bash_operator', 'also_run_this', '2021-09-26T00:00:00+00:00', '--job-id', '44', '--pool', 'default_pool', '--raw', '--subdir', '/home/***/.local/lib/python3.6/site-packages/***/example_dags/example_bash_operator.py', '--cfg-path', '/tmp/tmpwxl1ujs2', '--error-file', '/tmp/tmpbil0xvdg']
[2021-09-27 14:10:44,200] {standard_task_runner.py:77} INFO - Job 44: Subtask also_run_this
[2021-09-27 14:10:44,289] {logging_mixin.py:109} INFO - Running <TaskInstance: example_bash_operator.also_run_this 2021-09-26T00:00:00+00:00 [running]> on host fa8cc667bc0b
[2021-09-27 14:10:44,386] {taskinstance.py:1254} INFO - Exporting the following env vars:
AIRFLOW_CTX_DAG_OWNER=***
AIRFLOW_CTX_DAG_ID=example_bash_operator
AIRFLOW_CTX_TASK_ID=also_run_this
AIRFLOW_CTX_EXECUTION_DATE=2021-09-26T00:00:00+00:00
AIRFLOW_CTX_DAG_RUN_ID=scheduled__2021-09-26T00:00:00+00:00
[2021-09-27 14:10:44,388] {subprocess.py:52} INFO - Tmp dir root location: 
 /tmp
[2021-09-27 14:10:44,390] {subprocess.py:63} INFO - Running command: ['bash', '-c', 'echo "run_id=scheduled__2021-09-26T00:00:00+00:00 | dag_run=<DagRun example_bash_operator @ 2021-09-26 00:00:00+00:00: scheduled__2021-09-26T00:00:00+00:00, externally triggered: False>"']
[2021-09-27 14:10:44,402] {subprocess.py:74} INFO - Output:
[2021-09-27 14:10:44,406] {subprocess.py:78} INFO - run_id=scheduled__2021-09-26T00:00:00+00:00 | dag_run=<DagRun example_bash_operator @ 2021-09-26 00:00:00+00:00: scheduled__2021-09-26T00:00:00+00:00, externally triggered: False>
[2021-09-27 14:10:44,407] {subprocess.py:82} INFO - Command exited with return code 0
[2021-09-27 14:10:44,528] {taskinstance.py:1219} INFO - Marking task as SUCCESS. dag_id=example_bash_operator, task_id=also_run_this, execution_date=20210926T000000, start_date=20210927T141044, end_date=20210927T141044
[2021-09-27 14:10:44,598] {local_task_job.py:151} INFO - Task exited with return code 0
[2021-09-27 14:10:44,657] {local_task_job.py:261} INFO - 0 downstream tasks scheduled from follow-on schedule check
