[2021-09-27 14:08:48,898] {taskinstance.py:903} INFO - Dependencies all met for <TaskInstance: example_bash_operator.runme_2 2021-09-25T00:00:00+00:00 [queued]>
[2021-09-27 14:08:48,921] {taskinstance.py:903} INFO - Dependencies all met for <TaskInstance: example_bash_operator.runme_2 2021-09-25T00:00:00+00:00 [queued]>
[2021-09-27 14:08:48,922] {taskinstance.py:1095} INFO - 
--------------------------------------------------------------------------------
[2021-09-27 14:08:48,923] {taskinstance.py:1096} INFO - Starting attempt 1 of 1
[2021-09-27 14:08:48,925] {taskinstance.py:1097} INFO - 
--------------------------------------------------------------------------------
[2021-09-27 14:08:48,947] {taskinstance.py:1115} INFO - Executing <Task(BashOperator): runme_2> on 2021-09-25T00:00:00+00:00
[2021-09-27 14:08:48,951] {standard_task_runner.py:52} INFO - Started process 1543 to run task
[2021-09-27 14:08:48,967] {standard_task_runner.py:76} INFO - Running: ['***', 'tasks', 'run', 'example_bash_operator', 'runme_2', '2021-09-25T00:00:00+00:00', '--job-id', '24', '--pool', 'default_pool', '--raw', '--subdir', '/home/***/.local/lib/python3.6/site-packages/***/example_dags/example_bash_operator.py', '--cfg-path', '/tmp/tmp5xrdo3f6', '--error-file', '/tmp/tmpi5mcbwnp']
[2021-09-27 14:08:48,970] {standard_task_runner.py:77} INFO - Job 24: Subtask runme_2
[2021-09-27 14:08:49,046] {logging_mixin.py:109} INFO - Running <TaskInstance: example_bash_operator.runme_2 2021-09-25T00:00:00+00:00 [running]> on host fa8cc667bc0b
[2021-09-27 14:08:49,367] {taskinstance.py:1254} INFO - Exporting the following env vars:
AIRFLOW_CTX_DAG_OWNER=***
AIRFLOW_CTX_DAG_ID=example_bash_operator
AIRFLOW_CTX_TASK_ID=runme_2
AIRFLOW_CTX_EXECUTION_DATE=2021-09-25T00:00:00+00:00
AIRFLOW_CTX_DAG_RUN_ID=scheduled__2021-09-25T00:00:00+00:00
[2021-09-27 14:08:49,375] {subprocess.py:52} INFO - Tmp dir root location: 
 /tmp
[2021-09-27 14:08:49,378] {subprocess.py:63} INFO - Running command: ['bash', '-c', 'echo "example_bash_operator__runme_2__20210925" && sleep 1']
[2021-09-27 14:08:49,432] {subprocess.py:74} INFO - Output:
[2021-09-27 14:08:49,437] {subprocess.py:78} INFO - example_bash_operator__runme_2__20210925
[2021-09-27 14:08:50,448] {subprocess.py:82} INFO - Command exited with return code 0
[2021-09-27 14:08:50,545] {taskinstance.py:1219} INFO - Marking task as SUCCESS. dag_id=example_bash_operator, task_id=runme_2, execution_date=20210925T000000, start_date=20210927T140848, end_date=20210927T140850
[2021-09-27 14:08:50,657] {local_task_job.py:151} INFO - Task exited with return code 0
[2021-09-27 14:08:50,769] {local_task_job.py:261} INFO - 0 downstream tasks scheduled from follow-on schedule check
