[2021-09-27 14:08:39,494] {taskinstance.py:903} INFO - Dependencies all met for <TaskInstance: example_complex.create_tag 2021-09-27T14:06:38.240034+00:00 [queued]>
[2021-09-27 14:08:39,576] {taskinstance.py:903} INFO - Dependencies all met for <TaskInstance: example_complex.create_tag 2021-09-27T14:06:38.240034+00:00 [queued]>
[2021-09-27 14:08:39,583] {taskinstance.py:1095} INFO - 
--------------------------------------------------------------------------------
[2021-09-27 14:08:39,584] {taskinstance.py:1096} INFO - Starting attempt 1 of 1
[2021-09-27 14:08:39,586] {taskinstance.py:1097} INFO - 
--------------------------------------------------------------------------------
[2021-09-27 14:08:39,650] {taskinstance.py:1115} INFO - Executing <Task(BashOperator): create_tag> on 2021-09-27T14:06:38.240034+00:00
[2021-09-27 14:08:39,657] {standard_task_runner.py:52} INFO - Started process 1529 to run task
[2021-09-27 14:08:39,679] {standard_task_runner.py:76} INFO - Running: ['***', 'tasks', 'run', 'example_complex', 'create_tag', '2021-09-27T14:06:38.240034+00:00', '--job-id', '22', '--pool', 'default_pool', '--raw', '--subdir', '/home/***/.local/lib/python3.6/site-packages/***/example_dags/example_complex.py', '--cfg-path', '/tmp/tmpd8ebmh69', '--error-file', '/tmp/tmp2nn_hdky']
[2021-09-27 14:08:39,683] {standard_task_runner.py:77} INFO - Job 22: Subtask create_tag
[2021-09-27 14:08:39,794] {logging_mixin.py:109} INFO - Running <TaskInstance: example_complex.create_tag 2021-09-27T14:06:38.240034+00:00 [running]> on host fa8cc667bc0b
[2021-09-27 14:08:39,922] {taskinstance.py:1254} INFO - Exporting the following env vars:
AIRFLOW_CTX_DAG_OWNER=***
AIRFLOW_CTX_DAG_ID=example_complex
AIRFLOW_CTX_TASK_ID=create_tag
AIRFLOW_CTX_EXECUTION_DATE=2021-09-27T14:06:38.240034+00:00
AIRFLOW_CTX_DAG_RUN_ID=manual__2021-09-27T14:06:38.240034+00:00
[2021-09-27 14:08:39,926] {subprocess.py:52} INFO - Tmp dir root location: 
 /tmp
[2021-09-27 14:08:39,929] {subprocess.py:63} INFO - Running command: ['bash', '-c', 'echo create_tag']
[2021-09-27 14:08:39,944] {subprocess.py:74} INFO - Output:
[2021-09-27 14:08:39,949] {subprocess.py:78} INFO - create_tag
[2021-09-27 14:08:39,952] {subprocess.py:82} INFO - Command exited with return code 0
[2021-09-27 14:08:40,013] {taskinstance.py:1219} INFO - Marking task as SUCCESS. dag_id=example_complex, task_id=create_tag, execution_date=20210927T140638, start_date=20210927T140839, end_date=20210927T140840
[2021-09-27 14:08:40,063] {local_task_job.py:151} INFO - Task exited with return code 0
[2021-09-27 14:08:40,175] {local_task_job.py:261} INFO - 5 downstream tasks scheduled from follow-on schedule check
