[2021-09-27 14:10:37,420] {taskinstance.py:903} INFO - Dependencies all met for <TaskInstance: example_bash_operator.this_will_skip 2021-09-26T00:00:00+00:00 [queued]>
[2021-09-27 14:10:37,468] {taskinstance.py:903} INFO - Dependencies all met for <TaskInstance: example_bash_operator.this_will_skip 2021-09-26T00:00:00+00:00 [queued]>
[2021-09-27 14:10:37,472] {taskinstance.py:1095} INFO - 
--------------------------------------------------------------------------------
[2021-09-27 14:10:37,475] {taskinstance.py:1096} INFO - Starting attempt 1 of 1
[2021-09-27 14:10:37,476] {taskinstance.py:1097} INFO - 
--------------------------------------------------------------------------------
[2021-09-27 14:10:37,490] {taskinstance.py:1115} INFO - Executing <Task(BashOperator): this_will_skip> on 2021-09-26T00:00:00+00:00
[2021-09-27 14:10:37,496] {standard_task_runner.py:52} INFO - Started process 1844 to run task
[2021-09-27 14:10:37,517] {standard_task_runner.py:76} INFO - Running: ['***', 'tasks', 'run', 'example_bash_operator', 'this_will_skip', '2021-09-26T00:00:00+00:00', '--job-id', '43', '--pool', 'default_pool', '--raw', '--subdir', '/home/***/.local/lib/python3.6/site-packages/***/example_dags/example_bash_operator.py', '--cfg-path', '/tmp/tmp2v42_ucn', '--error-file', '/tmp/tmp3v3hyev8']
[2021-09-27 14:10:37,521] {standard_task_runner.py:77} INFO - Job 43: Subtask this_will_skip
[2021-09-27 14:10:37,632] {logging_mixin.py:109} INFO - Running <TaskInstance: example_bash_operator.this_will_skip 2021-09-26T00:00:00+00:00 [running]> on host fa8cc667bc0b
[2021-09-27 14:10:37,763] {taskinstance.py:1254} INFO - Exporting the following env vars:
AIRFLOW_CTX_DAG_OWNER=***
AIRFLOW_CTX_DAG_ID=example_bash_operator
AIRFLOW_CTX_TASK_ID=this_will_skip
AIRFLOW_CTX_EXECUTION_DATE=2021-09-26T00:00:00+00:00
AIRFLOW_CTX_DAG_RUN_ID=scheduled__2021-09-26T00:00:00+00:00
[2021-09-27 14:10:37,767] {subprocess.py:52} INFO - Tmp dir root location: 
 /tmp
[2021-09-27 14:10:37,770] {subprocess.py:63} INFO - Running command: ['bash', '-c', 'echo "hello world"; exit 99;']
[2021-09-27 14:10:37,793] {subprocess.py:74} INFO - Output:
[2021-09-27 14:10:37,803] {subprocess.py:78} INFO - hello world
[2021-09-27 14:10:37,805] {subprocess.py:82} INFO - Command exited with return code 99
[2021-09-27 14:10:37,809] {taskinstance.py:1175} INFO - Bash command returned exit code 99. Skipping.
[2021-09-27 14:10:37,836] {taskinstance.py:1185} INFO - Marking task as SKIPPED. dag_id=example_bash_operator, task_id=this_will_skip, execution_date=20210926T000000, start_date=20210927T141037, end_date=
[2021-09-27 14:10:37,839] {taskinstance.py:1219} INFO - Marking task as SUCCESS. dag_id=example_bash_operator, task_id=this_will_skip, execution_date=20210926T000000, start_date=20210927T141037, end_date=20210927T141037
[2021-09-27 14:10:37,899] {local_task_job.py:151} INFO - Task exited with return code 0
[2021-09-27 14:10:38,004] {local_task_job.py:261} INFO - 0 downstream tasks scheduled from follow-on schedule check
