[2021-09-27 14:14:33,672] {taskinstance.py:903} INFO - Dependencies all met for <TaskInstance: example_complex.search_catalog_result 2021-09-27T14:06:38.240034+00:00 [queued]>
[2021-09-27 14:14:33,849] {taskinstance.py:903} INFO - Dependencies all met for <TaskInstance: example_complex.search_catalog_result 2021-09-27T14:06:38.240034+00:00 [queued]>
[2021-09-27 14:14:33,853] {taskinstance.py:1095} INFO - 
--------------------------------------------------------------------------------
[2021-09-27 14:14:33,857] {taskinstance.py:1096} INFO - Starting attempt 1 of 1
[2021-09-27 14:14:33,859] {taskinstance.py:1097} INFO - 
--------------------------------------------------------------------------------
[2021-09-27 14:14:34,215] {taskinstance.py:1115} INFO - Executing <Task(BashOperator): search_catalog_result> on 2021-09-27T14:06:38.240034+00:00
[2021-09-27 14:14:34,281] {standard_task_runner.py:52} INFO - Started process 208 to run task
[2021-09-27 14:14:34,304] {standard_task_runner.py:76} INFO - Running: ['***', 'tasks', 'run', 'example_complex', 'search_catalog_result', '2021-09-27T14:06:38.240034+00:00', '--job-id', '74', '--pool', 'default_pool', '--raw', '--subdir', '/home/***/.local/lib/python3.6/site-packages/***/example_dags/example_complex.py', '--cfg-path', '/tmp/tmpsedugnw7', '--error-file', '/tmp/tmpcmx72r3h']
[2021-09-27 14:14:34,334] {standard_task_runner.py:77} INFO - Job 74: Subtask search_catalog_result
[2021-09-27 14:14:34,575] {logging_mixin.py:109} INFO - Running <TaskInstance: example_complex.search_catalog_result 2021-09-27T14:06:38.240034+00:00 [running]> on host 196580edc338
[2021-09-27 14:14:35,185] {taskinstance.py:1254} INFO - Exporting the following env vars:
AIRFLOW_CTX_DAG_OWNER=***
AIRFLOW_CTX_DAG_ID=example_complex
AIRFLOW_CTX_TASK_ID=search_catalog_result
AIRFLOW_CTX_EXECUTION_DATE=2021-09-27T14:06:38.240034+00:00
AIRFLOW_CTX_DAG_RUN_ID=manual__2021-09-27T14:06:38.240034+00:00
[2021-09-27 14:14:35,194] {subprocess.py:52} INFO - Tmp dir root location: 
 /tmp
[2021-09-27 14:14:35,204] {subprocess.py:63} INFO - Running command: ['bash', '-c', 'echo search_catalog_result']
[2021-09-27 14:14:35,262] {subprocess.py:74} INFO - Output:
[2021-09-27 14:14:35,274] {subprocess.py:78} INFO - search_catalog_result
[2021-09-27 14:14:35,276] {subprocess.py:82} INFO - Command exited with return code 0
[2021-09-27 14:14:35,381] {taskinstance.py:1219} INFO - Marking task as SUCCESS. dag_id=example_complex, task_id=search_catalog_result, execution_date=20210927T140638, start_date=20210927T141433, end_date=20210927T141435
[2021-09-27 14:14:35,522] {local_task_job.py:151} INFO - Task exited with return code 0
[2021-09-27 14:14:35,638] {local_task_job.py:261} INFO - 0 downstream tasks scheduled from follow-on schedule check
