[2021-09-27 14:14:37,087] {taskinstance.py:903} INFO - Dependencies all met for <TaskInstance: example_complex.delete_tag_template 2021-09-27T14:06:38.240034+00:00 [queued]>
[2021-09-27 14:14:37,161] {taskinstance.py:903} INFO - Dependencies all met for <TaskInstance: example_complex.delete_tag_template 2021-09-27T14:06:38.240034+00:00 [queued]>
[2021-09-27 14:14:37,163] {taskinstance.py:1095} INFO - 
--------------------------------------------------------------------------------
[2021-09-27 14:14:37,164] {taskinstance.py:1096} INFO - Starting attempt 1 of 1
[2021-09-27 14:14:37,165] {taskinstance.py:1097} INFO - 
--------------------------------------------------------------------------------
[2021-09-27 14:14:37,207] {taskinstance.py:1115} INFO - Executing <Task(BashOperator): delete_tag_template> on 2021-09-27T14:06:38.240034+00:00
[2021-09-27 14:14:37,231] {standard_task_runner.py:52} INFO - Started process 247 to run task
[2021-09-27 14:14:37,261] {standard_task_runner.py:76} INFO - Running: ['***', 'tasks', 'run', 'example_complex', 'delete_tag_template', '2021-09-27T14:06:38.240034+00:00', '--job-id', '76', '--pool', 'default_pool', '--raw', '--subdir', '/home/***/.local/lib/python3.6/site-packages/***/example_dags/example_complex.py', '--cfg-path', '/tmp/tmp2ylukk0s', '--error-file', '/tmp/tmp3l5j4bfa']
[2021-09-27 14:14:37,311] {standard_task_runner.py:77} INFO - Job 76: Subtask delete_tag_template
[2021-09-27 14:14:37,423] {logging_mixin.py:109} INFO - Running <TaskInstance: example_complex.delete_tag_template 2021-09-27T14:06:38.240034+00:00 [running]> on host 196580edc338
[2021-09-27 14:14:37,542] {taskinstance.py:1254} INFO - Exporting the following env vars:
AIRFLOW_CTX_DAG_OWNER=***
AIRFLOW_CTX_DAG_ID=example_complex
AIRFLOW_CTX_TASK_ID=delete_tag_template
AIRFLOW_CTX_EXECUTION_DATE=2021-09-27T14:06:38.240034+00:00
AIRFLOW_CTX_DAG_RUN_ID=manual__2021-09-27T14:06:38.240034+00:00
[2021-09-27 14:14:37,544] {subprocess.py:52} INFO - Tmp dir root location: 
 /tmp
[2021-09-27 14:14:37,548] {subprocess.py:63} INFO - Running command: ['bash', '-c', 'echo delete_tag_template']
[2021-09-27 14:14:37,563] {subprocess.py:74} INFO - Output:
[2021-09-27 14:14:37,573] {subprocess.py:78} INFO - delete_tag_template
[2021-09-27 14:14:37,581] {subprocess.py:82} INFO - Command exited with return code 0
[2021-09-27 14:14:37,643] {taskinstance.py:1219} INFO - Marking task as SUCCESS. dag_id=example_complex, task_id=delete_tag_template, execution_date=20210927T140638, start_date=20210927T141437, end_date=20210927T141437
[2021-09-27 14:14:37,735] {local_task_job.py:151} INFO - Task exited with return code 0
[2021-09-27 14:14:37,803] {local_task_job.py:261} INFO - 1 downstream tasks scheduled from follow-on schedule check
