[2021-09-27 14:10:03,614] {taskinstance.py:903} INFO - Dependencies all met for <TaskInstance: example_bash_operator.runme_2 2021-09-26T00:00:00+00:00 [queued]>
[2021-09-27 14:10:03,666] {taskinstance.py:903} INFO - Dependencies all met for <TaskInstance: example_bash_operator.runme_2 2021-09-26T00:00:00+00:00 [queued]>
[2021-09-27 14:10:03,668] {taskinstance.py:1095} INFO - 
--------------------------------------------------------------------------------
[2021-09-27 14:10:03,669] {taskinstance.py:1096} INFO - Starting attempt 1 of 1
[2021-09-27 14:10:03,672] {taskinstance.py:1097} INFO - 
--------------------------------------------------------------------------------
[2021-09-27 14:10:03,703] {taskinstance.py:1115} INFO - Executing <Task(BashOperator): runme_2> on 2021-09-26T00:00:00+00:00
[2021-09-27 14:10:03,717] {standard_task_runner.py:52} INFO - Started process 1747 to run task
[2021-09-27 14:10:03,753] {standard_task_runner.py:76} INFO - Running: ['***', 'tasks', 'run', 'example_bash_operator', 'runme_2', '2021-09-26T00:00:00+00:00', '--job-id', '37', '--pool', 'default_pool', '--raw', '--subdir', '/home/***/.local/lib/python3.6/site-packages/***/example_dags/example_bash_operator.py', '--cfg-path', '/tmp/tmpy1po8fna', '--error-file', '/tmp/tmp5oi_m0y7']
[2021-09-27 14:10:03,756] {standard_task_runner.py:77} INFO - Job 37: Subtask runme_2
[2021-09-27 14:10:03,940] {logging_mixin.py:109} INFO - Running <TaskInstance: example_bash_operator.runme_2 2021-09-26T00:00:00+00:00 [running]> on host fa8cc667bc0b
[2021-09-27 14:10:04,172] {taskinstance.py:1254} INFO - Exporting the following env vars:
AIRFLOW_CTX_DAG_OWNER=***
AIRFLOW_CTX_DAG_ID=example_bash_operator
AIRFLOW_CTX_TASK_ID=runme_2
AIRFLOW_CTX_EXECUTION_DATE=2021-09-26T00:00:00+00:00
AIRFLOW_CTX_DAG_RUN_ID=scheduled__2021-09-26T00:00:00+00:00
[2021-09-27 14:10:04,193] {subprocess.py:52} INFO - Tmp dir root location: 
 /tmp
[2021-09-27 14:10:04,213] {subprocess.py:63} INFO - Running command: ['bash', '-c', 'echo "example_bash_operator__runme_2__20210926" && sleep 1']
[2021-09-27 14:10:04,309] {subprocess.py:74} INFO - Output:
[2021-09-27 14:10:04,354] {subprocess.py:78} INFO - example_bash_operator__runme_2__20210926
[2021-09-27 14:10:05,393] {subprocess.py:82} INFO - Command exited with return code 0
[2021-09-27 14:10:05,447] {taskinstance.py:1219} INFO - Marking task as SUCCESS. dag_id=example_bash_operator, task_id=runme_2, execution_date=20210926T000000, start_date=20210927T141003, end_date=20210927T141005
[2021-09-27 14:10:05,531] {local_task_job.py:151} INFO - Task exited with return code 0
[2021-09-27 14:10:05,625] {local_task_job.py:261} INFO - 0 downstream tasks scheduled from follow-on schedule check
