[2021-09-27 14:09:49,490] {taskinstance.py:903} INFO - Dependencies all met for <TaskInstance: example_complex.rename_tag_template_field 2021-09-27T14:06:38.240034+00:00 [queued]>
[2021-09-27 14:09:49,508] {taskinstance.py:903} INFO - Dependencies all met for <TaskInstance: example_complex.rename_tag_template_field 2021-09-27T14:06:38.240034+00:00 [queued]>
[2021-09-27 14:09:49,510] {taskinstance.py:1095} INFO - 
--------------------------------------------------------------------------------
[2021-09-27 14:09:49,510] {taskinstance.py:1096} INFO - Starting attempt 1 of 1
[2021-09-27 14:09:49,511] {taskinstance.py:1097} INFO - 
--------------------------------------------------------------------------------
[2021-09-27 14:09:49,535] {taskinstance.py:1115} INFO - Executing <Task(BashOperator): rename_tag_template_field> on 2021-09-27T14:06:38.240034+00:00
[2021-09-27 14:09:49,539] {standard_task_runner.py:52} INFO - Started process 1713 to run task
[2021-09-27 14:09:49,550] {standard_task_runner.py:76} INFO - Running: ['***', 'tasks', 'run', 'example_complex', 'rename_tag_template_field', '2021-09-27T14:06:38.240034+00:00', '--job-id', '35', '--pool', 'default_pool', '--raw', '--subdir', '/home/***/.local/lib/python3.6/site-packages/***/example_dags/example_complex.py', '--cfg-path', '/tmp/tmpews615hh', '--error-file', '/tmp/tmpvvyum9lv']
[2021-09-27 14:09:49,555] {standard_task_runner.py:77} INFO - Job 35: Subtask rename_tag_template_field
[2021-09-27 14:09:49,634] {logging_mixin.py:109} INFO - Running <TaskInstance: example_complex.rename_tag_template_field 2021-09-27T14:06:38.240034+00:00 [running]> on host fa8cc667bc0b
[2021-09-27 14:09:49,752] {taskinstance.py:1254} INFO - Exporting the following env vars:
AIRFLOW_CTX_DAG_OWNER=***
AIRFLOW_CTX_DAG_ID=example_complex
AIRFLOW_CTX_TASK_ID=rename_tag_template_field
AIRFLOW_CTX_EXECUTION_DATE=2021-09-27T14:06:38.240034+00:00
AIRFLOW_CTX_DAG_RUN_ID=manual__2021-09-27T14:06:38.240034+00:00
[2021-09-27 14:09:49,755] {subprocess.py:52} INFO - Tmp dir root location: 
 /tmp
[2021-09-27 14:09:49,758] {subprocess.py:63} INFO - Running command: ['bash', '-c', 'echo rename_tag_template_field']
[2021-09-27 14:09:49,773] {subprocess.py:74} INFO - Output:
[2021-09-27 14:09:49,776] {subprocess.py:78} INFO - rename_tag_template_field
[2021-09-27 14:09:49,778] {subprocess.py:82} INFO - Command exited with return code 0
[2021-09-27 14:09:49,826] {taskinstance.py:1219} INFO - Marking task as SUCCESS. dag_id=example_complex, task_id=rename_tag_template_field, execution_date=20210927T140638, start_date=20210927T140949, end_date=20210927T140949
[2021-09-27 14:09:49,883] {local_task_job.py:151} INFO - Task exited with return code 0
[2021-09-27 14:09:49,935] {local_task_job.py:261} INFO - 0 downstream tasks scheduled from follow-on schedule check
