[2021-09-27 14:09:33,048] {taskinstance.py:903} INFO - Dependencies all met for <TaskInstance: example_complex.list_tags 2021-09-27T14:06:38.240034+00:00 [queued]>
[2021-09-27 14:09:33,090] {taskinstance.py:903} INFO - Dependencies all met for <TaskInstance: example_complex.list_tags 2021-09-27T14:06:38.240034+00:00 [queued]>
[2021-09-27 14:09:33,094] {taskinstance.py:1095} INFO - 
--------------------------------------------------------------------------------
[2021-09-27 14:09:33,096] {taskinstance.py:1096} INFO - Starting attempt 1 of 1
[2021-09-27 14:09:33,097] {taskinstance.py:1097} INFO - 
--------------------------------------------------------------------------------
[2021-09-27 14:09:33,139] {taskinstance.py:1115} INFO - Executing <Task(BashOperator): list_tags> on 2021-09-27T14:06:38.240034+00:00
[2021-09-27 14:09:33,153] {standard_task_runner.py:52} INFO - Started process 1670 to run task
[2021-09-27 14:09:33,165] {standard_task_runner.py:76} INFO - Running: ['***', 'tasks', 'run', 'example_complex', 'list_tags', '2021-09-27T14:06:38.240034+00:00', '--job-id', '32', '--pool', 'default_pool', '--raw', '--subdir', '/home/***/.local/lib/python3.6/site-packages/***/example_dags/example_complex.py', '--cfg-path', '/tmp/tmplmp_zx0d', '--error-file', '/tmp/tmpw84e6ugf']
[2021-09-27 14:09:33,183] {standard_task_runner.py:77} INFO - Job 32: Subtask list_tags
[2021-09-27 14:09:33,296] {logging_mixin.py:109} INFO - Running <TaskInstance: example_complex.list_tags 2021-09-27T14:06:38.240034+00:00 [running]> on host fa8cc667bc0b
[2021-09-27 14:09:33,404] {taskinstance.py:1254} INFO - Exporting the following env vars:
AIRFLOW_CTX_DAG_OWNER=***
AIRFLOW_CTX_DAG_ID=example_complex
AIRFLOW_CTX_TASK_ID=list_tags
AIRFLOW_CTX_EXECUTION_DATE=2021-09-27T14:06:38.240034+00:00
AIRFLOW_CTX_DAG_RUN_ID=manual__2021-09-27T14:06:38.240034+00:00
[2021-09-27 14:09:33,409] {subprocess.py:52} INFO - Tmp dir root location: 
 /tmp
[2021-09-27 14:09:33,412] {subprocess.py:63} INFO - Running command: ['bash', '-c', 'echo list_tags']
[2021-09-27 14:09:33,427] {subprocess.py:74} INFO - Output:
[2021-09-27 14:09:33,432] {subprocess.py:78} INFO - list_tags
[2021-09-27 14:09:33,434] {subprocess.py:82} INFO - Command exited with return code 0
[2021-09-27 14:09:33,481] {taskinstance.py:1219} INFO - Marking task as SUCCESS. dag_id=example_complex, task_id=list_tags, execution_date=20210927T140638, start_date=20210927T140933, end_date=20210927T140933
[2021-09-27 14:09:33,543] {local_task_job.py:151} INFO - Task exited with return code 0
[2021-09-27 14:09:33,594] {local_task_job.py:261} INFO - 1 downstream tasks scheduled from follow-on schedule check
