[2021-09-27 14:09:01,523] {taskinstance.py:903} INFO - Dependencies all met for <TaskInstance: example_bash_operator.runme_1 2021-09-25T00:00:00+00:00 [queued]>
[2021-09-27 14:09:01,545] {taskinstance.py:903} INFO - Dependencies all met for <TaskInstance: example_bash_operator.runme_1 2021-09-25T00:00:00+00:00 [queued]>
[2021-09-27 14:09:01,546] {taskinstance.py:1095} INFO - 
--------------------------------------------------------------------------------
[2021-09-27 14:09:01,548] {taskinstance.py:1096} INFO - Starting attempt 1 of 1
[2021-09-27 14:09:01,550] {taskinstance.py:1097} INFO - 
--------------------------------------------------------------------------------
[2021-09-27 14:09:01,573] {taskinstance.py:1115} INFO - Executing <Task(BashOperator): runme_1> on 2021-09-25T00:00:00+00:00
[2021-09-27 14:09:01,579] {standard_task_runner.py:52} INFO - Started process 1577 to run task
[2021-09-27 14:09:01,596] {standard_task_runner.py:76} INFO - Running: ['***', 'tasks', 'run', 'example_bash_operator', 'runme_1', '2021-09-25T00:00:00+00:00', '--job-id', '26', '--pool', 'default_pool', '--raw', '--subdir', '/home/***/.local/lib/python3.6/site-packages/***/example_dags/example_bash_operator.py', '--cfg-path', '/tmp/tmpqubkx478', '--error-file', '/tmp/tmpa843vwi3']
[2021-09-27 14:09:01,600] {standard_task_runner.py:77} INFO - Job 26: Subtask runme_1
[2021-09-27 14:09:01,671] {logging_mixin.py:109} INFO - Running <TaskInstance: example_bash_operator.runme_1 2021-09-25T00:00:00+00:00 [running]> on host fa8cc667bc0b
[2021-09-27 14:09:01,759] {taskinstance.py:1254} INFO - Exporting the following env vars:
AIRFLOW_CTX_DAG_OWNER=***
AIRFLOW_CTX_DAG_ID=example_bash_operator
AIRFLOW_CTX_TASK_ID=runme_1
AIRFLOW_CTX_EXECUTION_DATE=2021-09-25T00:00:00+00:00
AIRFLOW_CTX_DAG_RUN_ID=scheduled__2021-09-25T00:00:00+00:00
[2021-09-27 14:09:01,761] {subprocess.py:52} INFO - Tmp dir root location: 
 /tmp
[2021-09-27 14:09:01,764] {subprocess.py:63} INFO - Running command: ['bash', '-c', 'echo "example_bash_operator__runme_1__20210925" && sleep 1']
[2021-09-27 14:09:01,775] {subprocess.py:74} INFO - Output:
[2021-09-27 14:09:01,781] {subprocess.py:78} INFO - example_bash_operator__runme_1__20210925
[2021-09-27 14:09:02,764] {subprocess.py:82} INFO - Command exited with return code 0
[2021-09-27 14:09:02,811] {taskinstance.py:1219} INFO - Marking task as SUCCESS. dag_id=example_bash_operator, task_id=runme_1, execution_date=20210925T000000, start_date=20210927T140901, end_date=20210927T140902
[2021-09-27 14:09:02,868] {local_task_job.py:151} INFO - Task exited with return code 0
[2021-09-27 14:09:02,911] {local_task_job.py:261} INFO - 1 downstream tasks scheduled from follow-on schedule check
