[2021-09-27 14:08:11,523] {taskinstance.py:903} INFO - Dependencies all met for <TaskInstance: example_complex.update_tag_template 2021-09-27T14:06:38.240034+00:00 [queued]>
[2021-09-27 14:08:11,555] {taskinstance.py:903} INFO - Dependencies all met for <TaskInstance: example_complex.update_tag_template 2021-09-27T14:06:38.240034+00:00 [queued]>
[2021-09-27 14:08:11,557] {taskinstance.py:1095} INFO - 
--------------------------------------------------------------------------------
[2021-09-27 14:08:11,558] {taskinstance.py:1096} INFO - Starting attempt 1 of 1
[2021-09-27 14:08:11,559] {taskinstance.py:1097} INFO - 
--------------------------------------------------------------------------------
[2021-09-27 14:08:11,573] {taskinstance.py:1115} INFO - Executing <Task(BashOperator): update_tag_template> on 2021-09-27T14:06:38.240034+00:00
[2021-09-27 14:08:11,577] {standard_task_runner.py:52} INFO - Started process 1443 to run task
[2021-09-27 14:08:11,590] {standard_task_runner.py:76} INFO - Running: ['***', 'tasks', 'run', 'example_complex', 'update_tag_template', '2021-09-27T14:06:38.240034+00:00', '--job-id', '17', '--pool', 'default_pool', '--raw', '--subdir', '/home/***/.local/lib/python3.6/site-packages/***/example_dags/example_complex.py', '--cfg-path', '/tmp/tmpc9quaif8', '--error-file', '/tmp/tmpt2kmztb_']
[2021-09-27 14:08:11,593] {standard_task_runner.py:77} INFO - Job 17: Subtask update_tag_template
[2021-09-27 14:08:11,681] {logging_mixin.py:109} INFO - Running <TaskInstance: example_complex.update_tag_template 2021-09-27T14:06:38.240034+00:00 [running]> on host fa8cc667bc0b
[2021-09-27 14:08:11,778] {taskinstance.py:1254} INFO - Exporting the following env vars:
AIRFLOW_CTX_DAG_OWNER=***
AIRFLOW_CTX_DAG_ID=example_complex
AIRFLOW_CTX_TASK_ID=update_tag_template
AIRFLOW_CTX_EXECUTION_DATE=2021-09-27T14:06:38.240034+00:00
AIRFLOW_CTX_DAG_RUN_ID=manual__2021-09-27T14:06:38.240034+00:00
[2021-09-27 14:08:11,784] {subprocess.py:52} INFO - Tmp dir root location: 
 /tmp
[2021-09-27 14:08:11,786] {subprocess.py:63} INFO - Running command: ['bash', '-c', 'echo update_tag_template']
[2021-09-27 14:08:11,815] {subprocess.py:74} INFO - Output:
[2021-09-27 14:08:11,823] {subprocess.py:78} INFO - update_tag_template
[2021-09-27 14:08:11,825] {subprocess.py:82} INFO - Command exited with return code 0
[2021-09-27 14:08:11,886] {taskinstance.py:1219} INFO - Marking task as SUCCESS. dag_id=example_complex, task_id=update_tag_template, execution_date=20210927T140638, start_date=20210927T140811, end_date=20210927T140811
[2021-09-27 14:08:11,929] {local_task_job.py:151} INFO - Task exited with return code 0
[2021-09-27 14:08:11,978] {local_task_job.py:261} INFO - 0 downstream tasks scheduled from follow-on schedule check
