[2021-09-27 14:11:04,584] {taskinstance.py:903} INFO - Dependencies all met for <TaskInstance: example_complex.delete_tag 2021-09-27T14:06:38.240034+00:00 [queued]>
[2021-09-27 14:11:04,611] {taskinstance.py:903} INFO - Dependencies all met for <TaskInstance: example_complex.delete_tag 2021-09-27T14:06:38.240034+00:00 [queued]>
[2021-09-27 14:11:04,612] {taskinstance.py:1095} INFO - 
--------------------------------------------------------------------------------
[2021-09-27 14:11:04,613] {taskinstance.py:1096} INFO - Starting attempt 1 of 1
[2021-09-27 14:11:04,614] {taskinstance.py:1097} INFO - 
--------------------------------------------------------------------------------
[2021-09-27 14:11:04,635] {taskinstance.py:1115} INFO - Executing <Task(BashOperator): delete_tag> on 2021-09-27T14:06:38.240034+00:00
[2021-09-27 14:11:04,641] {standard_task_runner.py:52} INFO - Started process 1922 to run task
[2021-09-27 14:11:04,648] {standard_task_runner.py:76} INFO - Running: ['***', 'tasks', 'run', 'example_complex', 'delete_tag', '2021-09-27T14:06:38.240034+00:00', '--job-id', '49', '--pool', 'default_pool', '--raw', '--subdir', '/home/***/.local/lib/python3.6/site-packages/***/example_dags/example_complex.py', '--cfg-path', '/tmp/tmpv4aiwalk', '--error-file', '/tmp/tmp9aagtgg3']
[2021-09-27 14:11:04,654] {standard_task_runner.py:77} INFO - Job 49: Subtask delete_tag
[2021-09-27 14:11:04,733] {logging_mixin.py:109} INFO - Running <TaskInstance: example_complex.delete_tag 2021-09-27T14:06:38.240034+00:00 [running]> on host fa8cc667bc0b
[2021-09-27 14:11:04,828] {taskinstance.py:1254} INFO - Exporting the following env vars:
AIRFLOW_CTX_DAG_OWNER=***
AIRFLOW_CTX_DAG_ID=example_complex
AIRFLOW_CTX_TASK_ID=delete_tag
AIRFLOW_CTX_EXECUTION_DATE=2021-09-27T14:06:38.240034+00:00
AIRFLOW_CTX_DAG_RUN_ID=manual__2021-09-27T14:06:38.240034+00:00
[2021-09-27 14:11:04,831] {subprocess.py:52} INFO - Tmp dir root location: 
 /tmp
[2021-09-27 14:11:04,833] {subprocess.py:63} INFO - Running command: ['bash', '-c', 'echo delete_tag']
[2021-09-27 14:11:04,852] {subprocess.py:74} INFO - Output:
[2021-09-27 14:11:04,856] {subprocess.py:78} INFO - delete_tag
[2021-09-27 14:11:04,859] {subprocess.py:82} INFO - Command exited with return code 0
[2021-09-27 14:11:04,918] {taskinstance.py:1219} INFO - Marking task as SUCCESS. dag_id=example_complex, task_id=delete_tag, execution_date=20210927T140638, start_date=20210927T141104, end_date=20210927T141104
[2021-09-27 14:11:04,993] {local_task_job.py:151} INFO - Task exited with return code 0
[2021-09-27 14:11:05,038] {local_task_job.py:261} INFO - 1 downstream tasks scheduled from follow-on schedule check
