[2021-09-27 15:20:02,746] {taskinstance.py:903} INFO - Dependencies all met for <TaskInstance: my_dag.echo_hello 2021-09-27T15:10:00+00:00 [queued]>
[2021-09-27 15:20:02,766] {taskinstance.py:903} INFO - Dependencies all met for <TaskInstance: my_dag.echo_hello 2021-09-27T15:10:00+00:00 [queued]>
[2021-09-27 15:20:02,768] {taskinstance.py:1095} INFO - 
--------------------------------------------------------------------------------
[2021-09-27 15:20:02,769] {taskinstance.py:1096} INFO - Starting attempt 1 of 1
[2021-09-27 15:20:02,773] {taskinstance.py:1097} INFO - 
--------------------------------------------------------------------------------
[2021-09-27 15:20:02,795] {taskinstance.py:1115} INFO - Executing <Task(BashOperator): echo_hello> on 2021-09-27T15:10:00+00:00
[2021-09-27 15:20:02,799] {standard_task_runner.py:52} INFO - Started process 23707 to run task
[2021-09-27 15:20:02,805] {standard_task_runner.py:76} INFO - Running: ['***', 'tasks', 'run', 'my_dag', 'echo_hello', '2021-09-27T15:10:00+00:00', '--job-id', '92', '--pool', 'default_pool', '--raw', '--subdir', 'DAGS_FOLDER/my_dag.py', '--cfg-path', '/tmp/tmp_2n1d8pq', '--error-file', '/tmp/tmpf1f00rne']
[2021-09-27 15:20:02,817] {standard_task_runner.py:77} INFO - Job 92: Subtask echo_hello
[2021-09-27 15:20:02,934] {logging_mixin.py:109} INFO - Running <TaskInstance: my_dag.echo_hello 2021-09-27T15:10:00+00:00 [running]> on host 196580edc338
[2021-09-27 15:20:03,058] {taskinstance.py:1254} INFO - Exporting the following env vars:
AIRFLOW_CTX_DAG_OWNER=Attasil Chitwirote
AIRFLOW_CTX_DAG_ID=my_dag
AIRFLOW_CTX_TASK_ID=echo_hello
AIRFLOW_CTX_EXECUTION_DATE=2021-09-27T15:10:00+00:00
AIRFLOW_CTX_DAG_RUN_ID=scheduled__2021-09-27T15:10:00+00:00
[2021-09-27 15:20:03,063] {subprocess.py:52} INFO - Tmp dir root location: 
 /tmp
[2021-09-27 15:20:03,064] {subprocess.py:63} INFO - Running command: ['bash', '-c', "echo 'hello'"]
[2021-09-27 15:20:03,081] {subprocess.py:74} INFO - Output:
[2021-09-27 15:20:03,091] {subprocess.py:78} INFO - hello
[2021-09-27 15:20:03,098] {subprocess.py:82} INFO - Command exited with return code 0
[2021-09-27 15:20:03,314] {taskinstance.py:1219} INFO - Marking task as SUCCESS. dag_id=my_dag, task_id=echo_hello, execution_date=20210927T151000, start_date=20210927T152002, end_date=20210927T152003
[2021-09-27 15:20:03,367] {local_task_job.py:151} INFO - Task exited with return code 0
[2021-09-27 15:20:03,428] {local_task_job.py:261} INFO - 1 downstream tasks scheduled from follow-on schedule check
