[2021-09-27 14:10:59,311] {taskinstance.py:903} INFO - Dependencies all met for <TaskInstance: example_complex.create_tag_result 2021-09-27T14:06:38.240034+00:00 [queued]>
[2021-09-27 14:10:59,346] {taskinstance.py:903} INFO - Dependencies all met for <TaskInstance: example_complex.create_tag_result 2021-09-27T14:06:38.240034+00:00 [queued]>
[2021-09-27 14:10:59,347] {taskinstance.py:1095} INFO - 
--------------------------------------------------------------------------------
[2021-09-27 14:10:59,348] {taskinstance.py:1096} INFO - Starting attempt 1 of 1
[2021-09-27 14:10:59,349] {taskinstance.py:1097} INFO - 
--------------------------------------------------------------------------------
[2021-09-27 14:10:59,369] {taskinstance.py:1115} INFO - Executing <Task(BashOperator): create_tag_result> on 2021-09-27T14:06:38.240034+00:00
[2021-09-27 14:10:59,376] {standard_task_runner.py:52} INFO - Started process 1908 to run task
[2021-09-27 14:10:59,393] {standard_task_runner.py:76} INFO - Running: ['***', 'tasks', 'run', 'example_complex', 'create_tag_result', '2021-09-27T14:06:38.240034+00:00', '--job-id', '48', '--pool', 'default_pool', '--raw', '--subdir', '/home/***/.local/lib/python3.6/site-packages/***/example_dags/example_complex.py', '--cfg-path', '/tmp/tmpb1uqe88e', '--error-file', '/tmp/tmp3fb05ajv']
[2021-09-27 14:10:59,397] {standard_task_runner.py:77} INFO - Job 48: Subtask create_tag_result
[2021-09-27 14:10:59,478] {logging_mixin.py:109} INFO - Running <TaskInstance: example_complex.create_tag_result 2021-09-27T14:06:38.240034+00:00 [running]> on host fa8cc667bc0b
[2021-09-27 14:10:59,566] {taskinstance.py:1254} INFO - Exporting the following env vars:
AIRFLOW_CTX_DAG_OWNER=***
AIRFLOW_CTX_DAG_ID=example_complex
AIRFLOW_CTX_TASK_ID=create_tag_result
AIRFLOW_CTX_EXECUTION_DATE=2021-09-27T14:06:38.240034+00:00
AIRFLOW_CTX_DAG_RUN_ID=manual__2021-09-27T14:06:38.240034+00:00
[2021-09-27 14:10:59,569] {subprocess.py:52} INFO - Tmp dir root location: 
 /tmp
[2021-09-27 14:10:59,706] {subprocess.py:63} INFO - Running command: ['bash', '-c', 'echo create_tag_result']
[2021-09-27 14:10:59,731] {subprocess.py:74} INFO - Output:
[2021-09-27 14:10:59,746] {subprocess.py:78} INFO - create_tag_result
[2021-09-27 14:10:59,748] {subprocess.py:82} INFO - Command exited with return code 0
[2021-09-27 14:10:59,803] {taskinstance.py:1219} INFO - Marking task as SUCCESS. dag_id=example_complex, task_id=create_tag_result, execution_date=20210927T140638, start_date=20210927T141059, end_date=20210927T141059
[2021-09-27 14:10:59,871] {local_task_job.py:151} INFO - Task exited with return code 0
[2021-09-27 14:10:59,919] {local_task_job.py:261} INFO - 0 downstream tasks scheduled from follow-on schedule check
