[2021-09-27 14:09:45,183] {taskinstance.py:903} INFO - Dependencies all met for <TaskInstance: example_complex.update_tag 2021-09-27T14:06:38.240034+00:00 [queued]>
[2021-09-27 14:09:45,221] {taskinstance.py:903} INFO - Dependencies all met for <TaskInstance: example_complex.update_tag 2021-09-27T14:06:38.240034+00:00 [queued]>
[2021-09-27 14:09:45,224] {taskinstance.py:1095} INFO - 
--------------------------------------------------------------------------------
[2021-09-27 14:09:45,226] {taskinstance.py:1096} INFO - Starting attempt 1 of 1
[2021-09-27 14:09:45,228] {taskinstance.py:1097} INFO - 
--------------------------------------------------------------------------------
[2021-09-27 14:09:45,261] {taskinstance.py:1115} INFO - Executing <Task(BashOperator): update_tag> on 2021-09-27T14:06:38.240034+00:00
[2021-09-27 14:09:45,271] {standard_task_runner.py:52} INFO - Started process 1706 to run task
[2021-09-27 14:09:45,280] {standard_task_runner.py:76} INFO - Running: ['***', 'tasks', 'run', 'example_complex', 'update_tag', '2021-09-27T14:06:38.240034+00:00', '--job-id', '34', '--pool', 'default_pool', '--raw', '--subdir', '/home/***/.local/lib/python3.6/site-packages/***/example_dags/example_complex.py', '--cfg-path', '/tmp/tmpq07vmj9w', '--error-file', '/tmp/tmpup7x6jym']
[2021-09-27 14:09:45,286] {standard_task_runner.py:77} INFO - Job 34: Subtask update_tag
[2021-09-27 14:09:45,437] {logging_mixin.py:109} INFO - Running <TaskInstance: example_complex.update_tag 2021-09-27T14:06:38.240034+00:00 [running]> on host fa8cc667bc0b
[2021-09-27 14:09:45,647] {taskinstance.py:1254} INFO - Exporting the following env vars:
AIRFLOW_CTX_DAG_OWNER=***
AIRFLOW_CTX_DAG_ID=example_complex
AIRFLOW_CTX_TASK_ID=update_tag
AIRFLOW_CTX_EXECUTION_DATE=2021-09-27T14:06:38.240034+00:00
AIRFLOW_CTX_DAG_RUN_ID=manual__2021-09-27T14:06:38.240034+00:00
[2021-09-27 14:09:45,653] {subprocess.py:52} INFO - Tmp dir root location: 
 /tmp
[2021-09-27 14:09:45,657] {subprocess.py:63} INFO - Running command: ['bash', '-c', 'echo update_tag']
[2021-09-27 14:09:45,674] {subprocess.py:74} INFO - Output:
[2021-09-27 14:09:45,679] {subprocess.py:78} INFO - update_tag
[2021-09-27 14:09:45,682] {subprocess.py:82} INFO - Command exited with return code 0
[2021-09-27 14:09:45,759] {taskinstance.py:1219} INFO - Marking task as SUCCESS. dag_id=example_complex, task_id=update_tag, execution_date=20210927T140638, start_date=20210927T140945, end_date=20210927T140945
[2021-09-27 14:09:45,841] {local_task_job.py:151} INFO - Task exited with return code 0
[2021-09-27 14:09:45,917] {local_task_job.py:261} INFO - 1 downstream tasks scheduled from follow-on schedule check
