[2021-09-27 15:20:02,717] {taskinstance.py:903} INFO - Dependencies all met for <TaskInstance: my_dag.say_hello 2021-09-27T15:10:00+00:00 [queued]>
[2021-09-27 15:20:02,737] {taskinstance.py:903} INFO - Dependencies all met for <TaskInstance: my_dag.say_hello 2021-09-27T15:10:00+00:00 [queued]>
[2021-09-27 15:20:02,739] {taskinstance.py:1095} INFO - 
--------------------------------------------------------------------------------
[2021-09-27 15:20:02,740] {taskinstance.py:1096} INFO - Starting attempt 1 of 1
[2021-09-27 15:20:02,744] {taskinstance.py:1097} INFO - 
--------------------------------------------------------------------------------
[2021-09-27 15:20:02,770] {taskinstance.py:1115} INFO - Executing <Task(PythonOperator): say_hello> on 2021-09-27T15:10:00+00:00
[2021-09-27 15:20:02,784] {standard_task_runner.py:52} INFO - Started process 23706 to run task
[2021-09-27 15:20:02,802] {standard_task_runner.py:76} INFO - Running: ['***', 'tasks', 'run', 'my_dag', 'say_hello', '2021-09-27T15:10:00+00:00', '--job-id', '91', '--pool', 'default_pool', '--raw', '--subdir', 'DAGS_FOLDER/my_dag.py', '--cfg-path', '/tmp/tmp41rotgci', '--error-file', '/tmp/tmptugcool7']
[2021-09-27 15:20:02,809] {standard_task_runner.py:77} INFO - Job 91: Subtask say_hello
[2021-09-27 15:20:02,899] {logging_mixin.py:109} INFO - Running <TaskInstance: my_dag.say_hello 2021-09-27T15:10:00+00:00 [running]> on host 196580edc338
[2021-09-27 15:20:02,985] {taskinstance.py:1254} INFO - Exporting the following env vars:
AIRFLOW_CTX_DAG_OWNER=Attasil Chitwirote
AIRFLOW_CTX_DAG_ID=my_dag
AIRFLOW_CTX_TASK_ID=say_hello
AIRFLOW_CTX_EXECUTION_DATE=2021-09-27T15:10:00+00:00
AIRFLOW_CTX_DAG_RUN_ID=scheduled__2021-09-27T15:10:00+00:00
[2021-09-27 15:20:02,987] {my_dag.py:9} INFO - Hello SAKSIAM.
[2021-09-27 15:20:02,988] {python.py:151} INFO - Done. Returned value was: None
[2021-09-27 15:20:03,004] {taskinstance.py:1219} INFO - Marking task as SUCCESS. dag_id=my_dag, task_id=say_hello, execution_date=20210927T151000, start_date=20210927T152002, end_date=20210927T152003
[2021-09-27 15:20:03,049] {local_task_job.py:151} INFO - Task exited with return code 0
[2021-09-27 15:20:03,144] {local_task_job.py:261} INFO - 0 downstream tasks scheduled from follow-on schedule check
